<?xml version="1.0" encoding="UTF-8" ?>
<testsuites name="vitest tests" tests="882" failures="0" errors="0" time="60.3917206">
    <testsuite name="src/__tests__/App.test.tsx" timestamp="2026-05-02T06:45:12.778Z" hostname="Andreu" tests="1" failures="0" errors="0" skipped="0" time="0.1189579">
        <testcase classname="src/__tests__/App.test.tsx" name="App &gt; should render without crashing" time="0.1149188">
            <system-out>
[ToastService] registering toast API and flushing queue 0

            </system-out>
            <system-err>
⚠️ React Router Future Flag Warning: React Router will begin wrapping state updates in `React.startTransition` in v7. You can use the `v7_startTransition` future flag to opt-in early. For more information, see https://reactrouter.com/v6/upgrading/future#v7_starttransition.
⚠️ React Router Future Flag Warning: Relative route resolution within Splat routes is changing in v7. You can use the `v7_relativeSplatPath` future flag to opt-in early. For more information, see https://reactrouter.com/v6/upgrading/future#v7_relativesplatpath.

            </system-err>
        </testcase>
    </testsuite>
    <testsuite name="src/__tests__/routes.test.tsx" timestamp="2026-05-02T06:45:12.783Z" hostname="Andreu" tests="1" failures="0" errors="0" skipped="0" time="0.0974385">
        <testcase classname="src/__tests__/routes.test.tsx" name="AppRoutes &gt; should render routes" time="0.0936749">
            <system-err>
⚠️ React Router Future Flag Warning: React Router will begin wrapping state updates in `React.startTransition` in v7. You can use the `v7_startTransition` future flag to opt-in early. For more information, see https://reactrouter.com/v6/upgrading/future#v7_starttransition.
⚠️ React Router Future Flag Warning: Relative route resolution within Splat routes is changing in v7. You can use the `v7_relativeSplatPath` future flag to opt-in early. For more information, see https://reactrouter.com/v6/upgrading/future#v7_relativesplatpath.

            </system-err>
        </testcase>
    </testsuite>
    <testsuite name="src/contexts/__tests__/auth.context.test.tsx" timestamp="2026-05-02T06:45:12.785Z" hostname="Andreu" tests="15" failures="0" errors="0" skipped="0" time="1.7552283">
        <testcase classname="src/contexts/__tests__/auth.context.test.tsx" name="AuthContext &gt; should provide auth context to children" time="0.0840959">
            <system-err>
⚠️ React Router Future Flag Warning: React Router will begin wrapping state updates in `React.startTransition` in v7. You can use the `v7_startTransition` future flag to opt-in early. For more information, see https://reactrouter.com/v6/upgrading/future#v7_starttransition.
⚠️ React Router Future Flag Warning: Relative route resolution within Splat routes is changing in v7. You can use the `v7_relativeSplatPath` future flag to opt-in early. For more information, see https://reactrouter.com/v6/upgrading/future#v7_relativesplatpath.

            </system-err>
        </testcase>
        <testcase classname="src/contexts/__tests__/auth.context.test.tsx" name="AuthContext &gt; should show unauthenticated initially when no tokens" time="0.0172078">
        </testcase>
        <testcase classname="src/contexts/__tests__/auth.context.test.tsx" name="AuthContext &gt; should login and set user on success" time="0.0941078">
        </testcase>
        <testcase classname="src/contexts/__tests__/auth.context.test.tsx" name="AuthContext &gt; should register and set user on success" time="0.0727089">
        </testcase>
        <testcase classname="src/contexts/__tests__/auth.context.test.tsx" name="AuthContext &gt; should keep user unauthenticated and propagate error when login fails" time="0.1179704">
        </testcase>
        <testcase classname="src/contexts/__tests__/auth.context.test.tsx" name="AuthContext &gt; should return true from checkPermission when allowed" time="0.120722">
        </testcase>
        <testcase classname="src/contexts/__tests__/auth.context.test.tsx" name="AuthContext &gt; should return false from checkPermission when denied" time="0.182537">
        </testcase>
        <testcase classname="src/contexts/__tests__/auth.context.test.tsx" name="AuthContext &gt; should refresh token on init when token is expired" time="0.042359">
        </testcase>
        <testcase classname="src/contexts/__tests__/auth.context.test.tsx" name="AuthContext &gt; should logout and clear user" time="0.1361414">
        </testcase>
        <testcase classname="src/contexts/__tests__/auth.context.test.tsx" name="AuthContext &gt; should throw error when useAuth is used outside provider" time="0.0102878">
        </testcase>
        <testcase classname="src/contexts/__tests__/auth.context.test.tsx" name="AuthContext &gt; should handle hasPermission correctly for admin and regular users" time="0.3864604">
        </testcase>
        <testcase classname="src/contexts/__tests__/auth.context.test.tsx" name="AuthContext &gt; should return false from checkApiPermission and log error on API failure" time="0.1497336">
        </testcase>
        <testcase classname="src/contexts/__tests__/auth.context.test.tsx" name="AuthContext &gt; should handle refreshUserData correctly" time="0.1955636">
        </testcase>
        <testcase classname="src/contexts/__tests__/auth.context.test.tsx" name="AuthContext &gt; should log error when initAuth fails during token refresh" time="0.07398">
        </testcase>
        <testcase classname="src/contexts/__tests__/auth.context.test.tsx" name="AuthContext &gt; should auto-refresh token before expiry" time="0.0641168">
        </testcase>
    </testsuite>
    <testsuite name="src/contexts/__tests__/theme.context.test.tsx" timestamp="2026-05-02T06:45:12.792Z" hostname="Andreu" tests="3" failures="0" errors="0" skipped="0" time="0.1294591">
        <testcase classname="src/contexts/__tests__/theme.context.test.tsx" name="ThemeContext &gt; should use default theme (system) if no storage" time="0.0680639">
        </testcase>
        <testcase classname="src/contexts/__tests__/theme.context.test.tsx" name="ThemeContext &gt; should use stored theme if available" time="0.0291317">
        </testcase>
        <testcase classname="src/contexts/__tests__/theme.context.test.tsx" name="ThemeContext &gt; should update theme and storage" time="0.0287613">
        </testcase>
    </testsuite>
    <testsuite name="src/contexts/__tests__/toast.context.test.tsx" timestamp="2026-05-02T06:45:12.794Z" hostname="Andreu" tests="9" failures="0" errors="0" skipped="0" time="1.0503674">
        <testcase classname="src/contexts/__tests__/toast.context.test.tsx" name="ToastContext &gt; should throw when useToast is used outside provider" time="0.09331">
        </testcase>
        <testcase classname="src/contexts/__tests__/toast.context.test.tsx" name="ToastContext &gt; should provide toast api when wrapped in provider" time="0.1536801">
        </testcase>
        <testcase classname="src/contexts/__tests__/toast.context.test.tsx" name="ToastContext &gt; should show error toast" time="0.0968834">
        </testcase>
        <testcase classname="src/contexts/__tests__/toast.context.test.tsx" name="ToastContext &gt; should clear toasts" time="0.1867326">
        </testcase>
        <testcase classname="src/contexts/__tests__/toast.context.test.tsx" name="ToastContext &gt; should return id from show" time="0.0968787">
        </testcase>
        <testcase classname="src/contexts/__tests__/toast.context.test.tsx" name="ToastContext &gt; should show info and warning toasts" time="0.2328666">
        </testcase>
        <testcase classname="src/contexts/__tests__/toast.context.test.tsx" name="ToastContext &gt; should intercept API client errors" time="0.0699687">
        </testcase>
        <testcase classname="src/contexts/__tests__/toast.context.test.tsx" name="ToastContext &gt; should handle API errors without status" time="0.071497">
        </testcase>
        <testcase classname="src/contexts/__tests__/toast.context.test.tsx" name="ToastContext &gt; should cleanup registerToastApi on unmount" time="0.0449092">
        </testcase>
    </testsuite>
    <testsuite name="src/contexts/__tests__/toast.service.test.ts" timestamp="2026-05-02T06:45:12.857Z" hostname="Andreu" tests="10" failures="0" errors="0" skipped="0" time="0.01758">
        <testcase classname="src/contexts/__tests__/toast.service.test.ts" name="toast.service &gt; registerToastApi &gt; should store api when registered" time="0.0042662">
            <system-out>
[ToastService] registering toast API and flushing queue 0

            </system-out>
        </testcase>
        <testcase classname="src/contexts/__tests__/toast.service.test.ts" name="toast.service &gt; registerToastApi &gt; should clear api when null is passed" time="0.0007206">
            <system-out>
[ToastService] registering toast API and flushing queue 0

            </system-out>
        </testcase>
        <testcase classname="src/contexts/__tests__/toast.service.test.ts" name="toast.service &gt; getToastApi &gt; should return null when no api registered" time="0.000487">
        </testcase>
        <testcase classname="src/contexts/__tests__/toast.service.test.ts" name="toast.service &gt; getToastApi &gt; should return registered api" time="0.0004218">
            <system-out>
[ToastService] registering toast API and flushing queue 0

            </system-out>
        </testcase>
        <testcase classname="src/contexts/__tests__/toast.service.test.ts" name="toast.service &gt; showToastError &gt; should call api.error when api is registered" time="0.0040516">
            <system-out>
[ToastService] registering toast API and flushing queue 0

            </system-out>
        </testcase>
        <testcase classname="src/contexts/__tests__/toast.service.test.ts" name="toast.service &gt; showToastError &gt; should work without description" time="0.0007518">
            <system-out>
[ToastService] registering toast API and flushing queue 0

            </system-out>
        </testcase>
        <testcase classname="src/contexts/__tests__/toast.service.test.ts" name="toast.service &gt; showToastSuccess &gt; should call api.success when api is registered" time="0.0006279">
            <system-out>
[ToastService] registering toast API and flushing queue 0

            </system-out>
        </testcase>
        <testcase classname="src/contexts/__tests__/toast.service.test.ts" name="toast.service &gt; showToastWarning &gt; should call api.warning when api is registered" time="0.0007027">
            <system-out>
[ToastService] registering toast API and flushing queue 0

            </system-out>
        </testcase>
        <testcase classname="src/contexts/__tests__/toast.service.test.ts" name="toast.service &gt; showToastInfo &gt; should call api.info when api is registered" time="0.0006615">
            <system-out>
[ToastService] registering toast API and flushing queue 0

            </system-out>
        </testcase>
        <testcase classname="src/contexts/__tests__/toast.service.test.ts" name="toast.service &gt; queue when api not ready &gt; should flush queue when api is registered later" time="0.0012323">
            <system-out>
[ToastService] registering toast API and flushing queue 2

            </system-out>
        </testcase>
    </testsuite>
    <testsuite name="src/lib/__tests__/error-handling.test.ts" timestamp="2026-05-02T06:45:12.997Z" hostname="Andreu" tests="20" failures="0" errors="0" skipped="0" time="0.0158817">
        <testcase classname="src/lib/__tests__/error-handling.test.ts" name="Error Handling Utilities &gt; handleApiError &gt; should return ApiClientError instance as-is" time="0.0024765">
        </testcase>
        <testcase classname="src/lib/__tests__/error-handling.test.ts" name="Error Handling Utilities &gt; handleApiError &gt; should convert Error instance to ApiClientError" time="0.0005975">
        </testcase>
        <testcase classname="src/lib/__tests__/error-handling.test.ts" name="Error Handling Utilities &gt; handleApiError &gt; should handle unknown error types with default message" time="0.0003708">
        </testcase>
        <testcase classname="src/lib/__tests__/error-handling.test.ts" name="Error Handling Utilities &gt; handleApiError &gt; should handle null error" time="0.0002832">
        </testcase>
        <testcase classname="src/lib/__tests__/error-handling.test.ts" name="Error Handling Utilities &gt; handleApiError &gt; should handle undefined error" time="0.0005009">
        </testcase>
        <testcase classname="src/lib/__tests__/error-handling.test.ts" name="Error Handling Utilities &gt; handleApiError &gt; should handle string error" time="0.0003357">
        </testcase>
        <testcase classname="src/lib/__tests__/error-handling.test.ts" name="Error Handling Utilities &gt; handleApiError &gt; should preserve statusCode and other properties from ApiClientError" time="0.0014463">
        </testcase>
        <testcase classname="src/lib/__tests__/error-handling.test.ts" name="Error Handling Utilities &gt; isForbiddenError &gt; should return true for 403 status code" time="0.0003483">
        </testcase>
        <testcase classname="src/lib/__tests__/error-handling.test.ts" name="Error Handling Utilities &gt; isForbiddenError &gt; should return false for other status codes" time="0.0003671">
        </testcase>
        <testcase classname="src/lib/__tests__/error-handling.test.ts" name="Error Handling Utilities &gt; isForbiddenError &gt; should return false when statusCode is undefined" time="0.0014531">
        </testcase>
        <testcase classname="src/lib/__tests__/error-handling.test.ts" name="Error Handling Utilities &gt; getForbiddenMessage &gt; should generate message for singular resource" time="0.0003891">
        </testcase>
        <testcase classname="src/lib/__tests__/error-handling.test.ts" name="Error Handling Utilities &gt; getForbiddenMessage &gt; should generate message for plural resource" time="0.0002174">
        </testcase>
        <testcase classname="src/lib/__tests__/error-handling.test.ts" name="Error Handling Utilities &gt; getForbiddenMessage &gt; should generate message for resource with spaces" time="0.0002575">
        </testcase>
        <testcase classname="src/lib/__tests__/error-handling.test.ts" name="Error Handling Utilities &gt; getForbiddenMessage &gt; should generate message for empty string resource" time="0.0001838">
        </testcase>
        <testcase classname="src/lib/__tests__/error-handling.test.ts" name="Error Handling Utilities &gt; getErrorMessage &gt; should return error message for non-403 errors" time="0.0008515">
        </testcase>
        <testcase classname="src/lib/__tests__/error-handling.test.ts" name="Error Handling Utilities &gt; getErrorMessage &gt; should return default message when error message is empty for non-403 errors" time="0.0005112">
        </testcase>
        <testcase classname="src/lib/__tests__/error-handling.test.ts" name="Error Handling Utilities &gt; getErrorMessage &gt; should return error message for 403 errors when message exists" time="0.0002762">
        </testcase>
        <testcase classname="src/lib/__tests__/error-handling.test.ts" name="Error Handling Utilities &gt; getErrorMessage &gt; should return default message for 403 errors when error message is empty" time="0.0002327">
        </testcase>
        <testcase classname="src/lib/__tests__/error-handling.test.ts" name="Error Handling Utilities &gt; getErrorMessage &gt; should return default message for 403 errors when error message is undefined" time="0.0002841">
        </testcase>
        <testcase classname="src/lib/__tests__/error-handling.test.ts" name="Error Handling Utilities &gt; getErrorMessage &gt; should handle errors without statusCode" time="0.0002414">
        </testcase>
    </testsuite>
    <testsuite name="src/lib/__tests__/export.utils.test.ts" timestamp="2026-05-02T06:45:13.074Z" hostname="Andreu" tests="2" failures="0" errors="0" skipped="0" time="0.0129487">
        <testcase classname="src/lib/__tests__/export.utils.test.ts" name="export.utils &gt; downloadBlob &gt; should create a download link and trigger download" time="0.0075541">
        </testcase>
        <testcase classname="src/lib/__tests__/export.utils.test.ts" name="export.utils &gt; downloadBlob &gt; should handle different file types" time="0.0008106">
        </testcase>
    </testsuite>
    <testsuite name="src/lib/__tests__/utils.test.ts" timestamp="2026-05-02T06:45:13.082Z" hostname="Andreu" tests="16" failures="0" errors="0" skipped="0" time="0.0657969">
        <testcase classname="src/lib/__tests__/utils.test.ts" name="Utility Functions &gt; cn &gt; should merge class names" time="0.0127502">
        </testcase>
        <testcase classname="src/lib/__tests__/utils.test.ts" name="Utility Functions &gt; cn &gt; should handle conditional classes" time="0.0003358">
        </testcase>
        <testcase classname="src/lib/__tests__/utils.test.ts" name="Utility Functions &gt; cn &gt; should handle undefined and null" time="0.000229">
        </testcase>
        <testcase classname="src/lib/__tests__/utils.test.ts" name="Utility Functions &gt; cn &gt; should handle empty strings" time="0.0003715">
        </testcase>
        <testcase classname="src/lib/__tests__/utils.test.ts" name="Utility Functions &gt; formatDate &gt; should format ISO date string" time="0.0287822">
        </testcase>
        <testcase classname="src/lib/__tests__/utils.test.ts" name="Utility Functions &gt; formatDate &gt; should return empty string for undefined" time="0.0002637">
        </testcase>
        <testcase classname="src/lib/__tests__/utils.test.ts" name="Utility Functions &gt; formatDate &gt; should handle Date object" time="0.0005122">
        </testcase>
        <testcase classname="src/lib/__tests__/utils.test.ts" name="Utility Functions &gt; formatDateTime &gt; should format ISO date string with time" time="0.0006996">
        </testcase>
        <testcase classname="src/lib/__tests__/utils.test.ts" name="Utility Functions &gt; formatDateTime &gt; should handle different date formats" time="0.0004522">
        </testcase>
        <testcase classname="src/lib/__tests__/utils.test.ts" name="Utility Functions &gt; formatDateTime &gt; should return empty string for undefined" time="0.0003551">
        </testcase>
        <testcase classname="src/lib/__tests__/utils.test.ts" name="Utility Functions &gt; formatDateTime &gt; should handle Date object" time="0.0005075">
        </testcase>
        <testcase classname="src/lib/__tests__/utils.test.ts" name="Utility Functions &gt; formatCurrency &gt; should return empty string for zero" time="0.0002971">
        </testcase>
        <testcase classname="src/lib/__tests__/utils.test.ts" name="Utility Functions &gt; formatCurrency &gt; should format whole numbers without decimals" time="0.0002532">
        </testcase>
        <testcase classname="src/lib/__tests__/utils.test.ts" name="Utility Functions &gt; formatCurrency &gt; should format amounts with one decimal place when trailing zero" time="0.0002543">
        </testcase>
        <testcase classname="src/lib/__tests__/utils.test.ts" name="Utility Functions &gt; formatCurrency &gt; should format amounts with two decimal places" time="0.0151585">
        </testcase>
        <testcase classname="src/lib/__tests__/utils.test.ts" name="Utility Functions &gt; formatCurrency &gt; should handle decimal.endsWith(&apos;0&apos;) branch" time="0.0003534">
        </testcase>
    </testsuite>
    <testsuite name="src/hooks/__tests__/use-data-table.test.ts" timestamp="2026-05-02T06:45:13.123Z" hostname="Andreu" tests="6" failures="0" errors="0" skipped="0" time="0.6041234">
        <testcase classname="src/hooks/__tests__/use-data-table.test.ts" name="useDataTable &gt; should fetch data on mount" time="0.1117762">
        </testcase>
        <testcase classname="src/hooks/__tests__/use-data-table.test.ts" name="useDataTable &gt; should handle search" time="0.0891119">
        </testcase>
        <testcase classname="src/hooks/__tests__/use-data-table.test.ts" name="useDataTable &gt; should handle sort" time="0.079193">
        </testcase>
        <testcase classname="src/hooks/__tests__/use-data-table.test.ts" name="useDataTable &gt; should handle page change" time="0.1207641">
        </testcase>
        <testcase classname="src/hooks/__tests__/use-data-table.test.ts" name="useDataTable &gt; should handle error" time="0.080511">
        </testcase>
        <testcase classname="src/hooks/__tests__/use-data-table.test.ts" name="useDataTable &gt; should handle forbidden error" time="0.1182767">
        </testcase>
    </testsuite>
    <testsuite name="src/hooks/__tests__/use-export.test.ts" timestamp="2026-05-02T06:45:13.143Z" hostname="Andreu" tests="2" failures="0" errors="0" skipped="0" time="0.0365179">
        <testcase classname="src/hooks/__tests__/use-export.test.ts" name="useExport &gt; should handle successful export" time="0.0300981">
        </testcase>
        <testcase classname="src/hooks/__tests__/use-export.test.ts" name="useExport &gt; should handle export failure" time="0.0029495">
        </testcase>
    </testsuite>
    <testsuite name="src/hooks/__tests__/use-list-actions.test.ts" timestamp="2026-05-02T06:45:13.149Z" hostname="Andreu" tests="4" failures="0" errors="0" skipped="0" time="0.0369472">
        <testcase classname="src/hooks/__tests__/use-list-actions.test.ts" name="useListActions &gt; should initialize with default states" time="0.0231395">
        </testcase>
        <testcase classname="src/hooks/__tests__/use-list-actions.test.ts" name="useListActions &gt; should handle create success" time="0.0045684">
        </testcase>
        <testcase classname="src/hooks/__tests__/use-list-actions.test.ts" name="useListActions &gt; should handle update success" time="0.0032573">
        </testcase>
        <testcase classname="src/hooks/__tests__/use-list-actions.test.ts" name="useListActions &gt; should handle delete success" time="0.0019327">
        </testcase>
    </testsuite>
    <testsuite name="src/hooks/__tests__/use-permissions.test.ts" timestamp="2026-05-02T06:45:13.158Z" hostname="Andreu" tests="9" failures="0" errors="0" skipped="0" time="0.0388374">
        <testcase classname="src/hooks/__tests__/use-permissions.test.ts" name="Permissions Hooks &gt; usePermission &gt; should return false when no user is logged in" time="0.022481">
        </testcase>
        <testcase classname="src/hooks/__tests__/use-permissions.test.ts" name="Permissions Hooks &gt; usePermission &gt; should return true for admin users" time="0.0016093">
        </testcase>
        <testcase classname="src/hooks/__tests__/use-permissions.test.ts" name="Permissions Hooks &gt; usePermission &gt; should return true when user has permission" time="0.0016112">
        </testcase>
        <testcase classname="src/hooks/__tests__/use-permissions.test.ts" name="Permissions Hooks &gt; useModulePermissions &gt; should return all false when no user is logged in" time="0.0017794">
        </testcase>
        <testcase classname="src/hooks/__tests__/use-permissions.test.ts" name="Permissions Hooks &gt; useModulePermissions &gt; should return all true for admin users" time="0.001957">
        </testcase>
        <testcase classname="src/hooks/__tests__/use-permissions.test.ts" name="Permissions Hooks &gt; useModulePermissions &gt; should check specific permissions for non-admin users" time="0.0014287">
        </testcase>
        <testcase classname="src/hooks/__tests__/use-permissions.test.ts" name="Permissions Hooks &gt; usePermissions &gt; should return true if user has all listed permissions" time="0.0014118">
        </testcase>
        <testcase classname="src/hooks/__tests__/use-permissions.test.ts" name="Permissions Hooks &gt; usePermissions &gt; should return false if user is missing any permission" time="0.0012202">
        </testcase>
        <testcase classname="src/hooks/__tests__/use-permissions.test.ts" name="Permissions Hooks &gt; usePermissions &gt; should return true for admin user regardless of specific permissions" time="0.0015377">
        </testcase>
    </testsuite>
    <testsuite name="src/hooks/__tests__/use-stock-operation-form.test.tsx" timestamp="2026-05-02T06:45:13.212Z" hostname="Andreu" tests="4" failures="0" errors="0" skipped="0" time="0.4295103">
        <testcase classname="src/hooks/__tests__/use-stock-operation-form.test.tsx" name="useStockOperationForm &gt; should return initial state" time="0.0399535">
        </testcase>
        <testcase classname="src/hooks/__tests__/use-stock-operation-form.test.tsx" name="useStockOperationForm &gt; should call onSubmit on submit and show success" time="0.1271013">
        </testcase>
        <testcase classname="src/hooks/__tests__/use-stock-operation-form.test.tsx" name="useStockOperationForm &gt; should show error on submit failure" time="0.0624029">
        </testcase>
        <testcase classname="src/hooks/__tests__/use-stock-operation-form.test.tsx" name="useStockOperationForm &gt; should reset error and success when resetForm called" time="0.196556">
        </testcase>
    </testsuite>
    <testsuite name="src/test/integration/api-services.test.ts" timestamp="2026-05-02T06:45:13.239Z" hostname="Andreu" tests="4" failures="0" errors="0" skipped="0" time="0.0119304">
        <testcase classname="src/test/integration/api-services.test.ts" name="API Services Integration &gt; UsersService &gt; should fetch users with pagination" time="0.0065792">
        </testcase>
        <testcase classname="src/test/integration/api-services.test.ts" name="API Services Integration &gt; UsersService &gt; should create a new user" time="0.0008048">
        </testcase>
        <testcase classname="src/test/integration/api-services.test.ts" name="API Services Integration &gt; RolesService &gt; should fetch roles" time="0.0006656">
        </testcase>
        <testcase classname="src/test/integration/api-services.test.ts" name="API Services Integration &gt; PermissionsService &gt; should fetch permissions" time="0.0004642">
        </testcase>
    </testsuite>
    <testsuite name="src/test/integration/backend-sync-validation.test.ts" timestamp="2026-05-02T06:45:13.269Z" hostname="Andreu" tests="22" failures="0" errors="0" skipped="0" time="0.4788051">
        <testcase classname="src/test/integration/backend-sync-validation.test.ts" name="Backend Synchronization Validation &gt; Type Definitions &gt; should have correct User interface with all backend fields" time="0.0024393">
        </testcase>
        <testcase classname="src/test/integration/backend-sync-validation.test.ts" name="Backend Synchronization Validation &gt; Type Definitions &gt; should have correct PaginatedResponse interface matching backend" time="0.0003926">
        </testcase>
        <testcase classname="src/test/integration/backend-sync-validation.test.ts" name="Backend Synchronization Validation &gt; Type Definitions &gt; should have QuerySpec interface for search/filter/sort" time="0.0022886">
        </testcase>
        <testcase classname="src/test/integration/backend-sync-validation.test.ts" name="Backend Synchronization Validation &gt; Type Definitions &gt; should have Inventory DTOs defined" time="0.0002901">
        </testcase>
        <testcase classname="src/test/integration/backend-sync-validation.test.ts" name="Backend Synchronization Validation &gt; Type Definitions &gt; should have Orders DTOs defined" time="0.0001881">
        </testcase>
        <testcase classname="src/test/integration/backend-sync-validation.test.ts" name="Backend Synchronization Validation &gt; Validation Schemas &gt; should validate LoginDto with correct rules" time="0.0034351">
        </testcase>
        <testcase classname="src/test/integration/backend-sync-validation.test.ts" name="Backend Synchronization Validation &gt; Validation Schemas &gt; should validate RegisterDto with password confirmation" time="0.0019257">
        </testcase>
        <testcase classname="src/test/integration/backend-sync-validation.test.ts" name="Backend Synchronization Validation &gt; Validation Schemas &gt; should validate CreateUserDto with minimum length requirements" time="0.0012991">
        </testcase>
        <testcase classname="src/test/integration/backend-sync-validation.test.ts" name="Backend Synchronization Validation &gt; Validation Schemas &gt; should validate UpdateUserDto with all optional fields" time="0.002822">
        </testcase>
        <testcase classname="src/test/integration/backend-sync-validation.test.ts" name="Backend Synchronization Validation &gt; Validation Schemas &gt; should validate CreateRoleDto" time="0.0025342">
        </testcase>
        <testcase classname="src/test/integration/backend-sync-validation.test.ts" name="Backend Synchronization Validation &gt; Validation Schemas &gt; should validate CreatePermissionDto" time="0.0013342">
        </testcase>
        <testcase classname="src/test/integration/backend-sync-validation.test.ts" name="Backend Synchronization Validation &gt; Service Endpoint Mapping &gt; should have all auth service methods" time="0.4267039">
            <system-out>
[API Client] Base URL configured: http://localhost:5000
[API Client] VITE_API_BASE_URL from env: http://localhost:5000/api

[API Client] Using Axios

            </system-out>
            <system-err>
[API Client] Removed /api suffix from VITE_API_BASE_URL. The base URL should not include /api as endpoints already have full gateway paths.

            </system-err>
        </testcase>
        <testcase classname="src/test/integration/backend-sync-validation.test.ts" name="Backend Synchronization Validation &gt; Service Endpoint Mapping &gt; should have all users service methods" time="0.0062296">
        </testcase>
        <testcase classname="src/test/integration/backend-sync-validation.test.ts" name="Backend Synchronization Validation &gt; Service Endpoint Mapping &gt; should have all roles service methods" time="0.0027585">
        </testcase>
        <testcase classname="src/test/integration/backend-sync-validation.test.ts" name="Backend Synchronization Validation &gt; Service Endpoint Mapping &gt; should have all permissions service methods" time="0.003183">
        </testcase>
        <testcase classname="src/test/integration/backend-sync-validation.test.ts" name="Backend Synchronization Validation &gt; Service Endpoint Mapping &gt; should have products service methods" time="0.0022098">
        </testcase>
        <testcase classname="src/test/integration/backend-sync-validation.test.ts" name="Backend Synchronization Validation &gt; Service Endpoint Mapping &gt; should have warehouses service methods" time="0.0020183">
        </testcase>
        <testcase classname="src/test/integration/backend-sync-validation.test.ts" name="Backend Synchronization Validation &gt; Service Endpoint Mapping &gt; should have orders service methods" time="0.0019876">
        </testcase>
        <testcase classname="src/test/integration/backend-sync-validation.test.ts" name="Backend Synchronization Validation &gt; Service Endpoint Mapping &gt; should have sales orders service methods" time="0.002061">
        </testcase>
        <testcase classname="src/test/integration/backend-sync-validation.test.ts" name="Backend Synchronization Validation &gt; Service Endpoint Mapping &gt; should have purchase orders service methods" time="0.0022873">
        </testcase>
        <testcase classname="src/test/integration/backend-sync-validation.test.ts" name="Backend Synchronization Validation &gt; Service Endpoint Mapping &gt; should have suppliers service methods" time="0.0045261">
        </testcase>
        <testcase classname="src/test/integration/backend-sync-validation.test.ts" name="Backend Synchronization Validation &gt; DateTime Handling &gt; should use ISO-8601 string format for DateTime fields" time="0.0019342">
        </testcase>
    </testsuite>
    <testsuite name="src/api/clients/__tests__/axios-client.test.ts" timestamp="2026-05-02T06:45:13.393Z" hostname="Andreu" tests="19" failures="0" errors="0" skipped="0" time="0.0288953">
        <testcase classname="src/api/clients/__tests__/axios-client.test.ts" name="AxiosApiClient &gt; HTTP Methods &gt; should make GET request" time="0.0063771">
        </testcase>
        <testcase classname="src/api/clients/__tests__/axios-client.test.ts" name="AxiosApiClient &gt; HTTP Methods &gt; should make GET request with config" time="0.0019755">
        </testcase>
        <testcase classname="src/api/clients/__tests__/axios-client.test.ts" name="AxiosApiClient &gt; HTTP Methods &gt; should make POST request" time="0.0011044">
        </testcase>
        <testcase classname="src/api/clients/__tests__/axios-client.test.ts" name="AxiosApiClient &gt; HTTP Methods &gt; should make PUT request" time="0.0008342">
        </testcase>
        <testcase classname="src/api/clients/__tests__/axios-client.test.ts" name="AxiosApiClient &gt; HTTP Methods &gt; should make PATCH request" time="0.0008828">
        </testcase>
        <testcase classname="src/api/clients/__tests__/axios-client.test.ts" name="AxiosApiClient &gt; HTTP Methods &gt; should make DELETE request" time="0.0009906">
        </testcase>
        <testcase classname="src/api/clients/__tests__/axios-client.test.ts" name="AxiosApiClient &gt; Authentication &gt; should set auth token" time="0.0007674">
        </testcase>
        <testcase classname="src/api/clients/__tests__/axios-client.test.ts" name="AxiosApiClient &gt; Authentication &gt; should clear auth token" time="0.0006103">
        </testcase>
        <testcase classname="src/api/clients/__tests__/axios-client.test.ts" name="AxiosApiClient &gt; Authentication &gt; should add Authorization header when token is set" time="0.001196">
        </testcase>
        <testcase classname="src/api/clients/__tests__/axios-client.test.ts" name="AxiosApiClient &gt; Error Handling &gt; should handle network errors (no response)" time="0.0015113">
        </testcase>
        <testcase classname="src/api/clients/__tests__/axios-client.test.ts" name="AxiosApiClient &gt; Error Handling &gt; should handle request setup errors" time="0.0009781">
        </testcase>
        <testcase classname="src/api/clients/__tests__/axios-client.test.ts" name="AxiosApiClient &gt; Error Handling &gt; should handle 4xx/5xx with response and ProblemDetails" time="0.0013772">
        </testcase>
        <testcase classname="src/api/clients/__tests__/axios-client.test.ts" name="AxiosApiClient &gt; Error Handling &gt; should handle 403 without showing toast (component handles)" time="0.0007155">
        </testcase>
        <testcase classname="src/api/clients/__tests__/axios-client.test.ts" name="AxiosApiClient &gt; Error Handling &gt; should handle 500 with simple message" time="0.0006946">
        </testcase>
        <testcase classname="src/api/clients/__tests__/axios-client.test.ts" name="AxiosApiClient &gt; Error Handling &gt; should use error.message when response has no message" time="0.00058">
        </testcase>
        <testcase classname="src/api/clients/__tests__/axios-client.test.ts" name="AxiosApiClient &gt; Interceptors &gt; should call onRequest when provided" time="0.0006932">
        </testcase>
        <testcase classname="src/api/clients/__tests__/axios-client.test.ts" name="AxiosApiClient &gt; Interceptors &gt; should call onResponse when provided" time="0.0005958">
        </testcase>
        <testcase classname="src/api/clients/__tests__/axios-client.test.ts" name="AxiosApiClient &gt; Interceptors &gt; should call onError when provided and request fails" time="0.0007016">
        </testcase>
        <testcase classname="src/api/clients/__tests__/axios-client.test.ts" name="AxiosApiClient &gt; Constructor &gt; should pass timeout and headers from config" time="0.0024977">
        </testcase>
    </testsuite>
    <testsuite name="src/api/clients/__tests__/dapr-client.test.ts" timestamp="2026-05-02T06:45:13.457Z" hostname="Andreu" tests="5" failures="0" errors="0" skipped="0" time="0.0198524">
        <testcase classname="src/api/clients/__tests__/dapr-client.test.ts" name="DaprHttpClient &gt; HTTP Methods &gt; should make GET request through Dapr" time="0.00811">
        </testcase>
        <testcase classname="src/api/clients/__tests__/dapr-client.test.ts" name="DaprHttpClient &gt; HTTP Methods &gt; should make POST request through Dapr" time="0.0009291">
        </testcase>
        <testcase classname="src/api/clients/__tests__/dapr-client.test.ts" name="DaprHttpClient &gt; Authentication &gt; should include auth token in headers" time="0.002457">
        </testcase>
        <testcase classname="src/api/clients/__tests__/dapr-client.test.ts" name="DaprHttpClient &gt; Error Handling &gt; should handle HTTP errors" time="0.0032722">
        </testcase>
        <testcase classname="src/api/clients/__tests__/dapr-client.test.ts" name="DaprHttpClient &gt; Error Handling &gt; should handle network errors" time="0.0007839">
        </testcase>
    </testsuite>
    <testsuite name="src/components/auth/__tests__/can.test.tsx" timestamp="2026-05-02T06:45:13.474Z" hostname="Andreu" tests="3" failures="0" errors="0" skipped="0" time="0.0410404">
        <testcase classname="src/components/auth/__tests__/can.test.tsx" name="Can Component &gt; should render children when user has permission" time="0.0304425">
        </testcase>
        <testcase classname="src/components/auth/__tests__/can.test.tsx" name="Can Component &gt; should not render children when user lacks permission" time="0.0030117">
        </testcase>
        <testcase classname="src/components/auth/__tests__/can.test.tsx" name="Can Component &gt; should call usePermission with correct parameters" time="0.0038528">
        </testcase>
    </testsuite>
    <testsuite name="src/components/auth/__tests__/permission-route.test.tsx" timestamp="2026-05-02T06:45:13.485Z" hostname="Andreu" tests="3" failures="0" errors="0" skipped="0" time="0.1036483">
        <testcase classname="src/components/auth/__tests__/permission-route.test.tsx" name="PermissionRoute Component &gt; should render children when user has permission" time="0.0814315">
            <system-err>
⚠️ React Router Future Flag Warning: React Router will begin wrapping state updates in `React.startTransition` in v7. You can use the `v7_startTransition` future flag to opt-in early. For more information, see https://reactrouter.com/v6/upgrading/future#v7_starttransition.
⚠️ React Router Future Flag Warning: Relative route resolution within Splat routes is changing in v7. You can use the `v7_relativeSplatPath` future flag to opt-in early. For more information, see https://reactrouter.com/v6/upgrading/future#v7_relativesplatpath.

            </system-err>
        </testcase>
        <testcase classname="src/components/auth/__tests__/permission-route.test.tsx" name="PermissionRoute Component &gt; should show Access Denied when user lacks permission" time="0.0140752">
        </testcase>
        <testcase classname="src/components/auth/__tests__/permission-route.test.tsx" name="PermissionRoute Component &gt; should show loading state while checking permission" time="0.0036059">
        </testcase>
    </testsuite>
    <testsuite name="src/components/auth/__tests__/protected-route.test.tsx" timestamp="2026-05-02T06:45:13.500Z" hostname="Andreu" tests="5" failures="0" errors="0" skipped="0" time="0.1613796">
        <testcase classname="src/components/auth/__tests__/protected-route.test.tsx" name="ProtectedRoute &gt; should show loading when isLoading is true" time="0.0538112">
            <system-err>
⚠️ React Router Future Flag Warning: React Router will begin wrapping state updates in `React.startTransition` in v7. You can use the `v7_startTransition` future flag to opt-in early. For more information, see https://reactrouter.com/v6/upgrading/future#v7_starttransition.
⚠️ React Router Future Flag Warning: Relative route resolution within Splat routes is changing in v7. You can use the `v7_relativeSplatPath` future flag to opt-in early. For more information, see https://reactrouter.com/v6/upgrading/future#v7_relativesplatpath.

            </system-err>
        </testcase>
        <testcase classname="src/components/auth/__tests__/protected-route.test.tsx" name="ProtectedRoute &gt; should redirect to login when not authenticated" time="0.0094192">
        </testcase>
        <testcase classname="src/components/auth/__tests__/protected-route.test.tsx" name="ProtectedRoute &gt; should render children when authenticated without permission check" time="0.0065702">
        </testcase>
        <testcase classname="src/components/auth/__tests__/protected-route.test.tsx" name="ProtectedRoute &gt; should show Access Denied when permission check fails" time="0.0461275">
        </testcase>
        <testcase classname="src/components/auth/__tests__/protected-route.test.tsx" name="ProtectedRoute &gt; should render children when permission check passes" time="0.0415851">
        </testcase>
    </testsuite>
    <testsuite name="src/api/services/__tests__/auth.service.test.ts" timestamp="2026-05-02T06:45:13.519Z" hostname="Andreu" tests="6" failures="0" errors="0" skipped="0" time="0.0115376">
        <testcase classname="src/api/services/__tests__/auth.service.test.ts" name="AuthService &gt; login &gt; should login with credentials" time="0.0056251">
        </testcase>
        <testcase classname="src/api/services/__tests__/auth.service.test.ts" name="AuthService &gt; register &gt; should register a new user" time="0.0006187">
        </testcase>
        <testcase classname="src/api/services/__tests__/auth.service.test.ts" name="AuthService &gt; refreshToken &gt; should refresh access token" time="0.0007201">
        </testcase>
        <testcase classname="src/api/services/__tests__/auth.service.test.ts" name="AuthService &gt; logout &gt; should logout user" time="0.0003214">
        </testcase>
        <testcase classname="src/api/services/__tests__/auth.service.test.ts" name="AuthService &gt; getCurrentUser &gt; should get current user" time="0.0003839">
        </testcase>
        <testcase classname="src/api/services/__tests__/auth.service.test.ts" name="AuthService &gt; checkPermission &gt; should check permission" time="0.000502">
        </testcase>
    </testsuite>
    <testsuite name="src/api/services/__tests__/crm-accounts.service.test.ts" timestamp="2026-05-02T06:45:13.540Z" hostname="Andreu" tests="2" failures="0" errors="0" skipped="0" time="0.0112808">
        <testcase classname="src/api/services/__tests__/crm-accounts.service.test.ts" name="CrmAccountsService &gt; searchAccounts should call GET accounts with query params" time="0.0064688">
        </testcase>
        <testcase classname="src/api/services/__tests__/crm-accounts.service.test.ts" name="CrmAccountsService &gt; updateAccountOwner should PUT to the owner endpoint" time="0.0016798">
        </testcase>
    </testsuite>
    <testsuite name="src/api/services/__tests__/crm-activities.service.test.ts" timestamp="2026-05-02T06:45:13.544Z" hostname="Andreu" tests="3" failures="0" errors="0" skipped="0" time="0.0119538">
        <testcase classname="src/api/services/__tests__/crm-activities.service.test.ts" name="CrmActivitiesService &gt; searchActivities should call GET activities with query params" time="0.0060014">
        </testcase>
        <testcase classname="src/api/services/__tests__/crm-activities.service.test.ts" name="CrmActivitiesService &gt; createActivity should POST to the activities base endpoint" time="0.0007501">
        </testcase>
        <testcase classname="src/api/services/__tests__/crm-activities.service.test.ts" name="CrmActivitiesService &gt; completeActivity should POST to the complete endpoint" time="0.0005332">
        </testcase>
    </testsuite>
    <testsuite name="src/api/services/__tests__/crm-contacts.service.test.ts" timestamp="2026-05-02T06:45:13.552Z" hostname="Andreu" tests="3" failures="0" errors="0" skipped="0" time="0.011683">
        <testcase classname="src/api/services/__tests__/crm-contacts.service.test.ts" name="CrmContactsService &gt; getContactsByAccount should GET the account-scoped contacts endpoint" time="0.0048563">
        </testcase>
        <testcase classname="src/api/services/__tests__/crm-contacts.service.test.ts" name="CrmContactsService &gt; createContact should POST to the contacts base endpoint" time="0.0014909">
        </testcase>
        <testcase classname="src/api/services/__tests__/crm-contacts.service.test.ts" name="CrmContactsService &gt; deactivateContact should DELETE the contact by id endpoint" time="0.000423">
        </testcase>
    </testsuite>
    <testsuite name="src/api/services/__tests__/crm-opportunities.service.test.ts" timestamp="2026-05-02T06:45:13.558Z" hostname="Andreu" tests="7" failures="0" errors="0" skipped="0" time="0.0139852">
        <testcase classname="src/api/services/__tests__/crm-opportunities.service.test.ts" name="CrmOpportunitiesService &gt; searchOpportunities should call GET opportunities with query params" time="0.0075916">
        </testcase>
        <testcase classname="src/api/services/__tests__/crm-opportunities.service.test.ts" name="CrmOpportunitiesService &gt; updateOpportunityForecast should PUT to the forecast endpoint" time="0.0009722">
        </testcase>
        <testcase classname="src/api/services/__tests__/crm-opportunities.service.test.ts" name="CrmOpportunitiesService &gt; moveOpportunityStage should POST to the move-stage endpoint" time="0.000534">
        </testcase>
        <testcase classname="src/api/services/__tests__/crm-opportunities.service.test.ts" name="CrmOpportunitiesService &gt; markOpportunityLost should POST to the mark-lost endpoint" time="0.000453">
        </testcase>
        <testcase classname="src/api/services/__tests__/crm-opportunities.service.test.ts" name="CrmOpportunitiesService &gt; addOpportunityLine should POST to the lines endpoint" time="0.0005207">
        </testcase>
        <testcase classname="src/api/services/__tests__/crm-opportunities.service.test.ts" name="CrmOpportunitiesService &gt; markOpportunityWon should POST with request payload" time="0.0004416">
        </testcase>
        <testcase classname="src/api/services/__tests__/crm-opportunities.service.test.ts" name="CrmOpportunitiesService &gt; createOpportunity should POST to the opportunities base endpoint" time="0.0004023">
        </testcase>
    </testsuite>
    <testsuite name="src/api/services/__tests__/customers.service.test.ts" timestamp="2026-05-02T06:45:13.570Z" hostname="Andreu" tests="8" failures="0" errors="0" skipped="0" time="0.0167564">
        <testcase classname="src/api/services/__tests__/customers.service.test.ts" name="CustomersService &gt; getCustomers &gt; should fetch all customers" time="0.0052613">
        </testcase>
        <testcase classname="src/api/services/__tests__/customers.service.test.ts" name="CustomersService &gt; searchCustomers &gt; should search customers with query spec" time="0.0017006">
        </testcase>
        <testcase classname="src/api/services/__tests__/customers.service.test.ts" name="CustomersService &gt; createCustomer &gt; should create a new customer" time="0.0005537">
        </testcase>
        <testcase classname="src/api/services/__tests__/customers.service.test.ts" name="CustomersService &gt; getCustomerById &gt; should fetch customer by ID" time="0.0005128">
        </testcase>
        <testcase classname="src/api/services/__tests__/customers.service.test.ts" name="CustomersService &gt; updateCustomer &gt; should update an existing customer" time="0.0006128">
        </testcase>
        <testcase classname="src/api/services/__tests__/customers.service.test.ts" name="CustomersService &gt; deleteCustomer &gt; should delete a customer" time="0.0004025">
        </testcase>
        <testcase classname="src/api/services/__tests__/customers.service.test.ts" name="CustomersService &gt; exportToXlsx &gt; should export customers to xlsx" time="0.0029661">
        </testcase>
        <testcase classname="src/api/services/__tests__/customers.service.test.ts" name="CustomersService &gt; exportToPdf &gt; should export customers to pdf" time="0.0007372">
        </testcase>
    </testsuite>
    <testsuite name="src/api/services/__tests__/inventory-transactions.service.test.ts" timestamp="2026-05-02T06:45:13.590Z" hostname="Andreu" tests="11" failures="0" errors="0" skipped="0" time="0.0149089">
        <testcase classname="src/api/services/__tests__/inventory-transactions.service.test.ts" name="InventoryTransactionsService &gt; getTransactions &gt; should fetch all transactions" time="0.0051901">
        </testcase>
        <testcase classname="src/api/services/__tests__/inventory-transactions.service.test.ts" name="InventoryTransactionsService &gt; getTransactionsPaginated &gt; should fetch paginated transactions" time="0.0016592">
        </testcase>
        <testcase classname="src/api/services/__tests__/inventory-transactions.service.test.ts" name="InventoryTransactionsService &gt; getTransactionsPaginated &gt; should use default pagination parameters" time="0.0006185">
        </testcase>
        <testcase classname="src/api/services/__tests__/inventory-transactions.service.test.ts" name="InventoryTransactionsService &gt; searchTransactions &gt; should search transactions with query spec" time="0.0005588">
        </testcase>
        <testcase classname="src/api/services/__tests__/inventory-transactions.service.test.ts" name="InventoryTransactionsService &gt; getTransactionById &gt; should fetch transaction by ID" time="0.0004695">
        </testcase>
        <testcase classname="src/api/services/__tests__/inventory-transactions.service.test.ts" name="InventoryTransactionsService &gt; getTransactionsByProduct &gt; should fetch transactions by product ID" time="0.0004374">
        </testcase>
        <testcase classname="src/api/services/__tests__/inventory-transactions.service.test.ts" name="InventoryTransactionsService &gt; getTransactionsByWarehouse &gt; should fetch transactions by warehouse ID" time="0.000459">
        </testcase>
        <testcase classname="src/api/services/__tests__/inventory-transactions.service.test.ts" name="InventoryTransactionsService &gt; getTransactionsByType &gt; should fetch transactions by type" time="0.0006343">
        </testcase>
        <testcase classname="src/api/services/__tests__/inventory-transactions.service.test.ts" name="InventoryTransactionsService &gt; createTransaction &gt; should create a new transaction" time="0.0004959">
        </testcase>
        <testcase classname="src/api/services/__tests__/inventory-transactions.service.test.ts" name="InventoryTransactionsService &gt; updateTransaction &gt; should update an existing transaction" time="0.0004893">
        </testcase>
        <testcase classname="src/api/services/__tests__/inventory-transactions.service.test.ts" name="InventoryTransactionsService &gt; deleteTransaction &gt; should delete a transaction" time="0.0003198">
        </testcase>
    </testsuite>
    <testsuite name="src/api/services/__tests__/invoices.service.test.ts" timestamp="2026-05-02T06:45:13.616Z" hostname="Andreu" tests="15" failures="0" errors="0" skipped="0" time="0.0232582">
        <testcase classname="src/api/services/__tests__/invoices.service.test.ts" name="InvoicesService &gt; fetches invoices" time="0.0073171">
        </testcase>
        <testcase classname="src/api/services/__tests__/invoices.service.test.ts" name="InvoicesService &gt; searches invoices with query spec" time="0.0015936">
        </testcase>
        <testcase classname="src/api/services/__tests__/invoices.service.test.ts" name="InvoicesService &gt; fetches invoice by id" time="0.0005024">
        </testcase>
        <testcase classname="src/api/services/__tests__/invoices.service.test.ts" name="InvoicesService &gt; fetches invoices by customer" time="0.000395">
        </testcase>
        <testcase classname="src/api/services/__tests__/invoices.service.test.ts" name="InvoicesService &gt; fetches invoices by order" time="0.0005392">
        </testcase>
        <testcase classname="src/api/services/__tests__/invoices.service.test.ts" name="InvoicesService &gt; creates invoice" time="0.0004603">
        </testcase>
        <testcase classname="src/api/services/__tests__/invoices.service.test.ts" name="InvoicesService &gt; issues invoice" time="0.0004546">
        </testcase>
        <testcase classname="src/api/services/__tests__/invoices.service.test.ts" name="InvoicesService &gt; records invoice payment" time="0.0004388">
        </testcase>
        <testcase classname="src/api/services/__tests__/invoices.service.test.ts" name="InvoicesService &gt; cancels invoice" time="0.0005551">
        </testcase>
        <testcase classname="src/api/services/__tests__/invoices.service.test.ts" name="InvoicesService &gt; creates credit note for invoice" time="0.0005143">
        </testcase>
        <testcase classname="src/api/services/__tests__/invoices.service.test.ts" name="InvoicesService &gt; fetches payments by invoice" time="0.0004409">
        </testcase>
        <testcase classname="src/api/services/__tests__/invoices.service.test.ts" name="InvoicesService &gt; fetches credit notes by invoice" time="0.0014282">
        </testcase>
        <testcase classname="src/api/services/__tests__/invoices.service.test.ts" name="InvoicesService &gt; exports invoices to xlsx" time="0.0010597">
        </testcase>
        <testcase classname="src/api/services/__tests__/invoices.service.test.ts" name="InvoicesService &gt; exports invoices to pdf" time="0.0008709">
        </testcase>
        <testcase classname="src/api/services/__tests__/invoices.service.test.ts" name="InvoicesService &gt; propagates service errors" time="0.0026474">
        </testcase>
    </testsuite>
    <testsuite name="src/api/services/__tests__/leads.service.test.ts" timestamp="2026-05-02T06:45:13.659Z" hostname="Andreu" tests="4" failures="0" errors="0" skipped="0" time="0.0134907">
        <testcase classname="src/api/services/__tests__/leads.service.test.ts" name="LeadsService &gt; searchLeads should call the leads endpoint with query params" time="0.0055122">
        </testcase>
        <testcase classname="src/api/services/__tests__/leads.service.test.ts" name="LeadsService &gt; qualifyLead should POST to the qualify endpoint" time="0.0011668">
        </testcase>
        <testcase classname="src/api/services/__tests__/leads.service.test.ts" name="LeadsService &gt; createLead should POST to the leads base endpoint" time="0.0006951">
        </testcase>
        <testcase classname="src/api/services/__tests__/leads.service.test.ts" name="LeadsService &gt; updateLead should PUT to the lead by id endpoint" time="0.0005995">
        </testcase>
    </testsuite>
    <testsuite name="src/api/services/__tests__/orders.service.test.ts" timestamp="2026-05-02T06:45:13.681Z" hostname="Andreu" tests="10" failures="0" errors="0" skipped="0" time="0.0177309">
        <testcase classname="src/api/services/__tests__/orders.service.test.ts" name="OrdersService &gt; getOrders &gt; should fetch all orders" time="0.0046123">
        </testcase>
        <testcase classname="src/api/services/__tests__/orders.service.test.ts" name="OrdersService &gt; getOrderById &gt; should fetch order by ID" time="0.0008065">
        </testcase>
        <testcase classname="src/api/services/__tests__/orders.service.test.ts" name="OrdersService &gt; createOrder &gt; should create a new order" time="0.0010595">
        </testcase>
        <testcase classname="src/api/services/__tests__/orders.service.test.ts" name="OrdersService &gt; updateOrder &gt; should update an existing order" time="0.0005771">
        </testcase>
        <testcase classname="src/api/services/__tests__/orders.service.test.ts" name="OrdersService &gt; deleteOrder &gt; should delete an order" time="0.000369">
        </testcase>
        <testcase classname="src/api/services/__tests__/orders.service.test.ts" name="OrdersService &gt; createOrderWithReservation &gt; should create order with reservation" time="0.0004778">
        </testcase>
        <testcase classname="src/api/services/__tests__/orders.service.test.ts" name="OrdersService &gt; fulfillOrder &gt; should fulfill an order" time="0.0004727">
        </testcase>
        <testcase classname="src/api/services/__tests__/orders.service.test.ts" name="OrdersService &gt; cancelOrder &gt; should cancel an order" time="0.0003908">
        </testcase>
        <testcase classname="src/api/services/__tests__/orders.service.test.ts" name="OrdersService &gt; exportToXlsx &gt; should export orders to xlsx" time="0.0047764">
        </testcase>
        <testcase classname="src/api/services/__tests__/orders.service.test.ts" name="OrdersService &gt; exportToPdf &gt; should export orders to pdf" time="0.0005277">
        </testcase>
    </testsuite>
    <testsuite name="src/api/services/__tests__/permissions.service.test.ts" timestamp="2026-05-02T06:45:13.736Z" hostname="Andreu" tests="10" failures="0" errors="0" skipped="0" time="0.0154375">
        <testcase classname="src/api/services/__tests__/permissions.service.test.ts" name="PermissionsService &gt; getPermissions &gt; should fetch all permissions" time="0.0055966">
        </testcase>
        <testcase classname="src/api/services/__tests__/permissions.service.test.ts" name="PermissionsService &gt; getPermissionsPaginated &gt; should fetch paginated permissions" time="0.0021148">
        </testcase>
        <testcase classname="src/api/services/__tests__/permissions.service.test.ts" name="PermissionsService &gt; getPermissionsPaginated &gt; should fetch paginated permissions without params" time="0.0005062">
        </testcase>
        <testcase classname="src/api/services/__tests__/permissions.service.test.ts" name="PermissionsService &gt; searchPermissions &gt; should search permissions with query spec" time="0.0008105">
        </testcase>
        <testcase classname="src/api/services/__tests__/permissions.service.test.ts" name="PermissionsService &gt; getPermissionById &gt; should fetch permission by ID" time="0.0005016">
        </testcase>
        <testcase classname="src/api/services/__tests__/permissions.service.test.ts" name="PermissionsService &gt; getPermissionByModuleAction &gt; should fetch permission by module and action" time="0.000515">
        </testcase>
        <testcase classname="src/api/services/__tests__/permissions.service.test.ts" name="PermissionsService &gt; checkPermission &gt; should check permission and return boolean" time="0.0005377">
        </testcase>
        <testcase classname="src/api/services/__tests__/permissions.service.test.ts" name="PermissionsService &gt; createPermission &gt; should create a new permission" time="0.0004345">
        </testcase>
        <testcase classname="src/api/services/__tests__/permissions.service.test.ts" name="PermissionsService &gt; updatePermission &gt; should update an existing permission" time="0.0004037">
        </testcase>
        <testcase classname="src/api/services/__tests__/permissions.service.test.ts" name="PermissionsService &gt; deletePermission &gt; should delete a permission" time="0.0003381">
        </testcase>
    </testsuite>
    <testsuite name="src/api/services/__tests__/products.service.test.ts" timestamp="2026-05-02T06:45:13.773Z" hostname="Andreu" tests="12" failures="0" errors="0" skipped="0" time="0.0165771">
        <testcase classname="src/api/services/__tests__/products.service.test.ts" name="ProductsService &gt; getProducts &gt; should fetch all products" time="0.0060154">
        </testcase>
        <testcase classname="src/api/services/__tests__/products.service.test.ts" name="ProductsService &gt; getProductBySku &gt; should fetch product by SKU" time="0.0007883">
        </testcase>
        <testcase classname="src/api/services/__tests__/products.service.test.ts" name="ProductsService &gt; getLowStockProducts &gt; should fetch low stock products" time="0.0004905">
        </testcase>
        <testcase classname="src/api/services/__tests__/products.service.test.ts" name="ProductsService &gt; getProductById &gt; should fetch product by ID" time="0.0004464">
        </testcase>
        <testcase classname="src/api/services/__tests__/products.service.test.ts" name="ProductsService &gt; getProductsPaginated &gt; should fetch products with pagination" time="0.001447">
        </testcase>
        <testcase classname="src/api/services/__tests__/products.service.test.ts" name="ProductsService &gt; getProductsPaginated &gt; should use default page and pageSize when not provided" time="0.0004187">
        </testcase>
        <testcase classname="src/api/services/__tests__/products.service.test.ts" name="ProductsService &gt; searchProducts &gt; should search products with query spec" time="0.0005838">
        </testcase>
        <testcase classname="src/api/services/__tests__/products.service.test.ts" name="ProductsService &gt; createProduct &gt; should create a new product" time="0.0005509">
        </testcase>
        <testcase classname="src/api/services/__tests__/products.service.test.ts" name="ProductsService &gt; updateProduct &gt; should update an existing product" time="0.0004352">
        </testcase>
        <testcase classname="src/api/services/__tests__/products.service.test.ts" name="ProductsService &gt; deleteProduct &gt; should delete a product" time="0.0003004">
        </testcase>
        <testcase classname="src/api/services/__tests__/products.service.test.ts" name="ProductsService &gt; exportToXlsx &gt; should export products to XLSX" time="0.0009119">
        </testcase>
        <testcase classname="src/api/services/__tests__/products.service.test.ts" name="ProductsService &gt; exportToPdf &gt; should export products to PDF" time="0.0005839">
        </testcase>
    </testsuite>
    <testsuite name="src/api/services/__tests__/purchase-orders.service.test.ts" timestamp="2026-05-02T06:45:13.807Z" hostname="Andreu" tests="13" failures="0" errors="0" skipped="0" time="0.0192137">
        <testcase classname="src/api/services/__tests__/purchase-orders.service.test.ts" name="PurchaseOrdersService &gt; getPurchaseOrders &gt; should fetch all purchase orders" time="0.0042843">
        </testcase>
        <testcase classname="src/api/services/__tests__/purchase-orders.service.test.ts" name="PurchaseOrdersService &gt; getPurchaseOrderById &gt; should fetch purchase order by ID" time="0.0006403">
        </testcase>
        <testcase classname="src/api/services/__tests__/purchase-orders.service.test.ts" name="PurchaseOrdersService &gt; searchPurchaseOrders &gt; should search purchase orders with query spec" time="0.0015904">
        </testcase>
        <testcase classname="src/api/services/__tests__/purchase-orders.service.test.ts" name="PurchaseOrdersService &gt; getPurchaseOrdersBySupplier &gt; should fetch purchase orders by supplier ID" time="0.0011917">
        </testcase>
        <testcase classname="src/api/services/__tests__/purchase-orders.service.test.ts" name="PurchaseOrdersService &gt; getPurchaseOrdersByStatus &gt; should fetch purchase orders by status" time="0.0005707">
        </testcase>
        <testcase classname="src/api/services/__tests__/purchase-orders.service.test.ts" name="PurchaseOrdersService &gt; createPurchaseOrder &gt; should create a new purchase order" time="0.0005108">
        </testcase>
        <testcase classname="src/api/services/__tests__/purchase-orders.service.test.ts" name="PurchaseOrdersService &gt; updatePurchaseOrder &gt; should update a purchase order" time="0.000482">
        </testcase>
        <testcase classname="src/api/services/__tests__/purchase-orders.service.test.ts" name="PurchaseOrdersService &gt; updatePurchaseOrderStatus &gt; should update purchase order status" time="0.0004394">
        </testcase>
        <testcase classname="src/api/services/__tests__/purchase-orders.service.test.ts" name="PurchaseOrdersService &gt; deletePurchaseOrder &gt; should delete a purchase order" time="0.0003923">
        </testcase>
        <testcase classname="src/api/services/__tests__/purchase-orders.service.test.ts" name="PurchaseOrdersService &gt; approvePurchaseOrder &gt; should approve a purchase order" time="0.002498">
        </testcase>
        <testcase classname="src/api/services/__tests__/purchase-orders.service.test.ts" name="PurchaseOrdersService &gt; receivePurchaseOrder &gt; should receive a purchase order" time="0.0011469">
        </testcase>
        <testcase classname="src/api/services/__tests__/purchase-orders.service.test.ts" name="PurchaseOrdersService &gt; exportToXlsx &gt; should export purchase orders to XLSX" time="0.0011135">
        </testcase>
        <testcase classname="src/api/services/__tests__/purchase-orders.service.test.ts" name="PurchaseOrdersService &gt; exportToPdf &gt; should export purchase orders to PDF" time="0.000606">
        </testcase>
    </testsuite>
    <testsuite name="src/api/services/__tests__/roles.service.test.ts" timestamp="2026-05-02T06:45:13.829Z" hostname="Andreu" tests="14" failures="0" errors="0" skipped="0" time="0.0178403">
        <testcase classname="src/api/services/__tests__/roles.service.test.ts" name="RolesService &gt; getRoles &gt; should fetch all roles" time="0.0054617">
        </testcase>
        <testcase classname="src/api/services/__tests__/roles.service.test.ts" name="RolesService &gt; getRolesPaginated &gt; should fetch paginated roles" time="0.0017704">
        </testcase>
        <testcase classname="src/api/services/__tests__/roles.service.test.ts" name="RolesService &gt; searchRoles &gt; should search roles with query spec" time="0.0005619">
        </testcase>
        <testcase classname="src/api/services/__tests__/roles.service.test.ts" name="RolesService &gt; getRoleById &gt; should fetch role by ID" time="0.0005402">
        </testcase>
        <testcase classname="src/api/services/__tests__/roles.service.test.ts" name="RolesService &gt; getRoleByName &gt; should fetch role by name" time="0.0003659">
        </testcase>
        <testcase classname="src/api/services/__tests__/roles.service.test.ts" name="RolesService &gt; createRole &gt; should create a new role" time="0.0003872">
        </testcase>
        <testcase classname="src/api/services/__tests__/roles.service.test.ts" name="RolesService &gt; updateRole &gt; should update an existing role" time="0.0002712">
        </testcase>
        <testcase classname="src/api/services/__tests__/roles.service.test.ts" name="RolesService &gt; deleteRole &gt; should delete a role" time="0.0002445">
        </testcase>
        <testcase classname="src/api/services/__tests__/roles.service.test.ts" name="RolesService &gt; getUsersInRole &gt; should get users in a role" time="0.0003313">
        </testcase>
        <testcase classname="src/api/services/__tests__/roles.service.test.ts" name="RolesService &gt; addPermissionToRole &gt; should add permission to a role" time="0.0002648">
        </testcase>
        <testcase classname="src/api/services/__tests__/roles.service.test.ts" name="RolesService &gt; removePermissionFromRole &gt; should remove permission from a role" time="0.0020419">
            <system-out>
[RolesService] Removing permission: {
  roleId: &apos;1&apos;,
  permissionId: &apos;perm1&apos;,
  endpoint: &apos;/auth/api/roles/1/permissions/perm1&apos;
}

            </system-out>
        </testcase>
        <testcase classname="src/api/services/__tests__/roles.service.test.ts" name="RolesService &gt; getRolePermissions &gt; should get permissions for a role" time="0.0004006">
        </testcase>
        <testcase classname="src/api/services/__tests__/roles.service.test.ts" name="RolesService &gt; exportToXlsx &gt; should export roles to XLSX" time="0.000805">
        </testcase>
        <testcase classname="src/api/services/__tests__/roles.service.test.ts" name="RolesService &gt; exportToPdf &gt; should export roles to PDF" time="0.0004038">
        </testcase>
    </testsuite>
    <testsuite name="src/api/services/__tests__/sales-orders.service.test.ts" timestamp="2026-05-02T06:45:13.920Z" hostname="Andreu" tests="11" failures="0" errors="0" skipped="0" time="0.0162555">
        <testcase classname="src/api/services/__tests__/sales-orders.service.test.ts" name="SalesOrdersService &gt; getSalesOrders &gt; should fetch all sales orders" time="0.0045319">
        </testcase>
        <testcase classname="src/api/services/__tests__/sales-orders.service.test.ts" name="SalesOrdersService &gt; createSalesOrder &gt; should create a new sales order" time="0.0013646">
        </testcase>
        <testcase classname="src/api/services/__tests__/sales-orders.service.test.ts" name="SalesOrdersService &gt; createQuote &gt; should create a quote" time="0.0006241">
        </testcase>
        <testcase classname="src/api/services/__tests__/sales-orders.service.test.ts" name="SalesOrdersService &gt; confirmQuote &gt; should confirm a quote" time="0.0004588">
        </testcase>
        <testcase classname="src/api/services/__tests__/sales-orders.service.test.ts" name="SalesOrdersService &gt; checkStockAvailability &gt; should check stock availability for order lines" time="0.0003995">
        </testcase>
        <testcase classname="src/api/services/__tests__/sales-orders.service.test.ts" name="SalesOrdersService &gt; searchSalesOrders &gt; should search sales orders with query spec" time="0.0006225">
        </testcase>
        <testcase classname="src/api/services/__tests__/sales-orders.service.test.ts" name="SalesOrdersService &gt; getSalesOrderById &gt; should fetch sales order by ID" time="0.0003538">
        </testcase>
        <testcase classname="src/api/services/__tests__/sales-orders.service.test.ts" name="SalesOrdersService &gt; updateSalesOrder &gt; should update a sales order" time="0.0003832">
        </testcase>
        <testcase classname="src/api/services/__tests__/sales-orders.service.test.ts" name="SalesOrdersService &gt; deleteSalesOrder &gt; should delete a sales order" time="0.0003267">
        </testcase>
        <testcase classname="src/api/services/__tests__/sales-orders.service.test.ts" name="SalesOrdersService &gt; exportToXlsx &gt; should export sales orders to xlsx" time="0.0006348">
        </testcase>
        <testcase classname="src/api/services/__tests__/sales-orders.service.test.ts" name="SalesOrdersService &gt; exportToPdf &gt; should export sales orders to pdf" time="0.0007018">
        </testcase>
    </testsuite>
    <testsuite name="src/api/services/__tests__/stock-operations.service.test.ts" timestamp="2026-05-02T06:45:14.033Z" hostname="Andreu" tests="4" failures="0" errors="0" skipped="0" time="0.0099291">
        <testcase classname="src/api/services/__tests__/stock-operations.service.test.ts" name="StockOperationsService &gt; reserveStock &gt; should reserve stock" time="0.0055331">
        </testcase>
        <testcase classname="src/api/services/__tests__/stock-operations.service.test.ts" name="StockOperationsService &gt; releaseReservation &gt; should release a reservation" time="0.0004664">
        </testcase>
        <testcase classname="src/api/services/__tests__/stock-operations.service.test.ts" name="StockOperationsService &gt; transferStock &gt; should transfer stock between warehouses" time="0.000345">
        </testcase>
        <testcase classname="src/api/services/__tests__/stock-operations.service.test.ts" name="StockOperationsService &gt; adjustStock &gt; should adjust stock" time="0.0003967">
        </testcase>
    </testsuite>
    <testsuite name="src/api/services/__tests__/suppliers.service.test.ts" timestamp="2026-05-02T06:45:14.068Z" hostname="Andreu" tests="8" failures="0" errors="0" skipped="0" time="0.0125095">
        <testcase classname="src/api/services/__tests__/suppliers.service.test.ts" name="SuppliersService &gt; getSuppliers &gt; should fetch all suppliers" time="0.0046044">
        </testcase>
        <testcase classname="src/api/services/__tests__/suppliers.service.test.ts" name="SuppliersService &gt; getSupplierById &gt; should fetch supplier by ID" time="0.0007305">
        </testcase>
        <testcase classname="src/api/services/__tests__/suppliers.service.test.ts" name="SuppliersService &gt; getSupplierByEmail &gt; should fetch supplier by email" time="0.0005025">
        </testcase>
        <testcase classname="src/api/services/__tests__/suppliers.service.test.ts" name="SuppliersService &gt; searchSuppliersByName &gt; should search suppliers by name" time="0.0004503">
        </testcase>
        <testcase classname="src/api/services/__tests__/suppliers.service.test.ts" name="SuppliersService &gt; advancedSearchSuppliers &gt; should advanced search suppliers with query spec" time="0.0013552">
        </testcase>
        <testcase classname="src/api/services/__tests__/suppliers.service.test.ts" name="SuppliersService &gt; createSupplier &gt; should create a new supplier" time="0.0005168">
        </testcase>
        <testcase classname="src/api/services/__tests__/suppliers.service.test.ts" name="SuppliersService &gt; updateSupplier &gt; should update an existing supplier" time="0.0005184">
        </testcase>
        <testcase classname="src/api/services/__tests__/suppliers.service.test.ts" name="SuppliersService &gt; deleteSupplier &gt; should delete a supplier" time="0.0003856">
        </testcase>
    </testsuite>
    <testsuite name="src/api/services/__tests__/users.service.test.ts" timestamp="2026-05-02T06:45:14.087Z" hostname="Andreu" tests="13" failures="0" errors="0" skipped="0" time="0.0151483">
        <testcase classname="src/api/services/__tests__/users.service.test.ts" name="UsersService &gt; getUsers &gt; should fetch all users" time="0.0045781">
        </testcase>
        <testcase classname="src/api/services/__tests__/users.service.test.ts" name="UsersService &gt; getUsersPaginated &gt; should fetch paginated users" time="0.001577">
        </testcase>
        <testcase classname="src/api/services/__tests__/users.service.test.ts" name="UsersService &gt; getUsersPaginated &gt; should fetch paginated users without params" time="0.0004692">
        </testcase>
        <testcase classname="src/api/services/__tests__/users.service.test.ts" name="UsersService &gt; searchUsers &gt; should search users with query spec" time="0.0007223">
        </testcase>
        <testcase classname="src/api/services/__tests__/users.service.test.ts" name="UsersService &gt; getUserById &gt; should fetch user by ID" time="0.0004279">
        </testcase>
        <testcase classname="src/api/services/__tests__/users.service.test.ts" name="UsersService &gt; getUserByEmail &gt; should fetch user by email" time="0.0004986">
        </testcase>
        <testcase classname="src/api/services/__tests__/users.service.test.ts" name="UsersService &gt; getCurrentUser &gt; should get current user" time="0.0003934">
        </testcase>
        <testcase classname="src/api/services/__tests__/users.service.test.ts" name="UsersService &gt; createUser &gt; should create a new user" time="0.0006619">
        </testcase>
        <testcase classname="src/api/services/__tests__/users.service.test.ts" name="UsersService &gt; updateUser &gt; should update an existing user" time="0.0004678">
        </testcase>
        <testcase classname="src/api/services/__tests__/users.service.test.ts" name="UsersService &gt; deleteUser &gt; should delete a user" time="0.0004475">
        </testcase>
        <testcase classname="src/api/services/__tests__/users.service.test.ts" name="UsersService &gt; assignRole &gt; should assign a role to a user" time="0.0003638">
        </testcase>
        <testcase classname="src/api/services/__tests__/users.service.test.ts" name="UsersService &gt; removeRole &gt; should remove a role from a user" time="0.0003472">
        </testcase>
        <testcase classname="src/api/services/__tests__/users.service.test.ts" name="UsersService &gt; getUserRoles &gt; should get roles for a user" time="0.000418">
        </testcase>
    </testsuite>
    <testsuite name="src/api/services/__tests__/warehouse-stocks.service.test.ts" timestamp="2026-05-02T06:45:14.124Z" hostname="Andreu" tests="7" failures="0" errors="0" skipped="0" time="0.0153293">
        <testcase classname="src/api/services/__tests__/warehouse-stocks.service.test.ts" name="WarehouseStocksService &gt; getStockByProductAndWarehouse &gt; should fetch stock by product and warehouse" time="0.0047758">
        </testcase>
        <testcase classname="src/api/services/__tests__/warehouse-stocks.service.test.ts" name="WarehouseStocksService &gt; getStocksByProduct &gt; should fetch stocks by product ID" time="0.0007086">
        </testcase>
        <testcase classname="src/api/services/__tests__/warehouse-stocks.service.test.ts" name="WarehouseStocksService &gt; getStocksByWarehouse &gt; should fetch stocks by warehouse ID" time="0.0004968">
        </testcase>
        <testcase classname="src/api/services/__tests__/warehouse-stocks.service.test.ts" name="WarehouseStocksService &gt; getProductAvailability &gt; should fetch product availability" time="0.0004441">
        </testcase>
        <testcase classname="src/api/services/__tests__/warehouse-stocks.service.test.ts" name="WarehouseStocksService &gt; getLowStocks &gt; should fetch low stock items" time="0.0003848">
        </testcase>
        <testcase classname="src/api/services/__tests__/warehouse-stocks.service.test.ts" name="WarehouseStocksService &gt; exportToXlsx &gt; should export warehouse stocks to XLSX" time="0.0016249">
        </testcase>
        <testcase classname="src/api/services/__tests__/warehouse-stocks.service.test.ts" name="WarehouseStocksService &gt; exportToPdf &gt; should export warehouse stocks to PDF" time="0.0006981">
        </testcase>
    </testsuite>
    <testsuite name="src/api/services/__tests__/warehouses.service.test.ts" timestamp="2026-05-02T06:45:14.139Z" hostname="Andreu" tests="10" failures="0" errors="0" skipped="0" time="0.0143811">
        <testcase classname="src/api/services/__tests__/warehouses.service.test.ts" name="WarehousesService &gt; getWarehouses &gt; should fetch all warehouses" time="0.0049331">
        </testcase>
        <testcase classname="src/api/services/__tests__/warehouses.service.test.ts" name="WarehousesService &gt; getWarehousesPaginated &gt; should fetch warehouses with pagination" time="0.0015525">
        </testcase>
        <testcase classname="src/api/services/__tests__/warehouses.service.test.ts" name="WarehousesService &gt; getWarehousesPaginated &gt; should use default page and pageSize when not provided" time="0.0004224">
        </testcase>
        <testcase classname="src/api/services/__tests__/warehouses.service.test.ts" name="WarehousesService &gt; searchWarehouses &gt; should search warehouses with query spec" time="0.0005991">
        </testcase>
        <testcase classname="src/api/services/__tests__/warehouses.service.test.ts" name="WarehousesService &gt; getWarehouseById &gt; should fetch warehouse by ID" time="0.0003417">
        </testcase>
        <testcase classname="src/api/services/__tests__/warehouses.service.test.ts" name="WarehousesService &gt; createWarehouse &gt; should create a new warehouse" time="0.0004005">
        </testcase>
        <testcase classname="src/api/services/__tests__/warehouses.service.test.ts" name="WarehousesService &gt; updateWarehouse &gt; should update a warehouse" time="0.0003562">
        </testcase>
[...]

            </system-err>
        </testcase>
        <testcase classname="src/pages/roles/__tests__/role-detail.test.tsx" name="RoleDetailPage &gt; should display role details after loading" time="0.1803283">
        </testcase>
        <testcase classname="src/pages/roles/__tests__/role-detail.test.tsx" name="RoleDetailPage &gt; should handle error when role not found" time="0.0647097">
        </testcase>
    </testsuite>
    <testsuite name="src/pages/roles/__tests__/roles-list.test.tsx" timestamp="2026-05-02T06:45:18.634Z" hostname="Andreu" tests="2" failures="0" errors="0" skipped="0" time="0.1659263">
        <testcase classname="src/pages/roles/__tests__/roles-list.test.tsx" name="RolesListPage &gt; renders roles list" time="0.1314336">
            <system-err>
⚠️ React Router Future Flag Warning: React Router will begin wrapping state updates in `React.startTransition` in v7. You can use the `v7_startTransition` future flag to opt-in early. For more information, see https://reactrouter.com/v6/upgrading/future#v7_starttransition.
⚠️ React Router Future Flag Warning: Relative route resolution within Splat routes is changing in v7. You can use the `v7_relativeSplatPath` future flag to opt-in early. For more information, see https://reactrouter.com/v6/upgrading/future#v7_relativesplatpath.

            </system-err>
        </testcase>
        <testcase classname="src/pages/roles/__tests__/roles-list.test.tsx" name="RolesListPage &gt; renders without crashing" time="0.0306782">
        </testcase>
    </testsuite>
    <testsuite name="src/pages/roles/__tests__/roles.columns.test.tsx" timestamp="2026-05-02T06:45:18.772Z" hostname="Andreu" tests="8" failures="0" errors="0" skipped="0" time="0.3047259">
        <testcase classname="src/pages/roles/__tests__/roles.columns.test.tsx" name="Roles Columns &gt; should define all required columns" time="0.0054198">
        </testcase>
        <testcase classname="src/pages/roles/__tests__/roles.columns.test.tsx" name="Roles Columns &gt; should have name column with link" time="0.0642801">
            <system-err>
⚠️ React Router Future Flag Warning: React Router will begin wrapping state updates in `React.startTransition` in v7. You can use the `v7_startTransition` future flag to opt-in early. For more information, see https://reactrouter.com/v6/upgrading/future#v7_starttransition.
⚠️ React Router Future Flag Warning: Relative route resolution within Splat routes is changing in v7. You can use the `v7_relativeSplatPath` future flag to opt-in early. For more information, see https://reactrouter.com/v6/upgrading/future#v7_relativesplatpath.

            </system-err>
        </testcase>
        <testcase classname="src/pages/roles/__tests__/roles.columns.test.tsx" name="Roles Columns &gt; should have description column with dash fallback" time="0.005035">
        </testcase>
        <testcase classname="src/pages/roles/__tests__/roles.columns.test.tsx" name="Roles Columns &gt; should have permissions column with badge count" time="0.0221564">
        </testcase>
        <testcase classname="src/pages/roles/__tests__/roles.columns.test.tsx" name="Roles Columns &gt; should have actions column with Edit and Delete" time="0.1594609">
        </testcase>
        <testcase classname="src/pages/roles/__tests__/roles.columns.test.tsx" name="Roles Columns &gt; should show Manage Permissions when canManagePermissions is true" time="0.0163643">
        </testcase>
        <testcase classname="src/pages/roles/__tests__/roles.columns.test.tsx" name="Roles Columns &gt; should hide Edit when canEdit is false" time="0.0073997">
        </testcase>
        <testcase classname="src/pages/roles/__tests__/roles.columns.test.tsx" name="Roles Columns &gt; should hide Delete when canDelete is false" time="0.0068879">
        </testcase>
    </testsuite>
    <testsuite name="src/pages/sales/__tests__/customer-detail.test.tsx" timestamp="2026-05-02T06:45:19.126Z" hostname="Andreu" tests="6" failures="0" errors="0" skipped="0" time="0.4196604">
        <testcase classname="src/pages/sales/__tests__/customer-detail.test.tsx" name="CustomerDetailPage &gt; should render loading state initially" time="0.1086644">
            <system-err>
⚠️ React Router Future Flag Warning: React Router will begin wrapping state updates in `React.startTransition` in v7. You can use the `v7_startTransition` future flag to opt-in early. For more information, see https://reactrouter.com/v6/upgrading/future#v7_starttransition.
⚠️ React Router Future Flag Warning: Relative route resolution within Splat routes is changing in v7. You can use the `v7_relativeSplatPath` future flag to opt-in early. For more information, see https://reactrouter.com/v6/upgrading/future#v7_relativesplatpath.

            </system-err>
        </testcase>
        <testcase classname="src/pages/sales/__tests__/customer-detail.test.tsx" name="CustomerDetailPage &gt; should display customer details after loading" time="0.1336829">
        </testcase>
        <testcase classname="src/pages/sales/__tests__/customer-detail.test.tsx" name="CustomerDetailPage &gt; should display customer without optional fields" time="0.0689691">
        </testcase>
        <testcase classname="src/pages/sales/__tests__/customer-detail.test.tsx" name="CustomerDetailPage &gt; should handle error when customer not found" time="0.044056">
        </testcase>
        <testcase classname="src/pages/sales/__tests__/customer-detail.test.tsx" name="CustomerDetailPage &gt; should have back to customers link" time="0.042166">
        </testcase>
        <testcase classname="src/pages/sales/__tests__/customer-detail.test.tsx" name="CustomerDetailPage &gt; should display updatedAt when present" time="0.0177979">
        </testcase>
    </testsuite>
    <testsuite name="src/pages/sales/__tests__/customers-list.test.tsx" timestamp="2026-05-02T06:45:19.346Z" hostname="Andreu" tests="2" failures="0" errors="0" skipped="0" time="0.2571736">
        <testcase classname="src/pages/sales/__tests__/customers-list.test.tsx" name="CustomersListPage &gt; renders customers list" time="0.2088082">
            <system-err>
⚠️ React Router Future Flag Warning: React Router will begin wrapping state updates in `React.startTransition` in v7. You can use the `v7_startTransition` future flag to opt-in early. For more information, see https://reactrouter.com/v6/upgrading/future#v7_starttransition.
⚠️ React Router Future Flag Warning: Relative route resolution within Splat routes is changing in v7. You can use the `v7_relativeSplatPath` future flag to opt-in early. For more information, see https://reactrouter.com/v6/upgrading/future#v7_relativesplatpath.

            </system-err>
        </testcase>
        <testcase classname="src/pages/sales/__tests__/customers-list.test.tsx" name="CustomersListPage &gt; renders without crashing" time="0.0439047">
        </testcase>
    </testsuite>
    <testsuite name="src/pages/sales/__tests__/customers.columns.test.tsx" timestamp="2026-05-02T06:45:19.580Z" hostname="Andreu" tests="5" failures="0" errors="0" skipped="0" time="0.0915139">
        <testcase classname="src/pages/sales/__tests__/customers.columns.test.tsx" name="Customers Columns &gt; should define all required columns" time="0.0030816">
        </testcase>
        <testcase classname="src/pages/sales/__tests__/customers.columns.test.tsx" name="Customers Columns &gt; should have name column" time="0.0004015">
        </testcase>
        <testcase classname="src/pages/sales/__tests__/customers.columns.test.tsx" name="Customers Columns &gt; should have email column showing email or dash" time="0.029391">
            <system-err>
⚠️ React Router Future Flag Warning: React Router will begin wrapping state updates in `React.startTransition` in v7. You can use the `v7_startTransition` future flag to opt-in early. For more information, see https://reactrouter.com/v6/upgrading/future#v7_starttransition.
⚠️ React Router Future Flag Warning: Relative route resolution within Splat routes is changing in v7. You can use the `v7_relativeSplatPath` future flag to opt-in early. For more information, see https://reactrouter.com/v6/upgrading/future#v7_relativesplatpath.

            </system-err>
        </testcase>
        <testcase classname="src/pages/sales/__tests__/customers.columns.test.tsx" name="Customers Columns &gt; should have phone column showing phone or dash" time="0.0021227">
        </testcase>
        <testcase classname="src/pages/sales/__tests__/customers.columns.test.tsx" name="Customers Columns &gt; should have actions column with view link" time="0.0531261">
        </testcase>
    </testsuite>
    <testsuite name="src/pages/sales/__tests__/sales-order-detail.test.tsx" timestamp="2026-05-02T06:45:19.820Z" hostname="Andreu" tests="3" failures="0" errors="0" skipped="0" time="0.2932892">
        <testcase classname="src/pages/sales/__tests__/sales-order-detail.test.tsx" name="SalesOrderDetailPage &gt; should render loading state initially" time="0.0869453">
            <system-err>
⚠️ React Router Future Flag Warning: React Router will begin wrapping state updates in `React.startTransition` in v7. You can use the `v7_startTransition` future flag to opt-in early. For more information, see https://reactrouter.com/v6/upgrading/future#v7_starttransition.
⚠️ React Router Future Flag Warning: Relative route resolution within Splat routes is changing in v7. You can use the `v7_relativeSplatPath` future flag to opt-in early. For more information, see https://reactrouter.com/v6/upgrading/future#v7_relativesplatpath.

            </system-err>
        </testcase>
        <testcase classname="src/pages/sales/__tests__/sales-order-detail.test.tsx" name="SalesOrderDetailPage &gt; should display sales order details after loading" time="0.1715222">
        </testcase>
        <testcase classname="src/pages/sales/__tests__/sales-order-detail.test.tsx" name="SalesOrderDetailPage &gt; should handle error when sales order not found" time="0.0209487">
        </testcase>
    </testsuite>
    <testsuite name="src/pages/sales/__tests__/sales-orders-list.test.tsx" timestamp="2026-05-02T06:45:19.900Z" hostname="Andreu" tests="2" failures="0" errors="0" skipped="0" time="0.4478814">
        <testcase classname="src/pages/sales/__tests__/sales-orders-list.test.tsx" name="SalesOrdersListPage &gt; renders sales orders list" time="0.3642488">
            <system-err>
⚠️ React Router Future Flag Warning: React Router will begin wrapping state updates in `React.startTransition` in v7. You can use the `v7_startTransition` future flag to opt-in early. For more information, see https://reactrouter.com/v6/upgrading/future#v7_starttransition.
⚠️ React Router Future Flag Warning: Relative route resolution within Splat routes is changing in v7. You can use the `v7_relativeSplatPath` future flag to opt-in early. For more information, see https://reactrouter.com/v6/upgrading/future#v7_relativesplatpath.

            </system-err>
        </testcase>
        <testcase classname="src/pages/sales/__tests__/sales-orders-list.test.tsx" name="SalesOrdersListPage &gt; renders without crashing" time="0.0726159">
        </testcase>
    </testsuite>
    <testsuite name="src/pages/sales/__tests__/sales-orders.columns.test.tsx" timestamp="2026-05-02T06:45:19.947Z" hostname="Andreu" tests="5" failures="0" errors="0" skipped="0" time="0.0088539">
        <testcase classname="src/pages/sales/__tests__/sales-orders.columns.test.tsx" name="Sales Orders Columns &gt; should define all required columns" time="0.0032639">
        </testcase>
        <testcase classname="src/pages/sales/__tests__/sales-orders.columns.test.tsx" name="Sales Orders Columns &gt; should have customer column" time="0.000335">
        </testcase>
        <testcase classname="src/pages/sales/__tests__/sales-orders.columns.test.tsx" name="Sales Orders Columns &gt; should have status column" time="0.00026">
        </testcase>
        <testcase classname="src/pages/sales/__tests__/sales-orders.columns.test.tsx" name="Sales Orders Columns &gt; should have actions column" time="0.0003737">
        </testcase>
        <testcase classname="src/pages/sales/__tests__/sales-orders.columns.test.tsx" name="Sales Orders Columns &gt; should return correct status badge" time="0.0012246">
        </testcase>
    </testsuite>
    <testsuite name="src/pages/users/__tests__/user-detail.test.tsx" timestamp="2026-05-02T06:45:20.043Z" hostname="Andreu" tests="3" failures="0" errors="0" skipped="0" time="0.2003944">
        <testcase classname="src/pages/users/__tests__/user-detail.test.tsx" name="UserDetailPage &gt; should render loading state initially" time="0.0423018">
            <system-err>
⚠️ React Router Future Flag Warning: React Router will begin wrapping state updates in `React.startTransition` in v7. You can use the `v7_startTransition` future flag to opt-in early. For more information, see https://reactrouter.com/v6/upgrading/future#v7_starttransition.
⚠️ React Router Future Flag Warning: Relative route resolution within Splat routes is changing in v7. You can use the `v7_relativeSplatPath` future flag to opt-in early. For more information, see https://reactrouter.com/v6/upgrading/future#v7_relativesplatpath.

            </system-err>
        </testcase>
        <testcase classname="src/pages/users/__tests__/user-detail.test.tsx" name="UserDetailPage &gt; should display user details after loading" time="0.1277227">
        </testcase>
        <testcase classname="src/pages/users/__tests__/user-detail.test.tsx" name="UserDetailPage &gt; should handle error when user not found" time="0.0238488">
        </testcase>
    </testsuite>
    <testsuite name="src/pages/users/__tests__/users-list.test.tsx" timestamp="2026-05-02T06:45:20.124Z" hostname="Andreu" tests="5" failures="0" errors="0" skipped="0" time="1.2278765">
        <testcase classname="src/pages/users/__tests__/users-list.test.tsx" name="UsersListPage &gt; should render users list correctly" time="0.3725565">
            <system-err>
⚠️ React Router Future Flag Warning: React Router will begin wrapping state updates in `React.startTransition` in v7. You can use the `v7_startTransition` future flag to opt-in early. For more information, see https://reactrouter.com/v6/upgrading/future#v7_starttransition.
⚠️ React Router Future Flag Warning: Relative route resolution within Splat routes is changing in v7. You can use the `v7_relativeSplatPath` future flag to opt-in early. For more information, see https://reactrouter.com/v6/upgrading/future#v7_relativesplatpath.

            </system-err>
        </testcase>
        <testcase classname="src/pages/users/__tests__/users-list.test.tsx" name="UsersListPage &gt; should handle empty state" time="0.0503133">
        </testcase>
        <testcase classname="src/pages/users/__tests__/users-list.test.tsx" name="UsersListPage &gt; should open create dialog when add button is clicked" time="0.4211115">
        </testcase>
        <testcase classname="src/pages/users/__tests__/users-list.test.tsx" name="UsersListPage &gt; should open edit dialog when edit button is clicked" time="0.1890772">
        </testcase>
        <testcase classname="src/pages/users/__tests__/users-list.test.tsx" name="UsersListPage &gt; should open delete dialog when delete button is clicked" time="0.1890925">
        </testcase>
    </testsuite>
    <testsuite name="src/pages/users/__tests__/users.columns.test.tsx" timestamp="2026-05-02T06:45:20.222Z" hostname="Andreu" tests="8" failures="0" errors="0" skipped="0" time="0.0094094">
        <testcase classname="src/pages/users/__tests__/users.columns.test.tsx" name="Users Columns &gt; should define all required columns" time="0.0026509">
        </testcase>
        <testcase classname="src/pages/users/__tests__/users.columns.test.tsx" name="Users Columns &gt; should have username column" time="0.0003783">
        </testcase>
        <testcase classname="src/pages/users/__tests__/users.columns.test.tsx" name="Users Columns &gt; should have email column" time="0.0002342">
        </testcase>
        <testcase classname="src/pages/users/__tests__/users.columns.test.tsx" name="Users Columns &gt; should have roles column" time="0.0016631">
        </testcase>
        <testcase classname="src/pages/users/__tests__/users.columns.test.tsx" name="Users Columns &gt; should have status column" time="0.0003325">
        </testcase>
        <testcase classname="src/pages/users/__tests__/users.columns.test.tsx" name="Users Columns &gt; should have actions column" time="0.0002419">
        </testcase>
        <testcase classname="src/pages/users/__tests__/users.columns.test.tsx" name="Users Columns &gt; should call onEdit when edit button is clicked" time="0.0001957">
        </testcase>
        <testcase classname="src/pages/users/__tests__/users.columns.test.tsx" name="Users Columns &gt; should call onDelete when delete button is clicked" time="0.000189">
        </testcase>
    </testsuite>
    <testsuite name="src/components/inventory/stock-ops/__tests__/adjust-stock-form.test.tsx" timestamp="2026-05-02T06:45:20.240Z" hostname="Andreu" tests="5" failures="0" errors="0" skipped="0" time="0.3330629">
        <testcase classname="src/components/inventory/stock-ops/__tests__/adjust-stock-form.test.tsx" name="AdjustStockForm &gt; renders form with all fields" time="0.1719763">
        </testcase>
        <testcase classname="src/components/inventory/stock-ops/__tests__/adjust-stock-form.test.tsx" name="AdjustStockForm &gt; renders product options" time="0.0231949">
        </testcase>
        <testcase classname="src/components/inventory/stock-ops/__tests__/adjust-stock-form.test.tsx" name="AdjustStockForm &gt; renders warehouse options" time="0.025241">
        </testcase>
        <testcase classname="src/components/inventory/stock-ops/__tests__/adjust-stock-form.test.tsx" name="AdjustStockForm &gt; handles form submission" time="0.0899573">
        </testcase>
        <testcase classname="src/components/inventory/stock-ops/__tests__/adjust-stock-form.test.tsx" name="AdjustStockForm &gt; renders with empty arrays" time="0.0181417">
        </testcase>
    </testsuite>
    <testsuite name="src/components/inventory/stock-ops/__tests__/release-reservation-form.test.tsx" timestamp="2026-05-02T06:45:20.250Z" hostname="Andreu" tests="1" failures="0" errors="0" skipped="0" time="0.0575204">
        <testcase classname="src/components/inventory/stock-ops/__tests__/release-reservation-form.test.tsx" name="ReleaseReservationForm &gt; renders form with all fields" time="0.0538789">
        </testcase>
    </testsuite>
    <testsuite name="src/components/inventory/stock-ops/__tests__/reserve-stock-form.test.tsx" timestamp="2026-05-02T06:45:20.254Z" hostname="Andreu" tests="1" failures="0" errors="0" skipped="0" time="0.0739623">
        <testcase classname="src/components/inventory/stock-ops/__tests__/reserve-stock-form.test.tsx" name="ReserveStockForm &gt; renders form with all fields" time="0.0693051">
        </testcase>
    </testsuite>
    <testsuite name="src/components/inventory/stock-ops/__tests__/transfer-stock-form.test.tsx" timestamp="2026-05-02T06:45:20.261Z" hostname="Andreu" tests="3" failures="0" errors="0" skipped="0" time="0.1428113">
        <testcase classname="src/components/inventory/stock-ops/__tests__/transfer-stock-form.test.tsx" name="TransferStockForm &gt; renders form with all fields" time="0.0748076">
        </testcase>
        <testcase classname="src/components/inventory/stock-ops/__tests__/transfer-stock-form.test.tsx" name="TransferStockForm &gt; renders product and warehouse options" time="0.0157073">
        </testcase>
        <testcase classname="src/components/inventory/stock-ops/__tests__/transfer-stock-form.test.tsx" name="TransferStockForm &gt; handles form submission" time="0.0485725">
        </testcase>
    </testsuite>
</testsuites>
