<?xml version="1.0" encoding="UTF-8" ?>
<testsuites name="vitest tests" tests="882" failures="0" errors="0" time="39.8534351">
    <testsuite name="src/__tests__/App.test.tsx" timestamp="2026-05-01T19:32:10.914Z" hostname="Andreu" tests="1" failures="0" errors="0" skipped="0" time="0.1151629">
        <testcase classname="src/__tests__/App.test.tsx" name="App &gt; should render without crashing" time="0.1115954">
            <system-out>
[ToastService] registering toast API and flushing queue 0

            </system-out>
            <system-err>
⚠️ React Router Future Flag Warning: React Router will begin wrapping state updates in `React.startTransition` in v7. You can use the `v7_startTransition` future flag to opt-in early. For more information, see https://reactrouter.com/v6/upgrading/future#v7_starttransition.
⚠️ React Router Future Flag Warning: Relative route resolution within Splat routes is changing in v7. You can use the `v7_relativeSplatPath` future flag to opt-in early. For more information, see https://reactrouter.com/v6/upgrading/future#v7_relativesplatpath.

            </system-err>
        </testcase>
    </testsuite>
    <testsuite name="src/__tests__/routes.test.tsx" timestamp="2026-05-01T19:32:10.918Z" hostname="Andreu" tests="1" failures="0" errors="0" skipped="0" time="0.0739095">
        <testcase classname="src/__tests__/routes.test.tsx" name="AppRoutes &gt; should render routes" time="0.0700829">
            <system-err>
⚠️ React Router Future Flag Warning: React Router will begin wrapping state updates in `React.startTransition` in v7. You can use the `v7_startTransition` future flag to opt-in early. For more information, see https://reactrouter.com/v6/upgrading/future#v7_starttransition.
⚠️ React Router Future Flag Warning: Relative route resolution within Splat routes is changing in v7. You can use the `v7_relativeSplatPath` future flag to opt-in early. For more information, see https://reactrouter.com/v6/upgrading/future#v7_relativesplatpath.

            </system-err>
        </testcase>
    </testsuite>
    <testsuite name="src/contexts/__tests__/auth.context.test.tsx" timestamp="2026-05-01T19:32:10.919Z" hostname="Andreu" tests="15" failures="0" errors="0" skipped="0" time="1.0636305">
        <testcase classname="src/contexts/__tests__/auth.context.test.tsx" name="AuthContext &gt; should provide auth context to children" time="0.0531063">
            <system-err>
⚠️ React Router Future Flag Warning: React Router will begin wrapping state updates in `React.startTransition` in v7. You can use the `v7_startTransition` future flag to opt-in early. For more information, see https://reactrouter.com/v6/upgrading/future#v7_starttransition.
⚠️ React Router Future Flag Warning: Relative route resolution within Splat routes is changing in v7. You can use the `v7_relativeSplatPath` future flag to opt-in early. For more information, see https://reactrouter.com/v6/upgrading/future#v7_relativesplatpath.

            </system-err>
        </testcase>
        <testcase classname="src/contexts/__tests__/auth.context.test.tsx" name="AuthContext &gt; should show unauthenticated initially when no tokens" time="0.0347567">
        </testcase>
        <testcase classname="src/contexts/__tests__/auth.context.test.tsx" name="AuthContext &gt; should login and set user on success" time="0.0937645">
        </testcase>
        <testcase classname="src/contexts/__tests__/auth.context.test.tsx" name="AuthContext &gt; should register and set user on success" time="0.0621169">
        </testcase>
        <testcase classname="src/contexts/__tests__/auth.context.test.tsx" name="AuthContext &gt; should keep user unauthenticated and propagate error when login fails" time="0.0920956">
        </testcase>
        <testcase classname="src/contexts/__tests__/auth.context.test.tsx" name="AuthContext &gt; should return true from checkPermission when allowed" time="0.0707097">
        </testcase>
        <testcase classname="src/contexts/__tests__/auth.context.test.tsx" name="AuthContext &gt; should return false from checkPermission when denied" time="0.092374">
        </testcase>
        <testcase classname="src/contexts/__tests__/auth.context.test.tsx" name="AuthContext &gt; should refresh token on init when token is expired" time="0.0264366">
        </testcase>
        <testcase classname="src/contexts/__tests__/auth.context.test.tsx" name="AuthContext &gt; should logout and clear user" time="0.0775121">
        </testcase>
        <testcase classname="src/contexts/__tests__/auth.context.test.tsx" name="AuthContext &gt; should throw error when useAuth is used outside provider" time="0.0070922">
        </testcase>
        <testcase classname="src/contexts/__tests__/auth.context.test.tsx" name="AuthContext &gt; should handle hasPermission correctly for admin and regular users" time="0.2419839">
        </testcase>
        <testcase classname="src/contexts/__tests__/auth.context.test.tsx" name="AuthContext &gt; should return false from checkApiPermission and log error on API failure" time="0.0903707">
        </testcase>
        <testcase classname="src/contexts/__tests__/auth.context.test.tsx" name="AuthContext &gt; should handle refreshUserData correctly" time="0.0799244">
        </testcase>
        <testcase classname="src/contexts/__tests__/auth.context.test.tsx" name="AuthContext &gt; should log error when initAuth fails during token refresh" time="0.0304491">
        </testcase>
        <testcase classname="src/contexts/__tests__/auth.context.test.tsx" name="AuthContext &gt; should auto-refresh token before expiry" time="0.0076489">
        </testcase>
    </testsuite>
    <testsuite name="src/contexts/__tests__/theme.context.test.tsx" timestamp="2026-05-01T19:32:10.922Z" hostname="Andreu" tests="3" failures="0" errors="0" skipped="0" time="0.1382561">
        <testcase classname="src/contexts/__tests__/theme.context.test.tsx" name="ThemeContext &gt; should use default theme (system) if no storage" time="0.0690293">
        </testcase>
        <testcase classname="src/contexts/__tests__/theme.context.test.tsx" name="ThemeContext &gt; should use stored theme if available" time="0.0250155">
        </testcase>
        <testcase classname="src/contexts/__tests__/theme.context.test.tsx" name="ThemeContext &gt; should update theme and storage" time="0.0405571">
        </testcase>
    </testsuite>
    <testsuite name="src/contexts/__tests__/toast.context.test.tsx" timestamp="2026-05-01T19:32:10.923Z" hostname="Andreu" tests="9" failures="0" errors="0" skipped="0" time="0.7422187">
        <testcase classname="src/contexts/__tests__/toast.context.test.tsx" name="ToastContext &gt; should throw when useToast is used outside provider" time="0.023464">
        </testcase>
        <testcase classname="src/contexts/__tests__/toast.context.test.tsx" name="ToastContext &gt; should provide toast api when wrapped in provider" time="0.1453182">
        </testcase>
        <testcase classname="src/contexts/__tests__/toast.context.test.tsx" name="ToastContext &gt; should show error toast" time="0.1221425">
        </testcase>
        <testcase classname="src/contexts/__tests__/toast.context.test.tsx" name="ToastContext &gt; should clear toasts" time="0.1589266">
        </testcase>
        <testcase classname="src/contexts/__tests__/toast.context.test.tsx" name="ToastContext &gt; should return id from show" time="0.0441003">
        </testcase>
        <testcase classname="src/contexts/__tests__/toast.context.test.tsx" name="ToastContext &gt; should show info and warning toasts" time="0.1642677">
        </testcase>
        <testcase classname="src/contexts/__tests__/toast.context.test.tsx" name="ToastContext &gt; should intercept API client errors" time="0.0240623">
        </testcase>
        <testcase classname="src/contexts/__tests__/toast.context.test.tsx" name="ToastContext &gt; should handle API errors without status" time="0.0472062">
        </testcase>
        <testcase classname="src/contexts/__tests__/toast.context.test.tsx" name="ToastContext &gt; should cleanup registerToastApi on unmount" time="0.0096751">
        </testcase>
    </testsuite>
    <testsuite name="src/contexts/__tests__/toast.service.test.ts" timestamp="2026-05-01T19:32:10.925Z" hostname="Andreu" tests="10" failures="0" errors="0" skipped="0" time="0.0164063">
        <testcase classname="src/contexts/__tests__/toast.service.test.ts" name="toast.service &gt; registerToastApi &gt; should store api when registered" time="0.0042197">
            <system-out>
[ToastService] registering toast API and flushing queue 0

            </system-out>
        </testcase>
        <testcase classname="src/contexts/__tests__/toast.service.test.ts" name="toast.service &gt; registerToastApi &gt; should clear api when null is passed" time="0.0006961">
            <system-out>
[ToastService] registering toast API and flushing queue 0

            </system-out>
        </testcase>
        <testcase classname="src/contexts/__tests__/toast.service.test.ts" name="toast.service &gt; getToastApi &gt; should return null when no api registered" time="0.0004605">
        </testcase>
        <testcase classname="src/contexts/__tests__/toast.service.test.ts" name="toast.service &gt; getToastApi &gt; should return registered api" time="0.0004505">
            <system-out>
[ToastService] registering toast API and flushing queue 0

            </system-out>
        </testcase>
        <testcase classname="src/contexts/__tests__/toast.service.test.ts" name="toast.service &gt; showToastError &gt; should call api.error when api is registered" time="0.0030296">
            <system-out>
[ToastService] registering toast API and flushing queue 0

            </system-out>
        </testcase>
        <testcase classname="src/contexts/__tests__/toast.service.test.ts" name="toast.service &gt; showToastError &gt; should work without description" time="0.0007051">
            <system-out>
[ToastService] registering toast API and flushing queue 0

            </system-out>
        </testcase>
        <testcase classname="src/contexts/__tests__/toast.service.test.ts" name="toast.service &gt; showToastSuccess &gt; should call api.success when api is registered" time="0.0006422">
            <system-out>
[ToastService] registering toast API and flushing queue 0

            </system-out>
        </testcase>
        <testcase classname="src/contexts/__tests__/toast.service.test.ts" name="toast.service &gt; showToastWarning &gt; should call api.warning when api is registered" time="0.0006033">
            <system-out>
[ToastService] registering toast API and flushing queue 0

            </system-out>
        </testcase>
        <testcase classname="src/contexts/__tests__/toast.service.test.ts" name="toast.service &gt; showToastInfo &gt; should call api.info when api is registered" time="0.0006413">
            <system-out>
[ToastService] registering toast API and flushing queue 0

            </system-out>
        </testcase>
        <testcase classname="src/contexts/__tests__/toast.service.test.ts" name="toast.service &gt; queue when api not ready &gt; should flush queue when api is registered later" time="0.0012357">
            <system-out>
[ToastService] registering toast API and flushing queue 2

            </system-out>
        </testcase>
    </testsuite>
    <testsuite name="src/hooks/__tests__/use-data-table.test.ts" timestamp="2026-05-01T19:32:10.929Z" hostname="Andreu" tests="6" failures="0" errors="0" skipped="0" time="0.4885384">
        <testcase classname="src/hooks/__tests__/use-data-table.test.ts" name="useDataTable &gt; should fetch data on mount" time="0.0898807">
        </testcase>
        <testcase classname="src/hooks/__tests__/use-data-table.test.ts" name="useDataTable &gt; should handle search" time="0.0800314">
        </testcase>
        <testcase classname="src/hooks/__tests__/use-data-table.test.ts" name="useDataTable &gt; should handle sort" time="0.0674004">
        </testcase>
        <testcase classname="src/hooks/__tests__/use-data-table.test.ts" name="useDataTable &gt; should handle page change" time="0.0965313">
        </testcase>
        <testcase classname="src/hooks/__tests__/use-data-table.test.ts" name="useDataTable &gt; should handle error" time="0.0768763">
        </testcase>
        <testcase classname="src/hooks/__tests__/use-data-table.test.ts" name="useDataTable &gt; should handle forbidden error" time="0.0747099">
        </testcase>
    </testsuite>
    <testsuite name="src/hooks/__tests__/use-export.test.ts" timestamp="2026-05-01T19:32:10.931Z" hostname="Andreu" tests="2" failures="0" errors="0" skipped="0" time="0.0321487">
        <testcase classname="src/hooks/__tests__/use-export.test.ts" name="useExport &gt; should handle successful export" time="0.0261383">
        </testcase>
        <testcase classname="src/hooks/__tests__/use-export.test.ts" name="useExport &gt; should handle export failure" time="0.0028447">
        </testcase>
    </testsuite>
    <testsuite name="src/hooks/__tests__/use-list-actions.test.ts" timestamp="2026-05-01T19:32:10.932Z" hostname="Andreu" tests="4" failures="0" errors="0" skipped="0" time="0.0359214">
        <testcase classname="src/hooks/__tests__/use-list-actions.test.ts" name="useListActions &gt; should initialize with default states" time="0.0220504">
        </testcase>
        <testcase classname="src/hooks/__tests__/use-list-actions.test.ts" name="useListActions &gt; should handle create success" time="0.0054236">
        </testcase>
        <testcase classname="src/hooks/__tests__/use-list-actions.test.ts" name="useListActions &gt; should handle update success" time="0.0031424">
        </testcase>
        <testcase classname="src/hooks/__tests__/use-list-actions.test.ts" name="useListActions &gt; should handle delete success" time="0.0018591">
        </testcase>
    </testsuite>
    <testsuite name="src/hooks/__tests__/use-permissions.test.ts" timestamp="2026-05-01T19:32:10.934Z" hostname="Andreu" tests="9" failures="0" errors="0" skipped="0" time="0.035623">
        <testcase classname="src/hooks/__tests__/use-permissions.test.ts" name="Permissions Hooks &gt; usePermission &gt; should return false when no user is logged in" time="0.0209683">
        </testcase>
        <testcase classname="src/hooks/__tests__/use-permissions.test.ts" name="Permissions Hooks &gt; usePermission &gt; should return true for admin users" time="0.0014781">
        </testcase>
        <testcase classname="src/hooks/__tests__/use-permissions.test.ts" name="Permissions Hooks &gt; usePermission &gt; should return true when user has permission" time="0.0013458">
        </testcase>
        <testcase classname="src/hooks/__tests__/use-permissions.test.ts" name="Permissions Hooks &gt; useModulePermissions &gt; should return all false when no user is logged in" time="0.0015362">
        </testcase>
        <testcase classname="src/hooks/__tests__/use-permissions.test.ts" name="Permissions Hooks &gt; useModulePermissions &gt; should return all true for admin users" time="0.0017518">
        </testcase>
        <testcase classname="src/hooks/__tests__/use-permissions.test.ts" name="Permissions Hooks &gt; useModulePermissions &gt; should check specific permissions for non-admin users" time="0.0013373">
        </testcase>
        <testcase classname="src/hooks/__tests__/use-permissions.test.ts" name="Permissions Hooks &gt; usePermissions &gt; should return true if user has all listed permissions" time="0.0013645">
        </testcase>
        <testcase classname="src/hooks/__tests__/use-permissions.test.ts" name="Permissions Hooks &gt; usePermissions &gt; should return false if user is missing any permission" time="0.001079">
        </testcase>
        <testcase classname="src/hooks/__tests__/use-permissions.test.ts" name="Permissions Hooks &gt; usePermissions &gt; should return true for admin user regardless of specific permissions" time="0.0013454">
        </testcase>
    </testsuite>
    <testsuite name="src/hooks/__tests__/use-stock-operation-form.test.tsx" timestamp="2026-05-01T19:32:10.936Z" hostname="Andreu" tests="4" failures="0" errors="0" skipped="0" time="0.3291512">
        <testcase classname="src/hooks/__tests__/use-stock-operation-form.test.tsx" name="useStockOperationForm &gt; should return initial state" time="0.0324034">
        </testcase>
        <testcase classname="src/hooks/__tests__/use-stock-operation-form.test.tsx" name="useStockOperationForm &gt; should call onSubmit on submit and show success" time="0.0821361">
        </testcase>
        <testcase classname="src/hooks/__tests__/use-stock-operation-form.test.tsx" name="useStockOperationForm &gt; should show error on submit failure" time="0.0616519">
        </testcase>
        <testcase classname="src/hooks/__tests__/use-stock-operation-form.test.tsx" name="useStockOperationForm &gt; should reset error and success when resetForm called" time="0.1494554">
        </testcase>
    </testsuite>
    <testsuite name="src/lib/__tests__/error-handling.test.ts" timestamp="2026-05-01T19:32:10.937Z" hostname="Andreu" tests="20" failures="0" errors="0" skipped="0" time="0.0132313">
        <testcase classname="src/lib/__tests__/error-handling.test.ts" name="Error Handling Utilities &gt; handleApiError &gt; should return ApiClientError instance as-is" time="0.0025998">
        </testcase>
        <testcase classname="src/lib/__tests__/error-handling.test.ts" name="Error Handling Utilities &gt; handleApiError &gt; should convert Error instance to ApiClientError" time="0.0006348">
        </testcase>
        <testcase classname="src/lib/__tests__/error-handling.test.ts" name="Error Handling Utilities &gt; handleApiError &gt; should handle unknown error types with default message" time="0.0003878">
        </testcase>
        <testcase classname="src/lib/__tests__/error-handling.test.ts" name="Error Handling Utilities &gt; handleApiError &gt; should handle null error" time="0.0002738">
        </testcase>
        <testcase classname="src/lib/__tests__/error-handling.test.ts" name="Error Handling Utilities &gt; handleApiError &gt; should handle undefined error" time="0.000509">
        </testcase>
        <testcase classname="src/lib/__tests__/error-handling.test.ts" name="Error Handling Utilities &gt; handleApiError &gt; should handle string error" time="0.0002972">
        </testcase>
        <testcase classname="src/lib/__tests__/error-handling.test.ts" name="Error Handling Utilities &gt; handleApiError &gt; should preserve statusCode and other properties from ApiClientError" time="0.0013387">
        </testcase>
        <testcase classname="src/lib/__tests__/error-handling.test.ts" name="Error Handling Utilities &gt; isForbiddenError &gt; should return true for 403 status code" time="0.000348">
        </testcase>
        <testcase classname="src/lib/__tests__/error-handling.test.ts" name="Error Handling Utilities &gt; isForbiddenError &gt; should return false for other status codes" time="0.0003776">
        </testcase>
        <testcase classname="src/lib/__tests__/error-handling.test.ts" name="Error Handling Utilities &gt; isForbiddenError &gt; should return false when statusCode is undefined" time="0.000256">
        </testcase>
        <testcase classname="src/lib/__tests__/error-handling.test.ts" name="Error Handling Utilities &gt; getForbiddenMessage &gt; should generate message for singular resource" time="0.0002967">
        </testcase>
        <testcase classname="src/lib/__tests__/error-handling.test.ts" name="Error Handling Utilities &gt; getForbiddenMessage &gt; should generate message for plural resource" time="0.0002272">
        </testcase>
        <testcase classname="src/lib/__tests__/error-handling.test.ts" name="Error Handling Utilities &gt; getForbiddenMessage &gt; should generate message for resource with spaces" time="0.0002018">
        </testcase>
        <testcase classname="src/lib/__tests__/error-handling.test.ts" name="Error Handling Utilities &gt; getForbiddenMessage &gt; should generate message for empty string resource" time="0.0001699">
        </testcase>
        <testcase classname="src/lib/__tests__/error-handling.test.ts" name="Error Handling Utilities &gt; getErrorMessage &gt; should return error message for non-403 errors" time="0.0002861">
        </testcase>
        <testcase classname="src/lib/__tests__/error-handling.test.ts" name="Error Handling Utilities &gt; getErrorMessage &gt; should return default message when error message is empty for non-403 errors" time="0.0003788">
        </testcase>
        <testcase classname="src/lib/__tests__/error-handling.test.ts" name="Error Handling Utilities &gt; getErrorMessage &gt; should return error message for 403 errors when message exists" time="0.0002278">
        </testcase>
        <testcase classname="src/lib/__tests__/error-handling.test.ts" name="Error Handling Utilities &gt; getErrorMessage &gt; should return default message for 403 errors when error message is empty" time="0.0002269">
        </testcase>
        <testcase classname="src/lib/__tests__/error-handling.test.ts" name="Error Handling Utilities &gt; getErrorMessage &gt; should return default message for 403 errors when error message is undefined" time="0.0002555">
        </testcase>
        <testcase classname="src/lib/__tests__/error-handling.test.ts" name="Error Handling Utilities &gt; getErrorMessage &gt; should handle errors without statusCode" time="0.000203">
        </testcase>
    </testsuite>
    <testsuite name="src/lib/__tests__/export.utils.test.ts" timestamp="2026-05-01T19:32:10.942Z" hostname="Andreu" tests="2" failures="0" errors="0" skipped="0" time="0.012318">
        <testcase classname="src/lib/__tests__/export.utils.test.ts" name="export.utils &gt; downloadBlob &gt; should create a download link and trigger download" time="0.0082256">
        </testcase>
        <testcase classname="src/lib/__tests__/export.utils.test.ts" name="export.utils &gt; downloadBlob &gt; should handle different file types" time="0.0007914">
        </testcase>
    </testsuite>
    <testsuite name="src/lib/__tests__/utils.test.ts" timestamp="2026-05-01T19:32:10.943Z" hostname="Andreu" tests="16" failures="0" errors="0" skipped="0" time="0.0496326">
        <testcase classname="src/lib/__tests__/utils.test.ts" name="Utility Functions &gt; cn &gt; should merge class names" time="0.0121725">
        </testcase>
        <testcase classname="src/lib/__tests__/utils.test.ts" name="Utility Functions &gt; cn &gt; should handle conditional classes" time="0.0003379">
        </testcase>
        <testcase classname="src/lib/__tests__/utils.test.ts" name="Utility Functions &gt; cn &gt; should handle undefined and null" time="0.0002162">
        </testcase>
        <testcase classname="src/lib/__tests__/utils.test.ts" name="Utility Functions &gt; cn &gt; should handle empty strings" time="0.0003597">
        </testcase>
        <testcase classname="src/lib/__tests__/utils.test.ts" name="Utility Functions &gt; formatDate &gt; should format ISO date string" time="0.028368">
        </testcase>
        <testcase classname="src/lib/__tests__/utils.test.ts" name="Utility Functions &gt; formatDate &gt; should return empty string for undefined" time="0.0008901">
        </testcase>
        <testcase classname="src/lib/__tests__/utils.test.ts" name="Utility Functions &gt; formatDate &gt; should handle Date object" time="0.0005468">
        </testcase>
        <testcase classname="src/lib/__tests__/utils.test.ts" name="Utility Functions &gt; formatDateTime &gt; should format ISO date string with time" time="0.0006234">
        </testcase>
        <testcase classname="src/lib/__tests__/utils.test.ts" name="Utility Functions &gt; formatDateTime &gt; should handle different date formats" time="0.0004271">
        </testcase>
        <testcase classname="src/lib/__tests__/utils.test.ts" name="Utility Functions &gt; formatDateTime &gt; should return empty string for undefined" time="0.0004012">
        </testcase>
        <testcase classname="src/lib/__tests__/utils.test.ts" name="Utility Functions &gt; formatDateTime &gt; should handle Date object" time="0.0005693">
        </testcase>
        <testcase classname="src/lib/__tests__/utils.test.ts" name="Utility Functions &gt; formatCurrency &gt; should return empty string for zero" time="0.0002648">
        </testcase>
        <testcase classname="src/lib/__tests__/utils.test.ts" name="Utility Functions &gt; formatCurrency &gt; should format whole numbers without decimals" time="0.0002211">
        </testcase>
        <testcase classname="src/lib/__tests__/utils.test.ts" name="Utility Functions &gt; formatCurrency &gt; should format amounts with one decimal place when trailing zero" time="0.0001886">
        </testcase>
        <testcase classname="src/lib/__tests__/utils.test.ts" name="Utility Functions &gt; formatCurrency &gt; should format amounts with two decimal places" time="0.0001755">
        </testcase>
        <testcase classname="src/lib/__tests__/utils.test.ts" name="Utility Functions &gt; formatCurrency &gt; should handle decimal.endsWith(&apos;0&apos;) branch" time="0.0001773">
        </testcase>
    </testsuite>
    <testsuite name="src/test/integration/api-services.test.ts" timestamp="2026-05-01T19:32:10.946Z" hostname="Andreu" tests="4" failures="0" errors="0" skipped="0" time="0.0111125">
        <testcase classname="src/test/integration/api-services.test.ts" name="API Services Integration &gt; UsersService &gt; should fetch users with pagination" time="0.005742">
        </testcase>
        <testcase classname="src/test/integration/api-services.test.ts" name="API Services Integration &gt; UsersService &gt; should create a new user" time="0.0007538">
        </testcase>
        <testcase classname="src/test/integration/api-services.test.ts" name="API Services Integration &gt; RolesService &gt; should fetch roles" time="0.0006933">
        </testcase>
        <testcase classname="src/test/integration/api-services.test.ts" name="API Services Integration &gt; PermissionsService &gt; should fetch permissions" time="0.0005122">
        </testcase>
    </testsuite>
    <testsuite name="src/test/integration/backend-sync-validation.test.ts" timestamp="2026-05-01T19:32:10.946Z" hostname="Andreu" tests="22" failures="0" errors="0" skipped="0" time="0.2198962">
        <testcase classname="src/test/integration/backend-sync-validation.test.ts" name="Backend Synchronization Validation &gt; Type Definitions &gt; should have correct User interface with all backend fields" time="0.0019981">
        </testcase>
        <testcase classname="src/test/integration/backend-sync-validation.test.ts" name="Backend Synchronization Validation &gt; Type Definitions &gt; should have correct PaginatedResponse interface matching backend" time="0.0003238">
        </testcase>
        <testcase classname="src/test/integration/backend-sync-validation.test.ts" name="Backend Synchronization Validation &gt; Type Definitions &gt; should have QuerySpec interface for search/filter/sort" time="0.0002011">
        </testcase>
        <testcase classname="src/test/integration/backend-sync-validation.test.ts" name="Backend Synchronization Validation &gt; Type Definitions &gt; should have Inventory DTOs defined" time="0.0001927">
        </testcase>
        <testcase classname="src/test/integration/backend-sync-validation.test.ts" name="Backend Synchronization Validation &gt; Type Definitions &gt; should have Orders DTOs defined" time="0.0001832">
        </testcase>
        <testcase classname="src/test/integration/backend-sync-validation.test.ts" name="Backend Synchronization Validation &gt; Validation Schemas &gt; should validate LoginDto with correct rules" time="0.0034213">
        </testcase>
        <testcase classname="src/test/integration/backend-sync-validation.test.ts" name="Backend Synchronization Validation &gt; Validation Schemas &gt; should validate RegisterDto with password confirmation" time="0.0026683">
        </testcase>
        <testcase classname="src/test/integration/backend-sync-validation.test.ts" name="Backend Synchronization Validation &gt; Validation Schemas &gt; should validate CreateUserDto with minimum length requirements" time="0.0012587">
        </testcase>
        <testcase classname="src/test/integration/backend-sync-validation.test.ts" name="Backend Synchronization Validation &gt; Validation Schemas &gt; should validate UpdateUserDto with all optional fields" time="0.0015827">
        </testcase>
        <testcase classname="src/test/integration/backend-sync-validation.test.ts" name="Backend Synchronization Validation &gt; Validation Schemas &gt; should validate CreateRoleDto" time="0.0011141">
        </testcase>
        <testcase classname="src/test/integration/backend-sync-validation.test.ts" name="Backend Synchronization Validation &gt; Validation Schemas &gt; should validate CreatePermissionDto" time="0.0010156">
        </testcase>
        <testcase classname="src/test/integration/backend-sync-validation.test.ts" name="Backend Synchronization Validation &gt; Service Endpoint Mapping &gt; should have all auth service methods" time="0.1811725">
            <system-out>
[API Client] Base URL configured: http://localhost:5000
[API Client] VITE_API_BASE_URL from env: http://localhost:5000/api

[API Client] Using Axios

            </system-out>
            <system-err>
[API Client] Removed /api suffix from VITE_API_BASE_URL. The base URL should not include /api as endpoints already have full gateway paths.

            </system-err>
        </testcase>
        <testcase classname="src/test/integration/backend-sync-validation.test.ts" name="Backend Synchronization Validation &gt; Service Endpoint Mapping &gt; should have all users service methods" time="0.0047513">
        </testcase>
        <testcase classname="src/test/integration/backend-sync-validation.test.ts" name="Backend Synchronization Validation &gt; Service Endpoint Mapping &gt; should have all roles service methods" time="0.0019999">
        </testcase>
        <testcase classname="src/test/integration/backend-sync-validation.test.ts" name="Backend Synchronization Validation &gt; Service Endpoint Mapping &gt; should have all permissions service methods" time="0.0016847">
        </testcase>
        <testcase classname="src/test/integration/backend-sync-validation.test.ts" name="Backend Synchronization Validation &gt; Service Endpoint Mapping &gt; should have products service methods" time="0.0027083">
        </testcase>
        <testcase classname="src/test/integration/backend-sync-validation.test.ts" name="Backend Synchronization Validation &gt; Service Endpoint Mapping &gt; should have warehouses service methods" time="0.00206">
        </testcase>
        <testcase classname="src/test/integration/backend-sync-validation.test.ts" name="Backend Synchronization Validation &gt; Service Endpoint Mapping &gt; should have orders service methods" time="0.0016164">
        </testcase>
        <testcase classname="src/test/integration/backend-sync-validation.test.ts" name="Backend Synchronization Validation &gt; Service Endpoint Mapping &gt; should have sales orders service methods" time="0.0019117">
        </testcase>
        <testcase classname="src/test/integration/backend-sync-validation.test.ts" name="Backend Synchronization Validation &gt; Service Endpoint Mapping &gt; should have purchase orders service methods" time="0.0017777">
        </testcase>
        <testcase classname="src/test/integration/backend-sync-validation.test.ts" name="Backend Synchronization Validation &gt; Service Endpoint Mapping &gt; should have suppliers service methods" time="0.001589">
        </testcase>
        <testcase classname="src/test/integration/backend-sync-validation.test.ts" name="Backend Synchronization Validation &gt; DateTime Handling &gt; should use ISO-8601 string format for DateTime fields" time="0.0013344">
        </testcase>
    </testsuite>
    <testsuite name="src/api/constants/__tests__/endpoints.test.ts" timestamp="2026-05-01T19:32:10.950Z" hostname="Andreu" tests="23" failures="0" errors="0" skipped="0" time="0.0112281">
        <testcase classname="src/api/constants/__tests__/endpoints.test.ts" name="API Endpoints Constants &gt; AUTH_ENDPOINTS &gt; should have correct login endpoint" time="0.002165">
        </testcase>
        <testcase classname="src/api/constants/__tests__/endpoints.test.ts" name="API Endpoints Constants &gt; AUTH_ENDPOINTS &gt; should have correct register endpoint" time="0.0002786">
        </testcase>
        <testcase classname="src/api/constants/__tests__/endpoints.test.ts" name="API Endpoints Constants &gt; AUTH_ENDPOINTS &gt; should have correct refresh endpoint" time="0.0002198">
        </testcase>
        <testcase classname="src/api/constants/__tests__/endpoints.test.ts" name="API Endpoints Constants &gt; AUTH_ENDPOINTS &gt; should have correct logout endpoint" time="0.0003564">
        </testcase>
        <testcase classname="src/api/constants/__tests__/endpoints.test.ts" name="API Endpoints Constants &gt; USERS_ENDPOINTS &gt; should have correct ME endpoint" time="0.0003027">
        </testcase>
        <testcase classname="src/api/constants/__tests__/endpoints.test.ts" name="API Endpoints Constants &gt; USERS_ENDPOINTS &gt; should generate correct BY_ID endpoint" time="0.0002319">
        </testcase>
        <testcase classname="src/api/constants/__tests__/endpoints.test.ts" name="API Endpoints Constants &gt; USERS_ENDPOINTS &gt; should have correct CREATE endpoint" time="0.0001955">
        </testcase>
        <testcase classname="src/api/constants/__tests__/endpoints.test.ts" name="API Endpoints Constants &gt; USERS_ENDPOINTS &gt; should have correct SEARCH endpoint" time="0.0001607">
        </testcase>
        <testcase classname="src/api/constants/__tests__/endpoints.test.ts" name="API Endpoints Constants &gt; PRODUCTS_ENDPOINTS &gt; should have correct base endpoint" time="0.0001777">
        </testcase>
        <testcase classname="src/api/constants/__tests__/endpoints.test.ts" name="API Endpoints Constants &gt; PRODUCTS_ENDPOINTS &gt; should generate correct BY_ID endpoint" time="0.0003894">
        </testcase>
        <testcase classname="src/api/constants/__tests__/endpoints.test.ts" name="API Endpoints Constants &gt; PRODUCTS_ENDPOINTS &gt; should have correct SEARCH endpoint" time="0.0002173">
        </testcase>
        <testcase classname="src/api/constants/__tests__/endpoints.test.ts" name="API Endpoints Constants &gt; WAREHOUSES_ENDPOINTS &gt; should have correct base endpoint" time="0.0002213">
        </testcase>
        <testcase classname="src/api/constants/__tests__/endpoints.test.ts" name="API Endpoints Constants &gt; WAREHOUSES_ENDPOINTS &gt; should generate correct BY_ID endpoint" time="0.0002423">
        </testcase>
        <testcase classname="src/api/constants/__tests__/endpoints.test.ts" name="API Endpoints Constants &gt; CUSTOMERS_ENDPOINTS &gt; should have correct base endpoint" time="0.0002448">
        </testcase>
        <testcase classname="src/api/constants/__tests__/endpoints.test.ts" name="API Endpoints Constants &gt; CUSTOMERS_ENDPOINTS &gt; should generate correct BY_ID endpoint" time="0.0002353">
        </testcase>
        <testcase classname="src/api/constants/__tests__/endpoints.test.ts" name="API Endpoints Constants &gt; SALES_ORDERS_ENDPOINTS &gt; should have correct base endpoint" time="0.0002043">
        </testcase>
        <testcase classname="src/api/constants/__tests__/endpoints.test.ts" name="API Endpoints Constants &gt; SALES_ORDERS_ENDPOINTS &gt; should have correct QUOTES endpoint" time="0.000179">
        </testcase>
        <testcase classname="src/api/constants/__tests__/endpoints.test.ts" name="API Endpoints Constants &gt; PURCHASE_ORDERS_ENDPOINTS &gt; should have correct base endpoint" time="0.0002131">
        </testcase>
        <testcase classname="src/api/constants/__tests__/endpoints.test.ts" name="API Endpoints Constants &gt; PURCHASE_ORDERS_ENDPOINTS &gt; should generate correct BY_ID endpoint" time="0.0002281">
        </testcase>
        <testcase classname="src/api/constants/__tests__/endpoints.test.ts" name="API Endpoints Constants &gt; CRM endpoints &gt; should have correct CRM service base" time="0.0002215">
        </testcase>
        <testcase classname="src/api/constants/__tests__/endpoints.test.ts" name="API Endpoints Constants &gt; CRM endpoints &gt; should have correct leads base endpoint" time="0.0002212">
        </testcase>
        <testcase classname="src/api/constants/__tests__/endpoints.test.ts" name="API Endpoints Constants &gt; CRM endpoints &gt; should generate correct leads QUALIFY endpoint" time="0.0002305">
        </testcase>
        <testcase classname="src/api/constants/__tests__/endpoints.test.ts" name="API Endpoints Constants &gt; CRM endpoints &gt; should have correct opportunities forecast endpoint" time="0.0002149">
        </testcase>
    </testsuite>
    <testsuite name="src/api/clients/__tests__/axios-client.test.ts" timestamp="2026-05-01T19:32:10.953Z" hostname="Andreu" tests="19" failures="0" errors="0" skipped="0" time="0.0297457">
        <testcase classname="src/api/clients/__tests__/axios-client.test.ts" name="AxiosApiClient &gt; HTTP Methods &gt; should make GET request" time="0.0067581">
        </testcase>
        <testcase classname="src/api/clients/__tests__/axios-client.test.ts" name="AxiosApiClient &gt; HTTP Methods &gt; should make GET request with config" time="0.0019734">
        </testcase>
        <testcase classname="src/api/clients/__tests__/axios-client.test.ts" name="AxiosApiClient &gt; HTTP Methods &gt; should make POST request" time="0.0010834">
        </testcase>
        <testcase classname="src/api/clients/__tests__/axios-client.test.ts" name="AxiosApiClient &gt; HTTP Methods &gt; should make PUT request" time="0.0008408">
        </testcase>
        <testcase classname="src/api/clients/__tests__/axios-client.test.ts" name="AxiosApiClient &gt; HTTP Methods &gt; should make PATCH request" time="0.0008187">
        </testcase>
        <testcase classname="src/api/clients/__tests__/axios-client.test.ts" name="AxiosApiClient &gt; HTTP Methods &gt; should make DELETE request" time="0.0008842">
        </testcase>
        <testcase classname="src/api/clients/__tests__/axios-client.test.ts" name="AxiosApiClient &gt; Authentication &gt; should set auth token" time="0.0007204">
        </testcase>
        <testcase classname="src/api/clients/__tests__/axios-client.test.ts" name="AxiosApiClient &gt; Authentication &gt; should clear auth token" time="0.0005639">
        </testcase>
        <testcase classname="src/api/clients/__tests__/axios-client.test.ts" name="AxiosApiClient &gt; Authentication &gt; should add Authorization header when token is set" time="0.0007891">
        </testcase>
        <testcase classname="src/api/clients/__tests__/axios-client.test.ts" name="AxiosApiClient &gt; Error Handling &gt; should handle network errors (no response)" time="0.0013622">
        </testcase>
        <testcase classname="src/api/clients/__tests__/axios-client.test.ts" name="AxiosApiClient &gt; Error Handling &gt; should handle request setup errors" time="0.0009099">
        </testcase>
        <testcase classname="src/api/clients/__tests__/axios-client.test.ts" name="AxiosApiClient &gt; Error Handling &gt; should handle 4xx/5xx with response and ProblemDetails" time="0.0015414">
        </testcase>
        <testcase classname="src/api/clients/__tests__/axios-client.test.ts" name="AxiosApiClient &gt; Error Handling &gt; should handle 403 without showing toast (component handles)" time="0.0008223">
        </testcase>
        <testcase classname="src/api/clients/__tests__/axios-client.test.ts" name="AxiosApiClient &gt; Error Handling &gt; should handle 500 with simple message" time="0.0008113">
        </testcase>
        <testcase classname="src/api/clients/__tests__/axios-client.test.ts" name="AxiosApiClient &gt; Error Handling &gt; should use error.message when response has no message" time="0.000702">
        </testcase>
        <testcase classname="src/api/clients/__tests__/axios-client.test.ts" name="AxiosApiClient &gt; Interceptors &gt; should call onRequest when provided" time="0.0007277">
        </testcase>
        <testcase classname="src/api/clients/__tests__/axios-client.test.ts" name="AxiosApiClient &gt; Interceptors &gt; should call onResponse when provided" time="0.0007597">
        </testcase>
        <testcase classname="src/api/clients/__tests__/axios-client.test.ts" name="AxiosApiClient &gt; Interceptors &gt; should call onError when provided and request fails" time="0.0008931">
        </testcase>
        <testcase classname="src/api/clients/__tests__/axios-client.test.ts" name="AxiosApiClient &gt; Constructor &gt; should pass timeout and headers from config" time="0.0028735">
        </testcase>
    </testsuite>
    <testsuite name="src/api/clients/__tests__/dapr-client.test.ts" timestamp="2026-05-01T19:32:10.956Z" hostname="Andreu" tests="5" failures="0" errors="0" skipped="0" time="0.0178985">
        <testcase classname="src/api/clients/__tests__/dapr-client.test.ts" name="DaprHttpClient &gt; HTTP Methods &gt; should make GET request through Dapr" time="0.007824">
        </testcase>
        <testcase classname="src/api/clients/__tests__/dapr-client.test.ts" name="DaprHttpClient &gt; HTTP Methods &gt; should make POST request through Dapr" time="0.0010681">
        </testcase>
        <testcase classname="src/api/clients/__tests__/dapr-client.test.ts" name="DaprHttpClient &gt; Authentication &gt; should include auth token in headers" time="0.0013282">
        </testcase>
        <testcase classname="src/api/clients/__tests__/dapr-client.test.ts" name="DaprHttpClient &gt; Error Handling &gt; should handle HTTP errors" time="0.0033289">
        </testcase>
        <testcase classname="src/api/clients/__tests__/dapr-client.test.ts" name="DaprHttpClient &gt; Error Handling &gt; should handle network errors" time="0.0007905">
        </testcase>
    </testsuite>
    <testsuite name="src/components/auth/__tests__/can.test.tsx" timestamp="2026-05-01T19:32:10.958Z" hostname="Andreu" tests="3" failures="0" errors="0" skipped="0" time="0.0378468">
        <testcase classname="src/components/auth/__tests__/can.test.tsx" name="Can Component &gt; should render children when user has permission" time="0.0285262">
        </testcase>
        <testcase classname="src/components/auth/__tests__/can.test.tsx" name="Can Component &gt; should not render children when user lacks permission" time="0.0018831">
        </testcase>
        <testcase classname="src/components/auth/__tests__/can.test.tsx" name="Can Component &gt; should call usePermission with correct parameters" time="0.0038865">
        </testcase>
    </testsuite>
    <testsuite name="src/components/auth/__tests__/permission-route.test.tsx" timestamp="2026-05-01T19:32:10.958Z" hostname="Andreu" tests="3" failures="0" errors="0" skipped="0" time="0.1222679">
        <testcase classname="src/components/auth/__tests__/permission-route.test.tsx" name="PermissionRoute Component &gt; should render children when user has permission" time="0.063384">
            <system-err>
⚠️ React Router Future Flag Warning: React Router will begin wrapping state updates in `React.startTransition` in v7. You can use the `v7_startTransition` future flag to opt-in early. For more information, see https://reactrouter.com/v6/upgrading/future#v7_starttransition.
⚠️ React Router Future Flag Warning: Relative route resolution within Splat routes is changing in v7. You can use the `v7_relativeSplatPath` future flag to opt-in early. For more information, see https://reactrouter.com/v6/upgrading/future#v7_relativesplatpath.

            </system-err>
        </testcase>
        <testcase classname="src/components/auth/__tests__/permission-route.test.tsx" name="PermissionRoute Component &gt; should show Access Denied when user lacks permission" time="0.0529311">
        </testcase>
        <testcase classname="src/components/auth/__tests__/permission-route.test.tsx" name="PermissionRoute Component &gt; should show loading state while checking permission" time="0.0029431">
        </testcase>
    </testsuite>
    <testsuite name="src/components/auth/__tests__/protected-route.test.tsx" timestamp="2026-05-01T19:32:10.959Z" hostname="Andreu" tests="5" failures="0" errors="0" skipped="0" time="0.1258261">
        <testcase classname="src/components/auth/__tests__/protected-route.test.tsx" name="ProtectedRoute &gt; should show loading when isLoading is true" time="0.0442769">
            <system-err>
⚠️ React Router Future Flag Warning: React Router will begin wrapping state updates in `React.startTransition` in v7. You can use the `v7_startTransition` future flag to opt-in early. For more information, see https://reactrouter.com/v6/upgrading/future#v7_starttransition.
⚠️ React Router Future Flag Warning: Relative route resolution within Splat routes is changing in v7. You can use the `v7_relativeSplatPath` future flag to opt-in early. For more information, see https://reactrouter.com/v6/upgrading/future#v7_relativesplatpath.

            </system-err>
        </testcase>
        <testcase classname="src/components/auth/__tests__/protected-route.test.tsx" name="ProtectedRoute &gt; should redirect to login when not authenticated" time="0.0102501">
        </testcase>
        <testcase classname="src/components/auth/__tests__/protected-route.test.tsx" name="ProtectedRoute &gt; should render children when authenticated without permission check" time="0.0081412">
        </testcase>
        <testcase classname="src/components/auth/__tests__/protected-route.test.tsx" name="ProtectedRoute &gt; should show Access Denied when permission check fails" time="0.0353947">
        </testcase>
        <testcase classname="src/components/auth/__tests__/protected-route.test.tsx" name="ProtectedRoute &gt; should render children when permission check passes" time="0.0239807">
        </testcase>
    </testsuite>
    <testsuite name="src/components/billing/__tests__/cancel-invoice-dialog.test.tsx" timestamp="2026-05-01T19:32:10.961Z" hostname="Andreu" tests="1" failures="0" errors="0" skipped="0" time="0.1856777">
        <testcase classname="src/components/billing/__tests__/cancel-invoice-dialog.test.tsx" name="CancelInvoiceDialog &gt; submits cancellation payload" time="0.1825925">
        </testcase>
    </testsuite>
    <testsuite name="src/components/billing/__tests__/create-credit-note-dialog.test.tsx" timestamp="2026-05-01T19:32:10.961Z" hostname="Andreu" tests="1" failures="0" errors="0" skipped="0" time="0.2623504">
        <testcase classname="src/components/billing/__tests__/create-credit-note-dialog.test.tsx" name="CreateCreditNoteDialog &gt; submits credit note payload" time="0.2596447">
        </testcase>
    </testsuite>
    <testsuite name="src/components/billing/__tests__/create-invoice-dialog.test.tsx" timestamp="2026-05-01T19:32:10.962Z" hostname="Andreu" tests="3" failures="0" errors="0" skipped="0" time="0.4290181">
        <testcase classname="src/components/billing/__tests__/create-invoice-dialog.test.tsx" name="CreateInvoiceDialog &gt; renders dialog content when open" time="0.1533221">
        </testcase>
        <testcase classname="src/components/billing/__tests__/create-invoice-dialog.test.tsx" name="CreateInvoiceDialog &gt; submits valid invoice payload" time="0.1420665">
        </testcase>
        <testcase classname="src/components/billing/__tests__/create-invoice-dialog.test.tsx" name="CreateInvoiceDialog &gt; shows validation error when invoice number is missing" time="0.1309199">
        </testcase>
    </testsuite>
    <testsuite name="src/components/billing/__tests__/issue-invoice-dialog.test.tsx" timestamp="2026-05-01T19:32:10.963Z" hostname="Andreu" tests="2" failures="0" errors="0" skipped="0" time="0.2383682">
        <testcase classname="src/components/billing/__tests__/issue-invoice-dialog.test.tsx" name="IssueInvoiceDialog &gt; submits issue payload" time="0.1721583">
        </testcase>
        <testcase classname="src/components/billing/__tests__/issue-invoice-dialog.test.tsx" name="IssueInvoiceDialog &gt; shows validation errors" time="0.0617347">
        </testcase>
    </testsuite>
    <testsuite name="src/components/billing/__tests__/record-payment-dialog.test.tsx" timestamp="2026-05-01T19:32:10.964Z" hostname="Andreu" tests="1" failures="0" errors="0" skipped="0" time="0.1929363">
        <testcase classname="src/components/billing/__tests__/record-payment-dialog.test.tsx" name="RecordPaymentDialog &gt; submits payment payload" time="0.1902973">
        </testcase>
    </testsuite>
    <testsuite name="src/api/services/__tests__/auth.service.test.ts" timestamp="2026-05-01T19:32:10.965Z" hostname="Andreu" tests="6" failures="0" errors="0" skipped="0" time="0.012119">
        <testcase classname="src/api/services/__tests__/auth.service.test.ts" name="AuthService &gt; login &gt; should login with credentials" time="0.0057915">
        </testcase>
        <testcase classname="src/api/services/__tests__/auth.service.test.ts" name="AuthService &gt; register &gt; should register a new user" time="0.0006341">
        </testcase>
        <testcase classname="src/api/services/__tests__/auth.service.test.ts" name="AuthService &gt; refreshToken &gt; should refresh access token" time="0.0007638">
        </testcase>
        <testcase classname="src/api/services/__tests__/auth.service.test.ts" name="AuthService &gt; logout &gt; should logout user" time="0.000382">
        </testcase>
        <testcase classname="src/api/services/__tests__/auth.service.test.ts" name="AuthService &gt; getCurrentUser &gt; should get current user" time="0.0004626">
        </testcase>
        <testcase classname="src/api/services/__tests__/auth.service.test.ts" name="AuthService &gt; checkPermission &gt; should check permission" time="0.0005994">
        </testcase>
    </testsuite>
    <testsuite name="src/api/services/__tests__/crm-accounts.service.test.ts" timestamp="2026-05-01T19:32:10.966Z" hostname="Andreu" tests="2" failures="0" errors="0" skipped="0" time="0.009779">
        <testcase classname="src/api/services/__tests__/crm-accounts.service.test.ts" name="CrmAccountsService &gt; searchAccounts should call GET accounts with query params" time="0.0056914">
        </testcase>
        <testcase classname="src/api/services/__tests__/crm-accounts.service.test.ts" name="CrmAccountsService &gt; updateAccountOwner should PUT to the owner endpoint" time="0.0007651">
        </testcase>
    </testsuite>
    <testsuite name="src/api/services/__tests__/crm-activities.service.test.ts" timestamp="2026-05-01T19:32:10.967Z" hostname="Andreu" tests="3" failures="0" errors="0" skipped="0" time="0.0109736">
        <testcase classname="src/api/services/__tests__/crm-activities.service.test.ts" name="CrmActivitiesService &gt; searchActivities should call GET activities with query params" time="0.0058407">
        </testcase>
        <testcase classname="src/api/services/__tests__/crm-activities.service.test.ts" name="CrmActivitiesService &gt; createActivity should POST to the activities base endpoint" time="0.0012147">
        </testcase>
        <testcase classname="src/api/services/__tests__/crm-activities.service.test.ts" name="CrmActivitiesService &gt; completeActivity should POST to the complete endpoint" time="0.0005788">
        </testcase>
    </testsuite>
    <testsuite name="src/api/services/__tests__/crm-contacts.service.test.ts" timestamp="2026-05-01T19:32:10.968Z" hostname="Andreu" tests="3" failures="0" errors="0" skipped="0" time="0.0097274">
        <testcase classname="src/api/services/__tests__/crm-contacts.service.test.ts" name="CrmContactsService &gt; getContactsByAccount should GET the account-scoped contacts endpoint" time="0.0049228">
        </testcase>
        <testcase classname="src/api/services/__tests__/crm-contacts.service.test.ts" name="CrmContactsService &gt; createContact should POST to the contacts base endpoint" time="0.0013013">
        </testcase>
        <testcase classname="src/api/services/__tests__/crm-contacts.service.test.ts" name="CrmContactsService &gt; deactivateContact should DELETE the contact by id endpoint" time="0.0003627">
        </testcase>
    </testsuite>
    <testsuite name="src/api/services/__tests__/crm-opportunities.service.test.ts" timestamp="2026-05-01T19:32:10.969Z" hostname="Andreu" tests="7" failures="0" errors="0" skipped="0" time="0.0141365">
        <testcase classname="src/api/services/__tests__/crm-opportunities.service.test.ts" name="CrmOpportunitiesService &gt; searchOpportunities should call GET opportunities with query params" time="0.0068254">
        </testcase>
        <testcase classname="src/api/services/__tests__/crm-opportunities.service.test.ts" name="CrmOpportunitiesService &gt; updateOpportunityForecast should PUT to the forecast endpoint" time="0.0012272">
        </testcase>
        <testcase classname="src/api/services/__tests__/crm-opportunities.service.test.ts" name="CrmOpportunitiesService &gt; moveOpportunityStage should POST to the move-stage endpoint" time="0.0005386">
        </testcase>
        <testcase classname="src/api/services/__tests__/crm-opportunities.service.test.ts" name="CrmOpportunitiesService &gt; markOpportunityLost should POST to the mark-lost endpoint" time="0.0008001">
        </testcase>
        <testcase classname="src/api/services/__tests__/crm-opportunities.service.test.ts" name="CrmOpportunitiesService &gt; addOpportunityLine should POST to the lines endpoint" time="0.00056">
        </testcase>
        <testcase classname="src/api/services/__tests__/crm-opportunities.service.test.ts" name="CrmOpportunitiesService &gt; markOpportunityWon should POST with request payload" time="0.000478">
        </testcase>
        <testcase classname="src/api/services/__tests__/crm-opportunities.service.test.ts" name="CrmOpportunitiesService &gt; createOpportunity should POST to the opportunities base endpoint" time="0.0004921">
        </testcase>
    </testsuite>
    <testsuite name="src/api/services/__tests__/customers.service.test.ts" timestamp="2026-05-01T19:32:10.970Z" hostname="Andreu" tests="8" failures="0" errors="0" skipped="0" time="0.0138634">
        <testcase classname="src/api/services/__tests__/customers.service.test.ts" name="CustomersService &gt; getCustomers &gt; should fetch all customers" time="0.0051033">
        </testcase>
        <testcase classname="src/api/services/__tests__/customers.service.test.ts" name="CustomersService &gt; searchCustomers &gt; should search customers with query spec" time="0.0017839">
        </testcase>
        <testcase classname="src/api/services/__tests__/customers.service.test.ts" name="CustomersService &gt; createCustomer &gt; should create a new customer" time="0.0005884">
        </testcase>
        <testcase classname="src/api/services/__tests__/customers.service.test.ts" name="CustomersService &gt; getCustomerById &gt; should fetch customer by ID" time="0.0004993">
        </testcase>
        <testcase classname="src/api/services/__tests__/customers.service.test.ts" name="CustomersService &gt; updateCustomer &gt; should update an existing customer" time="0.0005201">
        </testcase>
        <testcase classname="src/api/services/__tests__/customers.service.test.ts" name="CustomersService &gt; deleteCustomer &gt; should delete a customer" time="0.0003431">
        </testcase>
        <testcase classname="src/api/services/__tests__/customers.service.test.ts" name="CustomersService &gt; exportToXlsx &gt; should export customers to xlsx" time="0.0007691">
        </testcase>
        <testcase classname="src/api/services/__tests__/customers.service.test.ts" name="CustomersService &gt; exportToPdf &gt; should export customers to pdf" time="0.0005306">
        </testcase>
    </testsuite>
    <testsuite name="src/api/services/__tests__/inventory-transactions.service.test.ts" timestamp="2026-05-01T19:32:10.972Z" hostname="Andreu" tests="11" failures="0" errors="0" skipped="0" time="0.0150017">
        <testcase classname="src/api/services/__tests__/inventory-transactions.service.test.ts" name="InventoryTransactionsService &gt; getTransactions &gt; should fetch all transactions" time="0.0047711">
        </testcase>
        <testcase classname="src/api/services/__tests__/inventory-transactions.service.test.ts" name="InventoryTransactionsService &gt; getTransactionsPaginated &gt; should fetch paginated transactions" time="0.0018677">
        </testcase>
        <testcase classname="src/api/services/__tests__/inventory-transactions.service.test.ts" name="InventoryTransactionsService &gt; getTransactionsPaginated &gt; should use default pagination parameters" time="0.0007792">
        </testcase>
        <testcase classname="src/api/services/__tests__/inventory-transactions.service.test.ts" name="InventoryTransactionsService &gt; searchTransactions &gt; should search transactions with query spec" time="0.0006314">
        </testcase>
        <testcase classname="src/api/services/__tests__/inventory-transactions.service.test.ts" name="InventoryTransactionsService &gt; getTransactionById &gt; should fetch transaction by ID" time="0.0004674">
        </testcase>
        <testcase classname="src/api/services/__tests__/inventory-transactions.service.test.ts" name="InventoryTransactionsService &gt; getTransactionsByProduct &gt; should fetch transactions by product ID" time="0.0004414">
        </testcase>
        <testcase classname="src/api/services/__tests__/inventory-transactions.service.test.ts" name="InventoryTransactionsService &gt; getTransactionsByWarehouse &gt; should fetch transactions by warehouse ID" time="0.0004336">
        </testcase>
        <testcase classname="src/api/services/__tests__/inventory-transactions.service.test.ts" name="InventoryTransactionsService &gt; getTransactionsByType &gt; should fetch transactions by type" time="0.0006495">
        </testcase>
        <testcase classname="src/api/services/__tests__/inventory-transactions.service.test.ts" name="InventoryTransactionsService &gt; createTransaction &gt; should create a new transaction" time="0.0004873">
        </testcase>
        <testcase classname="src/api/services/__tests__/inventory-transactions.service.test.ts" name="InventoryTransactionsService &gt; updateTransaction &gt; should update an existing transaction" time="0.000473">
        </testcase>
        <testcase classname="src/api/services/__tests__/inventory-transactions.service.test.ts" name="InventoryTransactionsService &gt; deleteTransaction &gt; should delete a transaction" time="0.0003316">
        </testcase>
    </testsuite>
    <testsuite name="src/api/services/__tests__/invoices.service.test.ts" timestamp="2026-05-01T19:32:10.974Z" hostname="Andreu" tests="15" failures="0" errors="0" skipped="0" time="0.0194529">
        <testcase classname="src/api/services/__tests__/invoices.service.test.ts" name="InvoicesService &gt; fetches invoices" time="0.0051674">
        </testcase>
        <testcase classname="src/api/services/__tests__/invoices.service.test.ts" name="InvoicesService &gt; searches invoices with query spec" time="0.0015801">
        </testcase>
        <testcase classname="src/api/services/__tests__/invoices.service.test.ts" name="InvoicesService &gt; fetches invoice by id" time="0.0005299">
        </testcase>
        <testcase classname="src/api/services/__tests__/invoices.service.test.ts" name="InvoicesService &gt; fetches invoices by customer" time="0.000399">
        </testcase>
        <testcase classname="src/api/services/__tests__/invoices.service.test.ts" name="InvoicesService &gt; fetches invoices by order" time="0.0005427">
        </testcase>
        <testcase classname="src/api/services/__tests__/invoices.service.test.ts" name="InvoicesService &gt; creates invoice" time="0.0004719">
        </testcase>
        <testcase classname="src/api/services/__tests__/invoices.service.test.ts" name="InvoicesService &gt; issues invoice" time="0.0004503">
        </testcase>
        <testcase classname="src/api/services/__tests__/invoices.service.test.ts" name="InvoicesService &gt; records invoice payment" time="0.0004648">
        </testcase>
        <testcase classname="src/api/services/__tests__/invoices.service.test.ts" name="InvoicesService &gt; cancels invoice" time="0.0004578">
        </testcase>
        <testcase classname="src/api/services/__tests__/invoices.service.test.ts" name="InvoicesService &gt; creates credit note for invoice" time="0.0004163">
        </testcase>
        <testcase classname="src/api/services/__tests__/invoices.service.test.ts" name="InvoicesService &gt; fetches payments by invoice" time="0.0003777">
        </testcase>
        <testcase classname="src/api/services/__tests__/invoices.service.test.ts" name="InvoicesService &gt; fetches credit notes by invoice" time="0.0003724">
        </testcase>
        <testcase classname="src/api/services/__tests__/invoices.service.test.ts" name="InvoicesService &gt; exports invoices to xlsx" time="0.0015747">
        </testcase>
        <testcase classname="src/api/services/__tests__/invoices.service.test.ts" name="InvoicesService &gt; exports invoices to pdf" time="0.000627">
        </testcase>
        <testcase classname="src/api/services/__tests__/invoices.service.test.ts" name="InvoicesService &gt; propagates service errors" time="0.0026667">
        </testcase>
    </testsuite>
    <testsuite name="src/api/services/__tests__/leads.service.test.ts" timestamp="2026-05-01T19:32:10.977Z" hostname="Andreu" tests="4" failures="0" errors="0" skipped="0" time="0.0121277">
        <testcase classname="src/api/services/__tests__/leads.service.test.ts" name="LeadsService &gt; searchLeads should call the leads endpoint with query params" time="0.0062219">
        </testcase>
        <testcase classname="src/api/services/__tests__/leads.service.test.ts" name="LeadsService &gt; qualifyLead should POST to the qualify endpoint" time="0.000763">
        </testcase>
        <testcase classname="src/api/services/__tests__/leads.service.test.ts" name="LeadsService &gt; createLead should POST to the leads base endpoint" time="0.0007685">
        </testcase>
        <testcase classname="src/api/services/__tests__/leads.service.test.ts" name="LeadsService &gt; updateLead should PUT to the lead by id endpoint" time="0.0005536">
        </testcase>
    </testsuite>
    <testsuite name="src/api/services/__tests__/orders.service.test.ts" timestamp="2026-05-01T19:32:10.978Z" hostname="Andreu" tests="10" failures="0" errors="0" skipped="0" time="0.0140019">
        <testcase classname="src/api/services/__tests__/orders.service.test.ts" name="OrdersService &gt; getOrders &gt; should fetch all orders" time="0.004685">
        </testcase>
        <testcase classname="src/api/services/__tests__/orders.service.test.ts" name="OrdersService &gt; getOrderById &gt; should fetch order by ID" time="0.0007825">
        </testcase>
        <testcase classname="src/api/services/__tests__/orders.service.test.ts" name="OrdersService &gt; createOrder &gt; should create a new order" time="0.0011481">
        </testcase>
        <testcase classname="src/api/services/__tests__/orders.service.test.ts" name="OrdersService &gt; updateOrder &gt; should update an existing order" time="0.0005786">
        </testcase>
        <testcase classname="src/api/services/__tests__/orders.service.test.ts" name="OrdersService &gt; deleteOrder &gt; should delete an order" time="0.0003758">
        </testcase>
        <testcase classname="src/api/services/__tests__/orders.service.test.ts" name="OrdersService &gt; createOrderWithReservation &gt; should create order with reservation" time="0.0004582">
        </testcase>
        <testcase classname="src/api/services/__tests__/orders.service.test.ts" name="OrdersService &gt; fulfillOrder &gt; should fulfill an order" time="0.0004665">
        </testcase>
        <testcase classname="src/api/services/__tests__/orders.service.test.ts" name="OrdersService &gt; cancelOrder &gt; should cancel an order" time="0.0003772">
        </testcase>
        <testcase classname="src/api/services/__tests__/orders.service.test.ts" name="OrdersService &gt; exportToXlsx &gt; should export orders to xlsx" time="0.0009717">
        </testcase>
        <testcase classname="src/api/services/__tests__/orders.service.test.ts" name="OrdersService &gt; exportToPdf &gt; should export orders to pdf" time="0.0005081">
        </testcase>
    </testsuite>
    <testsuite name="src/api/services/__tests__/permissions.service.test.ts" timestamp="2026-05-01T19:32:10.980Z" hostname="Andreu" tests="10" failures="0" errors="0" skipped="0" time="0.0146973">
        <testcase classname="src/api/services/__tests__/permissions.service.test.ts" name="PermissionsService &gt; getPermissions &gt; should fetch all permissions" time="0.0051148">
        </testcase>
        <testcase classname="src/api/services/__tests__/permissions.service.test.ts" name="PermissionsService &gt; getPermissionsPaginated &gt; should fetch paginated permissions" time="0.0016273">
        </testcase>
        <testcase classname="src/api/services/__tests__/permissions.service.test.ts" name="PermissionsService &gt; getPermissionsPaginated &gt; should fetch paginated permissions without params" time="0.0004852">
        </testcase>
        <testcase classname="src/api/services/__tests__/permissions.service.test.ts" name="PermissionsService &gt; searchPermissions &gt; should search permissions with query spec" time="0.0007451">
        </testcase>
        <testcase classname="src/api/services/__tests__/permissions.service.test.ts" name="PermissionsService &gt; getPermissionById &gt; should fetch permission by ID" time="0.0004579">
        </testcase>
        <testcase classname="src/api/services/__tests__/permissions.service.test.ts" name="PermissionsService &gt; getPermissionByModuleAction &gt; should fetch permission by module and action" time="0.0005676">
        </testcase>
        <testcase classname="src/api/services/__tests__/permissions.service.test.ts" name="PermissionsService &gt; checkPermission &gt; should check permission and return boolean" time="0.0006916">
        </testcase>
        <testcase classname="src/api/services/__tests__/permissions.service.test.ts" name="PermissionsService &gt; createPermission &gt; should create a new permission" time="0.0005296">
        </testcase>
        <testcase classname="src/api/services/__tests__/permissions.service.test.ts" name="PermissionsService &gt; updatePermission &gt; should update an existing permission" time="0.0004362">
        </testcase>
        <testcase classname="src/api/services/__tests__/permissions.service.test.ts" name="PermissionsService &gt; deletePermission &gt; should delete a permission" time="0.0003645">
        </testcase>
    </testsuite>
    <testsuite name="src/api/services/__tests__/products.service.test.ts" timestamp="2026-05-01T19:32:10.981Z" hostname="Andreu" tests="12" failures="0" errors="0" skipped="0" time="0.0150279">
        <testcase classname="src/api/services/__tests__/products.service.test.ts" name="ProductsService &gt; getProducts &gt; should fetch all products" time="0.0044431">
        </testcase>
        <testcase classname="src/api/services/__tests__/products.service.test.ts" name="ProductsService &gt; getProductBySku &gt; should fetch product by SKU" time="0.0008394">
        </testcase>
        <testcase classname="src/api/services/__tests__/products.service.test.ts" name="ProductsService &gt; getLowStockProducts &gt; should fetch low stock products" time="0.0004801">
        </testcase>
        <testcase classname="src/api/services/__tests__/products.service.test.ts" name="ProductsService &gt; getProductById &gt; should fetch product by ID" time="0.0004353">
        </testcase>
        <testcase classname="src/api/services/__tests__/products.service.test.ts" name="ProductsService &gt; getProductsPaginated &gt; should fetch products with pagination" time="0.0014923">
        </testcase>
        <testcase classname="src/api/services/__tests__/products.service.test.ts" name="ProductsService &gt; getProductsPaginated &gt; should use default page and pageSize when not provided" time="0.0004314">
        </testcase>
        <testcase classname="src/api/services/__tests__/products.service.test.ts" name="ProductsService &gt; searchProducts &gt; should search products with query spec" time="0.0005364">
        </testcase>
        <testcase classname="src/api/services/__tests__/products.service.test.ts" name="ProductsService &gt; createProduct &gt; should create a new product" time="0.0005676">
        </testcase>
        <testcase classname="src/api/services/__tests__/products.service.test.ts" name="ProductsService &gt; updateProduct &gt; should update an existing product" time="0.0004714">
        </testcase>
        <testcase classname="src/api/services/__tests__/products.service.test.ts" name="ProductsService &gt; deleteProduct &gt; should delete a product" time="0.0002932">
        </testcase>
        <testcase classname="src/api/services/__tests__/products.service.test.ts" name="ProductsService &gt; exportToXlsx &gt; should export products to XLSX" time="0.0009216">
        </testcase>
        <testcase classname="src/api/services/__tests__/products.service.test.ts" name="ProductsService &gt; exportToPdf &gt; should export products to PDF" time="0.0006016">
        </testcase>
    </testsuite>
    <testsuite name="src/api/services/__tests__/purchase-orders.service.test.ts" timestamp="2026-05-01T19:32:10.984Z" hostname="Andreu" tests="13" failures="0" errors="0" skipped="0" time="0.0186864">
        <testcase classname="src/api/services/__tests__/purchase-orders.service.test.ts" name="PurchaseOrdersService &gt; getPurchaseOrders &gt; should fetch all purchase orders" time="0.0059742">
        </testcase>
        <testcase classname="src/api/services/__tests__/purchase-orders.service.test.ts" name="PurchaseOrdersService &gt; getPurchaseOrderById &gt; should fetch purchase order by ID" time="0.0007904">
        </testcase>
        <testcase classname="src/api/services/__tests__/purchase-orders.service.test.ts" name="PurchaseOrdersService &gt; searchPurchaseOrders &gt; should search purchase orders with query spec" time="0.0016392">
        </testcase>
        <testcase classname="src/api/services/__tests__/purchase-orders.service.test.ts" name="PurchaseOrdersService &gt; getPurchaseOrdersBySupplier &gt; should fetch purchase orders by supplier ID" time="0.0004762">
        </testcase>
        <testcase classname="src/api/services/__tests__/purchase-orders.service.test.ts" name="PurchaseOrdersService &gt; getPurchaseOrdersByStatus &gt; should fetch purchase orders by status" time="0.0004392">
        </testcase>
        <testcase classname="src/api/services/__tests__/purchase-orders.service.test.ts" name="PurchaseOrdersService &gt; createPurchaseOrder &gt; should create a new purchase order" time="0.0004774">
        </testcase>
        <testcase classname="src/api/services/__tests__/purchase-orders.service.test.ts" name="PurchaseOrdersService &gt; updatePurchaseOrder &gt; should update a purchase order" time="0.0006389">
        </testcase>
        <testcase classname="src/api/services/__tests__/purchase-orders.service.test.ts" name="PurchaseOrdersService &gt; updatePurchaseOrderStatus &gt; should update purchase order status" time="0.0005613">
        </testcase>
        <testcase classname="src/api/services/__tests__/purchase-orders.service.test.ts" name="PurchaseOrdersService &gt; deletePurchaseOrder &gt; should delete a purchase order" time="0.0003981">
        </testcase>
        <testcase classname="src/api/services/__tests__/purchase-orders.service.test.ts" name="PurchaseOrdersService &gt; approvePurchaseOrder &gt; should approve a purchase order" time="0.000589">
        </testcase>
        <testcase classname="src/api/services/__tests__/purchase-orders.service.test.ts" name="PurchaseOrdersService &gt; receivePurchaseOrder &gt; should receive a purchase order" time="0.0006948">
        </testcase>
        <testcase classname="src/api/services/__tests__/purchase-orders.service.test.ts" name="PurchaseOrdersService &gt; exportToXlsx &gt; should export purchase orders to XLSX" time="0.0011013">
        </testcase>
        <testcase classname="src/api/services/__tests__/purchase-orders.service.test.ts" name="PurchaseOrdersService &gt; exportToPdf &gt; should export purchase orders to PDF" time="0.0007542">
        </testcase>
    </testsuite>
    <testsuite name="src/api/services/__tests__/roles.service.test.ts" timestamp="2026-05-01T19:32:10.988Z" hostname="Andreu" tests="14" failures="0" errors="0" skipped="0" time="0.0184441">
        <testcase classname="src/api/services/__tests__/roles.service.test.ts" name="RolesService &gt; getRoles &gt; should fetch all roles" time="0.0050754">
        </testcase>
        <testcase classname="src/api/services/__tests__/roles.service.test.ts" name="RolesService &gt; getRolesPaginated &gt; should fetch paginated roles" time="0.0014948">
        </testcase>
        <testcase classname="src/api/services/__tests__/roles.service.test.ts" name="RolesService &gt; searchRoles &gt; should search roles with query spec" time="0.0005268">
        </testcase>
        <testcase classname="src/api/services/__tests__/roles.service.test.ts" name="RolesService &gt; getRoleById &gt; should fetch role by ID" time="0.0006315">
        </testcase>
        <testcase classname="src/api/services/__tests__/roles.service.test.ts" name="RolesService &gt; getRoleByName &gt; should fetch role by name" time="0.0004726">
        </testcase>
        <testcase classname="src/api/services/__tests__/roles.service.test.ts" name="RolesService &gt; createRole &gt; should create a new role" time="0.000527">
        </testcase>
        <testcase classname="src/api/services/__tests__/roles.service.test.ts" name="RolesService &gt; updateRole &gt; should update an existing role" time="0.0005164">
        </testcase>
        <testcase classname="src/api/services/__tests__/roles.service.test.ts" name="RolesService &gt; deleteRole &gt; should delete a role" time="0.0003506">
        </testcase>
        <testcase classname="src/api/services/__tests__/roles.service.test.ts" name="RolesService &gt; getUsersInRole &gt; should get users in a role" time="0.0005037">
        </testcase>
        <testcase classname="src/api/services/__tests__/roles.service.test.ts" name="RolesService &gt; addPermissionToRole &gt; should add permission to a role" time="0.0003459">
        </testcase>
        <testcase classname="src/api/services/__tests__/roles.service.test.ts" name="RolesService &gt; removePermissionFromRole &gt; should remove permission from a role" time="0.0022808">
            <system-out>
[RolesService] Removing permission: {
  roleId: &apos;1&apos;,
  permissionId: &apos;perm1&apos;,
  endpoint: &apos;/auth/api/roles/1/permissions/perm1&apos;
}

            </system-out>
        </testcase>
        <testcase classname="src/api/services/__tests__/roles.service.test.ts" name="RolesService &gt; getRolePermissions &gt; should get permissions for a role" time="0.0004245">
        </testcase>
        <testcase classname="src/api/services/__tests__/roles.service.test.ts" name="RolesService &gt; exportToXlsx &gt; should export roles to XLSX" time="0.0009207">
        </testcase>
        <testcase classname="src/api/services/__tests__/roles.service.test.ts" name="RolesService &gt; exportToPdf &gt; should export roles to PDF" time="0.0005446">
        </testcase>
    </testsuite>
    <testsuite name="src/api/services/__tests__/sales-orders.service.test.ts" timestamp="2026-05-01T19:32:10.992Z" hostname="Andreu" tests="11" failures="0" errors="0" skipped="0" time="0.0163197">
        <testcase classname="src/api/services/__tests__/sales-orders.service.test.ts" name="SalesOrdersService &gt; getSalesOrders &gt; should fetch all sales orders" time="0.0050986">
        </testcase>
        <testcase classname="src/api/services/__tests__/sales-orders.service.test.ts" name="SalesOrdersService &gt; createSalesOrder &gt; should create a new sales order" time="0.0012444">
        </testcase>
        <testcase classname="src/api/services/__tests__/sales-orders.service.test.ts" name="SalesOrdersService &gt; createQuote &gt; should create a quote" time="0.0008107">
        </testcase>
        <testcase classname="src/api/services/__tests__/sales-orders.service.test.ts" name="SalesOrdersService &gt; confirmQuote &gt; should confirm a quote" time="0.0005902">
        </testcase>
        <testcase classname="src/api/services/__tests__/sales-orders.service.test.ts" name="SalesOrdersService &gt; checkStockAvailability &gt; should check stock availability for order lines" time="0.0005109">
        </testcase>
        <testcase classname="src/api/services/__tests__/sales-orders.service.test.ts" name="SalesOrdersService &gt; searchSalesOrders &gt; should search sales orders with query spec" time="0.0009396">
        </testcase>
        <testcase classname="src/api/services/__tests__/sales-orders.service.test.ts" name="SalesOrdersService &gt; getSalesOrderById &gt; should fetch sales order by ID" time="0.0004791">
        </testcase>
        <testcase classname="src/api/services/__tests__/sales-orders.service.test.ts" name="SalesOrdersService &gt; updateSalesOrder &gt; should update a sales order" time="0.000533">
        </testcase>
        <testcase classname="src/api/services/__tests__/sales-orders.service.test.ts" name="SalesOrdersService &gt; deleteSalesOrder &gt; should delete a sales order" time="0.0003958">
        </testcase>
        <testcase classname="src/api/services/__tests__/sales-orders.service.test.ts" name="SalesOrdersService &gt; exportToXlsx &gt; should export sales orders to xlsx" time="0.0007877">
        </testcase>
        <testcase classname="src/api/services/__tests__/sales-orders.service.test.ts" name="SalesOrdersService &gt; exportToPdf &gt; should export sales orders to pdf" time="0.0007164">
        </testcase>
    </testsuite>
    <testsuite name="src/api/services/__tests__/stock-operations.service.test.ts" timestamp="2026-05-01T19:32:11.001Z" hostname="Andreu" tests="4" failures="0" errors="0" skipped="0" time="0.0107003">
        <testcase classname="src/api/services/__tests__/stock-operations.service.test.ts" name="StockOperationsService &gt; reserveStock &gt; should reserve stock" time="0.0058807">
        </testcase>
        <testcase classname="src/api/services/__tests__/stock-operations.service.test.ts" name="StockOperationsService &gt; releaseReservation &gt; should release a reservation" time="0.0005385">
        </testcase>
        <testcase classname="src/api/services/__tests__/stock-operations.service.test.ts" name="StockOperationsService &gt; transferStock &gt; should transfer stock between warehouses" time="0.0004868">
        </testcase>
        <testcase classname="src/api/services/__tests__/stock-operations.service.test.ts" name="StockOperationsService &gt; adjustStock &gt; should adjust stock" time="0.0004891">
        </testcase>
    </testsuite>
    <testsuite name="src/api/services/__tests__/suppliers.service.test.ts" timestamp="2026-05-01T19:32:11.004Z" hostname="Andreu" tests="8" failures="0" errors="0" skipped="0" time="0.0144887">
[...]

            </system-err>
        </testcase>
        <testcase classname="src/pages/roles/__tests__/role-detail.test.tsx" name="RoleDetailPage &gt; should display role details after loading" time="0.1249609">
        </testcase>
        <testcase classname="src/pages/roles/__tests__/role-detail.test.tsx" name="RoleDetailPage &gt; should handle error when role not found" time="0.031001">
        </testcase>
    </testsuite>
    <testsuite name="src/pages/roles/__tests__/roles-list.test.tsx" timestamp="2026-05-01T19:32:11.170Z" hostname="Andreu" tests="2" failures="0" errors="0" skipped="0" time="0.1512602">
        <testcase classname="src/pages/roles/__tests__/roles-list.test.tsx" name="RolesListPage &gt; renders roles list" time="0.1208932">
            <system-err>
⚠️ React Router Future Flag Warning: React Router will begin wrapping state updates in `React.startTransition` in v7. You can use the `v7_startTransition` future flag to opt-in early. For more information, see https://reactrouter.com/v6/upgrading/future#v7_starttransition.
⚠️ React Router Future Flag Warning: Relative route resolution within Splat routes is changing in v7. You can use the `v7_relativeSplatPath` future flag to opt-in early. For more information, see https://reactrouter.com/v6/upgrading/future#v7_relativesplatpath.

            </system-err>
        </testcase>
        <testcase classname="src/pages/roles/__tests__/roles-list.test.tsx" name="RolesListPage &gt; renders without crashing" time="0.0275416">
        </testcase>
    </testsuite>
    <testsuite name="src/pages/roles/__tests__/roles.columns.test.tsx" timestamp="2026-05-01T19:32:11.171Z" hostname="Andreu" tests="8" failures="0" errors="0" skipped="0" time="0.1910543">
        <testcase classname="src/pages/roles/__tests__/roles.columns.test.tsx" name="Roles Columns &gt; should define all required columns" time="0.0025871">
        </testcase>
        <testcase classname="src/pages/roles/__tests__/roles.columns.test.tsx" name="Roles Columns &gt; should have name column with link" time="0.0313406">
            <system-err>
⚠️ React Router Future Flag Warning: React Router will begin wrapping state updates in `React.startTransition` in v7. You can use the `v7_startTransition` future flag to opt-in early. For more information, see https://reactrouter.com/v6/upgrading/future#v7_starttransition.
⚠️ React Router Future Flag Warning: Relative route resolution within Splat routes is changing in v7. You can use the `v7_relativeSplatPath` future flag to opt-in early. For more information, see https://reactrouter.com/v6/upgrading/future#v7_relativesplatpath.

            </system-err>
        </testcase>
        <testcase classname="src/pages/roles/__tests__/roles.columns.test.tsx" name="Roles Columns &gt; should have description column with dash fallback" time="0.0036709">
        </testcase>
        <testcase classname="src/pages/roles/__tests__/roles.columns.test.tsx" name="Roles Columns &gt; should have permissions column with badge count" time="0.0135265">
        </testcase>
        <testcase classname="src/pages/roles/__tests__/roles.columns.test.tsx" name="Roles Columns &gt; should have actions column with Edit and Delete" time="0.1219733">
        </testcase>
        <testcase classname="src/pages/roles/__tests__/roles.columns.test.tsx" name="Roles Columns &gt; should show Manage Permissions when canManagePermissions is true" time="0.0055115">
        </testcase>
        <testcase classname="src/pages/roles/__tests__/roles.columns.test.tsx" name="Roles Columns &gt; should hide Edit when canEdit is false" time="0.0047131">
        </testcase>
        <testcase classname="src/pages/roles/__tests__/roles.columns.test.tsx" name="Roles Columns &gt; should hide Delete when canDelete is false" time="0.0043145">
        </testcase>
    </testsuite>
    <testsuite name="src/pages/sales/__tests__/customer-detail.test.tsx" timestamp="2026-05-01T19:32:11.172Z" hostname="Andreu" tests="6" failures="0" errors="0" skipped="0" time="0.2401266">
        <testcase classname="src/pages/sales/__tests__/customer-detail.test.tsx" name="CustomerDetailPage &gt; should render loading state initially" time="0.0542025">
            <system-err>
⚠️ React Router Future Flag Warning: React Router will begin wrapping state updates in `React.startTransition` in v7. You can use the `v7_startTransition` future flag to opt-in early. For more information, see https://reactrouter.com/v6/upgrading/future#v7_starttransition.
⚠️ React Router Future Flag Warning: Relative route resolution within Splat routes is changing in v7. You can use the `v7_relativeSplatPath` future flag to opt-in early. For more information, see https://reactrouter.com/v6/upgrading/future#v7_relativesplatpath.

            </system-err>
        </testcase>
        <testcase classname="src/pages/sales/__tests__/customer-detail.test.tsx" name="CustomerDetailPage &gt; should display customer details after loading" time="0.0528265">
        </testcase>
        <testcase classname="src/pages/sales/__tests__/customer-detail.test.tsx" name="CustomerDetailPage &gt; should display customer without optional fields" time="0.0390852">
        </testcase>
        <testcase classname="src/pages/sales/__tests__/customer-detail.test.tsx" name="CustomerDetailPage &gt; should handle error when customer not found" time="0.0240708">
        </testcase>
        <testcase classname="src/pages/sales/__tests__/customer-detail.test.tsx" name="CustomerDetailPage &gt; should have back to customers link" time="0.0359128">
        </testcase>
        <testcase classname="src/pages/sales/__tests__/customer-detail.test.tsx" name="CustomerDetailPage &gt; should display updatedAt when present" time="0.0311692">
        </testcase>
    </testsuite>
    <testsuite name="src/pages/sales/__tests__/customers-list.test.tsx" timestamp="2026-05-01T19:32:11.173Z" hostname="Andreu" tests="2" failures="0" errors="0" skipped="0" time="0.1443724">
        <testcase classname="src/pages/sales/__tests__/customers-list.test.tsx" name="CustomersListPage &gt; renders customers list" time="0.1145274">
            <system-err>
⚠️ React Router Future Flag Warning: React Router will begin wrapping state updates in `React.startTransition` in v7. You can use the `v7_startTransition` future flag to opt-in early. For more information, see https://reactrouter.com/v6/upgrading/future#v7_starttransition.
⚠️ React Router Future Flag Warning: Relative route resolution within Splat routes is changing in v7. You can use the `v7_relativeSplatPath` future flag to opt-in early. For more information, see https://reactrouter.com/v6/upgrading/future#v7_relativesplatpath.

            </system-err>
        </testcase>
        <testcase classname="src/pages/sales/__tests__/customers-list.test.tsx" name="CustomersListPage &gt; renders without crashing" time="0.0257071">
        </testcase>
    </testsuite>
    <testsuite name="src/pages/sales/__tests__/customers.columns.test.tsx" timestamp="2026-05-01T19:32:11.175Z" hostname="Andreu" tests="5" failures="0" errors="0" skipped="0" time="0.0876561">
        <testcase classname="src/pages/sales/__tests__/customers.columns.test.tsx" name="Customers Columns &gt; should define all required columns" time="0.0025492">
        </testcase>
        <testcase classname="src/pages/sales/__tests__/customers.columns.test.tsx" name="Customers Columns &gt; should have name column" time="0.0004648">
        </testcase>
        <testcase classname="src/pages/sales/__tests__/customers.columns.test.tsx" name="Customers Columns &gt; should have email column showing email or dash" time="0.0269854">
            <system-err>
⚠️ React Router Future Flag Warning: React Router will begin wrapping state updates in `React.startTransition` in v7. You can use the `v7_startTransition` future flag to opt-in early. For more information, see https://reactrouter.com/v6/upgrading/future#v7_starttransition.
⚠️ React Router Future Flag Warning: Relative route resolution within Splat routes is changing in v7. You can use the `v7_relativeSplatPath` future flag to opt-in early. For more information, see https://reactrouter.com/v6/upgrading/future#v7_relativesplatpath.

            </system-err>
        </testcase>
        <testcase classname="src/pages/sales/__tests__/customers.columns.test.tsx" name="Customers Columns &gt; should have phone column showing phone or dash" time="0.0023517">
        </testcase>
        <testcase classname="src/pages/sales/__tests__/customers.columns.test.tsx" name="Customers Columns &gt; should have actions column with view link" time="0.0509556">
        </testcase>
    </testsuite>
    <testsuite name="src/pages/sales/__tests__/sales-order-detail.test.tsx" timestamp="2026-05-01T19:32:11.177Z" hostname="Andreu" tests="3" failures="0" errors="0" skipped="0" time="0.2213907">
        <testcase classname="src/pages/sales/__tests__/sales-order-detail.test.tsx" name="SalesOrderDetailPage &gt; should render loading state initially" time="0.0359594">
            <system-err>
⚠️ React Router Future Flag Warning: React Router will begin wrapping state updates in `React.startTransition` in v7. You can use the `v7_startTransition` future flag to opt-in early. For more information, see https://reactrouter.com/v6/upgrading/future#v7_starttransition.
⚠️ React Router Future Flag Warning: Relative route resolution within Splat routes is changing in v7. You can use the `v7_relativeSplatPath` future flag to opt-in early. For more information, see https://reactrouter.com/v6/upgrading/future#v7_relativesplatpath.

            </system-err>
        </testcase>
        <testcase classname="src/pages/sales/__tests__/sales-order-detail.test.tsx" name="SalesOrderDetailPage &gt; should display sales order details after loading" time="0.0889041">
        </testcase>
        <testcase classname="src/pages/sales/__tests__/sales-order-detail.test.tsx" name="SalesOrderDetailPage &gt; should handle error when sales order not found" time="0.0933298">
        </testcase>
    </testsuite>
    <testsuite name="src/pages/sales/__tests__/sales-orders-list.test.tsx" timestamp="2026-05-01T19:32:11.178Z" hostname="Andreu" tests="2" failures="0" errors="0" skipped="0" time="0.238423">
        <testcase classname="src/pages/sales/__tests__/sales-orders-list.test.tsx" name="SalesOrdersListPage &gt; renders sales orders list" time="0.2066243">
            <system-err>
⚠️ React Router Future Flag Warning: React Router will begin wrapping state updates in `React.startTransition` in v7. You can use the `v7_startTransition` future flag to opt-in early. For more information, see https://reactrouter.com/v6/upgrading/future#v7_starttransition.
⚠️ React Router Future Flag Warning: Relative route resolution within Splat routes is changing in v7. You can use the `v7_relativeSplatPath` future flag to opt-in early. For more information, see https://reactrouter.com/v6/upgrading/future#v7_relativesplatpath.

            </system-err>
        </testcase>
        <testcase classname="src/pages/sales/__tests__/sales-orders-list.test.tsx" name="SalesOrdersListPage &gt; renders without crashing" time="0.0284582">
        </testcase>
    </testsuite>
    <testsuite name="src/pages/sales/__tests__/sales-orders.columns.test.tsx" timestamp="2026-05-01T19:32:11.179Z" hostname="Andreu" tests="5" failures="0" errors="0" skipped="0" time="0.0061335">
        <testcase classname="src/pages/sales/__tests__/sales-orders.columns.test.tsx" name="Sales Orders Columns &gt; should define all required columns" time="0.0022364">
        </testcase>
        <testcase classname="src/pages/sales/__tests__/sales-orders.columns.test.tsx" name="Sales Orders Columns &gt; should have customer column" time="0.0005702">
        </testcase>
        <testcase classname="src/pages/sales/__tests__/sales-orders.columns.test.tsx" name="Sales Orders Columns &gt; should have status column" time="0.0001533">
        </testcase>
        <testcase classname="src/pages/sales/__tests__/sales-orders.columns.test.tsx" name="Sales Orders Columns &gt; should have actions column" time="0.0002073">
        </testcase>
        <testcase classname="src/pages/sales/__tests__/sales-orders.columns.test.tsx" name="Sales Orders Columns &gt; should return correct status badge" time="0.0009273">
        </testcase>
    </testsuite>
    <testsuite name="src/pages/users/__tests__/user-detail.test.tsx" timestamp="2026-05-01T19:32:11.180Z" hostname="Andreu" tests="3" failures="0" errors="0" skipped="0" time="0.1816097">
        <testcase classname="src/pages/users/__tests__/user-detail.test.tsx" name="UserDetailPage &gt; should render loading state initially" time="0.0342498">
            <system-err>
⚠️ React Router Future Flag Warning: React Router will begin wrapping state updates in `React.startTransition` in v7. You can use the `v7_startTransition` future flag to opt-in early. For more information, see https://reactrouter.com/v6/upgrading/future#v7_starttransition.
⚠️ React Router Future Flag Warning: Relative route resolution within Splat routes is changing in v7. You can use the `v7_relativeSplatPath` future flag to opt-in early. For more information, see https://reactrouter.com/v6/upgrading/future#v7_relativesplatpath.

            </system-err>
        </testcase>
        <testcase classname="src/pages/users/__tests__/user-detail.test.tsx" name="UserDetailPage &gt; should display user details after loading" time="0.0973657">
        </testcase>
        <testcase classname="src/pages/users/__tests__/user-detail.test.tsx" name="UserDetailPage &gt; should handle error when user not found" time="0.0472826">
        </testcase>
    </testsuite>
    <testsuite name="src/pages/users/__tests__/users-list.test.tsx" timestamp="2026-05-01T19:32:11.181Z" hostname="Andreu" tests="5" failures="0" errors="0" skipped="0" time="0.6016681">
        <testcase classname="src/pages/users/__tests__/users-list.test.tsx" name="UsersListPage &gt; should render users list correctly" time="0.143956">
            <system-err>
⚠️ React Router Future Flag Warning: React Router will begin wrapping state updates in `React.startTransition` in v7. You can use the `v7_startTransition` future flag to opt-in early. For more information, see https://reactrouter.com/v6/upgrading/future#v7_starttransition.
⚠️ React Router Future Flag Warning: Relative route resolution within Splat routes is changing in v7. You can use the `v7_relativeSplatPath` future flag to opt-in early. For more information, see https://reactrouter.com/v6/upgrading/future#v7_relativesplatpath.

            </system-err>
        </testcase>
        <testcase classname="src/pages/users/__tests__/users-list.test.tsx" name="UsersListPage &gt; should handle empty state" time="0.0479449">
        </testcase>
        <testcase classname="src/pages/users/__tests__/users-list.test.tsx" name="UsersListPage &gt; should open create dialog when add button is clicked" time="0.1986475">
        </testcase>
        <testcase classname="src/pages/users/__tests__/users-list.test.tsx" name="UsersListPage &gt; should open edit dialog when edit button is clicked" time="0.0737242">
        </testcase>
        <testcase classname="src/pages/users/__tests__/users-list.test.tsx" name="UsersListPage &gt; should open delete dialog when delete button is clicked" time="0.1343532">
        </testcase>
    </testsuite>
    <testsuite name="src/pages/users/__tests__/users.columns.test.tsx" timestamp="2026-05-01T19:32:11.183Z" hostname="Andreu" tests="8" failures="0" errors="0" skipped="0" time="0.008699">
        <testcase classname="src/pages/users/__tests__/users.columns.test.tsx" name="Users Columns &gt; should define all required columns" time="0.0026721">
        </testcase>
        <testcase classname="src/pages/users/__tests__/users.columns.test.tsx" name="Users Columns &gt; should have username column" time="0.00047">
        </testcase>
        <testcase classname="src/pages/users/__tests__/users.columns.test.tsx" name="Users Columns &gt; should have email column" time="0.0003327">
        </testcase>
        <testcase classname="src/pages/users/__tests__/users.columns.test.tsx" name="Users Columns &gt; should have roles column" time="0.000387">
        </testcase>
        <testcase classname="src/pages/users/__tests__/users.columns.test.tsx" name="Users Columns &gt; should have status column" time="0.0002912">
        </testcase>
        <testcase classname="src/pages/users/__tests__/users.columns.test.tsx" name="Users Columns &gt; should have actions column" time="0.0002621">
        </testcase>
        <testcase classname="src/pages/users/__tests__/users.columns.test.tsx" name="Users Columns &gt; should call onEdit when edit button is clicked" time="0.0002639">
        </testcase>
        <testcase classname="src/pages/users/__tests__/users.columns.test.tsx" name="Users Columns &gt; should call onDelete when delete button is clicked" time="0.0006256">
        </testcase>
    </testsuite>
    <testsuite name="src/components/inventory/stock-ops/__tests__/adjust-stock-form.test.tsx" timestamp="2026-05-01T19:32:11.184Z" hostname="Andreu" tests="5" failures="0" errors="0" skipped="0" time="0.1652089">
        <testcase classname="src/components/inventory/stock-ops/__tests__/adjust-stock-form.test.tsx" name="AdjustStockForm &gt; renders form with all fields" time="0.0622947">
        </testcase>
        <testcase classname="src/components/inventory/stock-ops/__tests__/adjust-stock-form.test.tsx" name="AdjustStockForm &gt; renders product options" time="0.0181152">
        </testcase>
        <testcase classname="src/components/inventory/stock-ops/__tests__/adjust-stock-form.test.tsx" name="AdjustStockForm &gt; renders warehouse options" time="0.0185432">
        </testcase>
        <testcase classname="src/components/inventory/stock-ops/__tests__/adjust-stock-form.test.tsx" name="AdjustStockForm &gt; handles form submission" time="0.0544753">
        </testcase>
        <testcase classname="src/components/inventory/stock-ops/__tests__/adjust-stock-form.test.tsx" name="AdjustStockForm &gt; renders with empty arrays" time="0.0084842">
        </testcase>
    </testsuite>
    <testsuite name="src/components/inventory/stock-ops/__tests__/release-reservation-form.test.tsx" timestamp="2026-05-01T19:32:11.185Z" hostname="Andreu" tests="1" failures="0" errors="0" skipped="0" time="0.0824048">
        <testcase classname="src/components/inventory/stock-ops/__tests__/release-reservation-form.test.tsx" name="ReleaseReservationForm &gt; renders form with all fields" time="0.0793719">
        </testcase>
    </testsuite>
    <testsuite name="src/components/inventory/stock-ops/__tests__/reserve-stock-form.test.tsx" timestamp="2026-05-01T19:32:11.186Z" hostname="Andreu" tests="1" failures="0" errors="0" skipped="0" time="0.0858791">
        <testcase classname="src/components/inventory/stock-ops/__tests__/reserve-stock-form.test.tsx" name="ReserveStockForm &gt; renders form with all fields" time="0.0822163">
        </testcase>
    </testsuite>
    <testsuite name="src/components/inventory/stock-ops/__tests__/transfer-stock-form.test.tsx" timestamp="2026-05-01T19:32:11.186Z" hostname="Andreu" tests="3" failures="0" errors="0" skipped="0" time="0.1632296">
        <testcase classname="src/components/inventory/stock-ops/__tests__/transfer-stock-form.test.tsx" name="TransferStockForm &gt; renders form with all fields" time="0.0794496">
        </testcase>
        <testcase classname="src/components/inventory/stock-ops/__tests__/transfer-stock-form.test.tsx" name="TransferStockForm &gt; renders product and warehouse options" time="0.0164302">
        </testcase>
        <testcase classname="src/components/inventory/stock-ops/__tests__/transfer-stock-form.test.tsx" name="TransferStockForm &gt; handles form submission" time="0.0637653">
        </testcase>
    </testsuite>
</testsuites>
