{"numTotalTestSuites":355,"numPassedTestSuites":339,"numFailedTestSuites":16,"numPendingTestSuites":0,"numTotalTests":531,"numPassedTests":521,"numFailedTests":10,"numPendingTests":0,"numTodoTests":0,"snapshot":{"added":0,"failure":false,"filesAdded":0,"filesRemoved":0,"filesRemovedList":[],"filesUnmatched":0,"filesUpdated":0,"matched":0,"total":0,"unchecked":0,"uncheckedKeysByFile":[],"unmatched":0,"updated":0,"didUpdate":false},"startTime":1770277112023,"success":false,"testResults":[{"assertionResults":[{"ancestorTitles":["App"],"fullName":"App should render without crashing","status":"passed","title":"should render without crashing","duration":76.25929999999971,"failureMessages":[],"meta":{}}],"startTime":1770277127617,"endTime":1770277127693.2593,"status":"passed","message":"","name":"C:/Projects/ERP_ASPIRE_APP/erp-frontend-vite/src/__tests__/App.test.tsx"},{"assertionResults":[{"ancestorTitles":["AppRoutes"],"fullName":"AppRoutes should render routes","status":"passed","title":"should render routes","duration":54.42069999999967,"failureMessages":[],"meta":{}}],"startTime":1770277127617,"endTime":1770277127671.4207,"status":"passed","message":"","name":"C:/Projects/ERP_ASPIRE_APP/erp-frontend-vite/src/__tests__/routes.test.tsx"},{"assertionResults":[{"ancestorTitles":["useDataTable"],"fullName":"useDataTable should fetch data on mount","status":"passed","title":"should fetch data on mount","duration":66.46270000000004,"failureMessages":[],"meta":{}},{"ancestorTitles":["useDataTable"],"fullName":"useDataTable should handle search","status":"passed","title":"should handle search","duration":96.31309999999985,"failureMessages":[],"meta":{}},{"ancestorTitles":["useDataTable"],"fullName":"useDataTable should handle sort","status":"passed","title":"should handle sort","duration":77.79409999999984,"failureMessages":[],"meta":{}},{"ancestorTitles":["useDataTable"],"fullName":"useDataTable should handle page change","status":"passed","title":"should handle page change","duration":99.16879999999992,"failureMessages":[],"meta":{}},{"ancestorTitles":["useDataTable"],"fullName":"useDataTable should handle error","status":"passed","title":"should handle error","duration":83.12560000000008,"failureMessages":[],"meta":{}},{"ancestorTitles":["useDataTable"],"fullName":"useDataTable should handle forbidden error","status":"passed","title":"should handle forbidden error","duration":78.35590000000002,"failureMessages":[],"meta":{}}],"startTime":1770277115878,"endTime":1770277116379.356,"status":"passed","message":"","name":"C:/Projects/ERP_ASPIRE_APP/erp-frontend-vite/src/hooks/__tests__/use-data-table.test.ts"},{"assertionResults":[{"ancestorTitles":["useExport"],"fullName":"useExport should handle successful export","status":"passed","title":"should handle successful export","duration":18.484899999999925,"failureMessages":[],"meta":{}},{"ancestorTitles":["useExport"],"fullName":"useExport should handle export failure","status":"passed","title":"should handle export failure","duration":2.5554000000001906,"failureMessages":[],"meta":{}}],"startTime":1770277127211,"endTime":1770277127231.5554,"status":"passed","message":"","name":"C:/Projects/ERP_ASPIRE_APP/erp-frontend-vite/src/hooks/__tests__/use-export.test.ts"},{"assertionResults":[{"ancestorTitles":["useListActions"],"fullName":"useListActions should initialize with default states","status":"passed","title":"should initialize with default states","duration":14.394400000000132,"failureMessages":[],"meta":{}},{"ancestorTitles":["useListActions"],"fullName":"useListActions should handle create success","status":"passed","title":"should handle create success","duration":4.329099999999926,"failureMessages":[],"meta":{}},{"ancestorTitles":["useListActions"],"fullName":"useListActions should handle update success","status":"passed","title":"should handle update success","duration":3.0319000000004053,"failureMessages":[],"meta":{}},{"ancestorTitles":["useListActions"],"fullName":"useListActions should handle delete success","status":"passed","title":"should handle delete success","duration":2.0171000000000276,"failureMessages":[],"meta":{}}],"startTime":1770277127073,"endTime":1770277127097.017,"status":"passed","message":"","name":"C:/Projects/ERP_ASPIRE_APP/erp-frontend-vite/src/hooks/__tests__/use-list-actions.test.ts"},{"assertionResults":[{"ancestorTitles":["Permissions Hooks","usePermission"],"fullName":"Permissions Hooks usePermission should return false when no user is logged in","status":"passed","title":"should return false when no user is logged in","duration":16.69340000000011,"failureMessages":[],"meta":{}},{"ancestorTitles":["Permissions Hooks","usePermission"],"fullName":"Permissions Hooks usePermission should return true for admin users","status":"passed","title":"should return true for admin users","duration":1.8175999999998567,"failureMessages":[],"meta":{}},{"ancestorTitles":["Permissions Hooks","usePermission"],"fullName":"Permissions Hooks usePermission should return true when user has permission","status":"passed","title":"should return true when user has permission","duration":1.403099999999995,"failureMessages":[],"meta":{}},{"ancestorTitles":["Permissions Hooks","useModulePermissions"],"fullName":"Permissions Hooks useModulePermissions should return all false when no user is logged in","status":"passed","title":"should return all false when no user is logged in","duration":1.5215000000002874,"failureMessages":[],"meta":{}},{"ancestorTitles":["Permissions Hooks","useModulePermissions"],"fullName":"Permissions Hooks useModulePermissions should return all true for admin users","status":"passed","title":"should return all true for admin users","duration":1.3692000000000917,"failureMessages":[],"meta":{}},{"ancestorTitles":["Permissions Hooks","useModulePermissions"],"fullName":"Permissions Hooks useModulePermissions should check specific permissions for non-admin users","status":"passed","title":"should check specific permissions for non-admin users","duration":1.1984000000002197,"failureMessages":[],"meta":{}},{"ancestorTitles":["Permissions Hooks","usePermissions"],"fullName":"Permissions Hooks usePermissions should return true if user has all listed permissions","status":"passed","title":"should return true if user has all listed permissions","duration":1.3359000000000378,"failureMessages":[],"meta":{}},{"ancestorTitles":["Permissions Hooks","usePermissions"],"fullName":"Permissions Hooks usePermissions should return false if user is missing any permission","status":"passed","title":"should return false if user is missing any permission","duration":0.9800999999997657,"failureMessages":[],"meta":{}},{"ancestorTitles":["Permissions Hooks","usePermissions"],"fullName":"Permissions Hooks usePermissions should return true for admin user regardless of specific permissions","status":"passed","title":"should return true for admin user regardless of specific permissions","duration":0.9196999999999207,"failureMessages":[],"meta":{}}],"startTime":1770277126942,"endTime":1770277126969.9197,"status":"passed","message":"","name":"C:/Projects/ERP_ASPIRE_APP/erp-frontend-vite/src/hooks/__tests__/use-permissions.test.ts"},{"assertionResults":[{"ancestorTitles":["AuthContext"],"fullName":"AuthContext should provide auth context to children","status":"passed","title":"should provide auth context to children","duration":38.226900000000114,"failureMessages":[],"meta":{}},{"ancestorTitles":["AuthContext"],"fullName":"AuthContext should show unauthenticated initially when no tokens","status":"passed","title":"should show unauthenticated initially when no tokens","duration":30.413499999999658,"failureMessages":[],"meta":{}},{"ancestorTitles":["AuthContext"],"fullName":"AuthContext should login and set user on success","status":"passed","title":"should login and set user on success","duration":67.97730000000001,"failureMessages":[],"meta":{}},{"ancestorTitles":["AuthContext"],"fullName":"AuthContext should register and set user on success","status":"passed","title":"should register and set user on success","duration":90.26830000000018,"failureMessages":[],"meta":{}},{"ancestorTitles":["AuthContext"],"fullName":"AuthContext should keep user unauthenticated and propagate error when login fails","status":"passed","title":"should keep user unauthenticated and propagate error when login fails","duration":72.63770000000022,"failureMessages":[],"meta":{}},{"ancestorTitles":["AuthContext"],"fullName":"AuthContext should return true from checkPermission when allowed","status":"passed","title":"should return true from checkPermission when allowed","duration":94.07109999999966,"failureMessages":[],"meta":{}},{"ancestorTitles":["AuthContext"],"fullName":"AuthContext should return false from checkPermission when denied","status":"passed","title":"should return false from checkPermission when denied","duration":111.47350000000006,"failureMessages":[],"meta":{}},{"ancestorTitles":["AuthContext"],"fullName":"AuthContext should refresh token on init when token is expired","status":"passed","title":"should refresh token on init when token is expired","duration":43.18380000000025,"failureMessages":[],"meta":{}},{"ancestorTitles":["AuthContext"],"fullName":"AuthContext should logout and clear user","status":"passed","title":"should logout and clear user","duration":72.11940000000004,"failureMessages":[],"meta":{}},{"ancestorTitles":["AuthContext"],"fullName":"AuthContext should throw error when useAuth is used outside provider","status":"passed","title":"should throw error when useAuth is used outside provider","duration":7.059499999999844,"failureMessages":[],"meta":{}},{"ancestorTitles":["AuthContext"],"fullName":"AuthContext should handle hasPermission correctly for admin and regular users","status":"passed","title":"should handle hasPermission correctly for admin and regular users","duration":220.7498999999998,"failureMessages":[],"meta":{}},{"ancestorTitles":["AuthContext"],"fullName":"AuthContext should return false from checkApiPermission and log error on API failure","status":"passed","title":"should return false from checkApiPermission and log error on API failure","duration":63.639500000000226,"failureMessages":[],"meta":{}},{"ancestorTitles":["AuthContext"],"fullName":"AuthContext should handle refreshUserData correctly","status":"passed","title":"should handle refreshUserData correctly","duration":90.1582999999996,"failureMessages":[],"meta":{}},{"ancestorTitles":["AuthContext"],"fullName":"AuthContext should log error when initAuth fails during token refresh","status":"passed","title":"should log error when initAuth fails during token refresh","duration":29.489599999999882,"failureMessages":[],"meta":{}},{"ancestorTitles":["AuthContext"],"fullName":"AuthContext should auto-refresh token before expiry","status":"passed","title":"should auto-refresh token before expiry","duration":5.669700000000375,"failureMessages":[],"meta":{}}],"startTime":1770277114437,"endTime":1770277115474.6697,"status":"passed","message":"","name":"C:/Projects/ERP_ASPIRE_APP/erp-frontend-vite/src/contexts/__tests__/auth.context.test.tsx"},{"assertionResults":[{"ancestorTitles":["ThemeContext"],"fullName":"ThemeContext should use default theme (system) if no storage","status":"passed","title":"should use default theme (system) if no storage","duration":43.48640000000023,"failureMessages":[],"meta":{}},{"ancestorTitles":["ThemeContext"],"fullName":"ThemeContext should use stored theme if available","status":"passed","title":"should use stored theme if available","duration":13.490999999999985,"failureMessages":[],"meta":{}},{"ancestorTitles":["ThemeContext"],"fullName":"ThemeContext should update theme and storage","status":"passed","title":"should update theme and storage","duration":21.035599999999704,"failureMessages":[],"meta":{}}],"startTime":1770277124874,"endTime":1770277124952.0356,"status":"passed","message":"","name":"C:/Projects/ERP_ASPIRE_APP/erp-frontend-vite/src/contexts/__tests__/theme.context.test.tsx"},{"assertionResults":[{"ancestorTitles":["ToastContext"],"fullName":"ToastContext should throw when useToast is used outside provider","status":"passed","title":"should throw when useToast is used outside provider","duration":17.013299999999845,"failureMessages":[],"meta":{}},{"ancestorTitles":["ToastContext"],"fullName":"ToastContext should provide toast api when wrapped in provider","status":"passed","title":"should provide toast api when wrapped in provider","duration":101.5139999999999,"failureMessages":[],"meta":{}},{"ancestorTitles":["ToastContext"],"fullName":"ToastContext should show error toast","status":"passed","title":"should show error toast","duration":66.30670000000009,"failureMessages":[],"meta":{}},{"ancestorTitles":["ToastContext"],"fullName":"ToastContext should clear toasts","status":"passed","title":"should clear toasts","duration":172.6074000000001,"failureMessages":[],"meta":{}},{"ancestorTitles":["ToastContext"],"fullName":"ToastContext should return id from show","status":"passed","title":"should return id from show","duration":64.89599999999973,"failureMessages":[],"meta":{}},{"ancestorTitles":["ToastContext"],"fullName":"ToastContext should show info and warning toasts","status":"passed","title":"should show info and warning toasts","duration":131.64210000000003,"failureMessages":[],"meta":{}},{"ancestorTitles":["ToastContext"],"fullName":"ToastContext should intercept API client errors","status":"passed","title":"should intercept API client errors","duration":15.516099999999824,"failureMessages":[],"meta":{}},{"ancestorTitles":["ToastContext"],"fullName":"ToastContext should handle API errors without status","status":"passed","title":"should handle API errors without status","duration":15.572400000000016,"failureMessages":[],"meta":{}},{"ancestorTitles":["ToastContext"],"fullName":"ToastContext should cleanup registerToastApi on unmount","status":"passed","title":"should cleanup registerToastApi on unmount","duration":4.522400000000289,"failureMessages":[],"meta":{}}],"startTime":1770277116179,"endTime":1770277116768.5225,"status":"passed","message":"","name":"C:/Projects/ERP_ASPIRE_APP/erp-frontend-vite/src/contexts/__tests__/toast.context.test.tsx"},{"assertionResults":[{"ancestorTitles":["toast.service","registerToastApi"],"fullName":"toast.service registerToastApi should store api when registered","status":"passed","title":"should store api when registered","duration":2.9511999999999716,"failureMessages":[],"meta":{}},{"ancestorTitles":["toast.service","registerToastApi"],"fullName":"toast.service registerToastApi should clear api when null is passed","status":"passed","title":"should clear api when null is passed","duration":0.7395999999998821,"failureMessages":[],"meta":{}},{"ancestorTitles":["toast.service","getToastApi"],"fullName":"toast.service getToastApi should return null when no api registered","status":"passed","title":"should return null when no api registered","duration":0.30729999999994106,"failureMessages":[],"meta":{}},{"ancestorTitles":["toast.service","getToastApi"],"fullName":"toast.service getToastApi should return registered api","status":"passed","title":"should return registered api","duration":0.5182000000004336,"failureMessages":[],"meta":{}},{"ancestorTitles":["toast.service","showToastError"],"fullName":"toast.service showToastError should call api.error when api is registered","status":"passed","title":"should call api.error when api is registered","duration":3.494299999999839,"failureMessages":[],"meta":{}},{"ancestorTitles":["toast.service","showToastError"],"fullName":"toast.service showToastError should work without description","status":"passed","title":"should work without description","duration":0.6376000000000204,"failureMessages":[],"meta":{}},{"ancestorTitles":["toast.service","showToastSuccess"],"fullName":"toast.service showToastSuccess should call api.success when api is registered","status":"passed","title":"should call api.success when api is registered","duration":0.5927000000001499,"failureMessages":[],"meta":{}},{"ancestorTitles":["toast.service","showToastWarning"],"fullName":"toast.service showToastWarning should call api.warning when api is registered","status":"passed","title":"should call api.warning when api is registered","duration":0.5664999999999054,"failureMessages":[],"meta":{}},{"ancestorTitles":["toast.service","showToastInfo"],"fullName":"toast.service showToastInfo should call api.info when api is registered","status":"passed","title":"should call api.info when api is registered","duration":0.6516999999998916,"failureMessages":[],"meta":{}},{"ancestorTitles":["toast.service","queue when api not ready"],"fullName":"toast.service queue when api not ready should flush queue when api is registered later","status":"passed","title":"should flush queue when api is registered later","duration":1.0511999999998807,"failureMessages":[],"meta":{}}],"startTime":1770277130464,"endTime":1770277130476.0513,"status":"passed","message":"","name":"C:/Projects/ERP_ASPIRE_APP/erp-frontend-vite/src/contexts/__tests__/toast.service.test.ts"},{"assertionResults":[{"ancestorTitles":["Error Handling Utilities","handleApiError"],"fullName":"Error Handling Utilities handleApiError should return ApiClientError instance as-is","status":"passed","title":"should return ApiClientError instance as-is","duration":1.7916999999997643,"failureMessages":[],"meta":{}},{"ancestorTitles":["Error Handling Utilities","handleApiError"],"fullName":"Error Handling Utilities handleApiError should convert Error instance to ApiClientError","status":"passed","title":"should convert Error instance to ApiClientError","duration":0.721299999999701,"failureMessages":[],"meta":{}},{"ancestorTitles":["Error Handling Utilities","handleApiError"],"fullName":"Error Handling Utilities handleApiError should handle unknown error types with default message","status":"passed","title":"should handle unknown error types with default message","duration":0.37920000000030996,"failureMessages":[],"meta":{}},{"ancestorTitles":["Error Handling Utilities","handleApiError"],"fullName":"Error Handling Utilities handleApiError should handle null error","status":"passed","title":"should handle null error","duration":0.3043999999999869,"failureMessages":[],"meta":{}},{"ancestorTitles":["Error Handling Utilities","handleApiError"],"fullName":"Error Handling Utilities handleApiError should handle undefined error","status":"passed","title":"should handle undefined error","duration":0.314600000000155,"failureMessages":[],"meta":{}},{"ancestorTitles":["Error Handling Utilities","handleApiError"],"fullName":"Error Handling Utilities handleApiError should handle string error","status":"passed","title":"should handle string error","duration":0.22899999999981446,"failureMessages":[],"meta":{}},{"ancestorTitles":["Error Handling Utilities","handleApiError"],"fullName":"Error Handling Utilities handleApiError should preserve statusCode and other properties from ApiClientError","status":"passed","title":"should preserve statusCode and other properties from ApiClientError","duration":1.0270999999997912,"failureMessages":[],"meta":{}},{"ancestorTitles":["Error Handling Utilities","isForbiddenError"],"fullName":"Error Handling Utilities isForbiddenError should return true for 403 status code","status":"passed","title":"should return true for 403 status code","duration":0.34280000000035216,"failureMessages":[],"meta":{}},{"ancestorTitles":["Error Handling Utilities","isForbiddenError"],"fullName":"Error Handling Utilities isForbiddenError should return false for other status codes","status":"passed","title":"should return false for other status codes","duration":0.3807999999999083,"failureMessages":[],"meta":{}},{"ancestorTitles":["Error Handling Utilities","isForbiddenError"],"fullName":"Error Handling Utilities isForbiddenError should return false when statusCode is undefined","status":"passed","title":"should return false when statusCode is undefined","duration":0.27979999999979555,"failureMessages":[],"meta":{}},{"ancestorTitles":["Error Handling Utilities","getForbiddenMessage"],"fullName":"Error Handling Utilities getForbiddenMessage should generate message for singular resource","status":"passed","title":"should generate message for singular resource","duration":0.21149999999988722,"failureMessages":[],"meta":{}},{"ancestorTitles":["Error Handling Utilities","getForbiddenMessage"],"fullName":"Error Handling Utilities getForbiddenMessage should generate message for plural resource","status":"passed","title":"should generate message for plural resource","duration":0.13229999999975917,"failureMessages":[],"meta":{}},{"ancestorTitles":["Error Handling Utilities","getForbiddenMessage"],"fullName":"Error Handling Utilities getForbiddenMessage should generate message for resource with spaces","status":"passed","title":"should generate message for resource with spaces","duration":0.11349999999993088,"failureMessages":[],"meta":{}},{"ancestorTitles":["Error Handling Utilities","getForbiddenMessage"],"fullName":"Error Handling Utilities getForbiddenMessage should generate message for empty string resource","status":"passed","title":"should generate message for empty string resource","duration":0.11520000000018626,"failureMessages":[],"meta":{}},{"ancestorTitles":["Error Handling Utilities","getErrorMessage"],"fullName":"Error Handling Utilities getErrorMessage should return error message for non-403 errors","status":"passed","title":"should return error message for non-403 errors","duration":0.21820000000025175,"failureMessages":[],"meta":{}},{"ancestorTitles":["Error Handling Utilities","getErrorMessage"],"fullName":"Error Handling Utilities getErrorMessage should return default message when error message is empty for non-403 errors","status":"passed","title":"should return default message when error message is empty for non-403 errors","duration":0.1738999999997759,"failureMessages":[],"meta":{}},{"ancestorTitles":["Error Handling Utilities","getErrorMessage"],"fullName":"Error Handling Utilities getErrorMessage should return error message for 403 errors when message exists","status":"passed","title":"should return error message for 403 errors when message exists","duration":0.1550999999999476,"failureMessages":[],"meta":{}},{"ancestorTitles":["Error Handling Utilities","getErrorMessage"],"fullName":"Error Handling Utilities getErrorMessage should return default message for 403 errors when error message is empty","status":"passed","title":"should return default message for 403 errors when error message is empty","duration":0.12660000000005311,"failureMessages":[],"meta":{}},{"ancestorTitles":["Error Handling Utilities","getErrorMessage"],"fullName":"Error Handling Utilities getErrorMessage should return default message for 403 errors when error message is undefined","status":"passed","title":"should return default message for 403 errors when error message is undefined","duration":0.12100000000009459,"failureMessages":[],"meta":{}},{"ancestorTitles":["Error Handling Utilities","getErrorMessage"],"fullName":"Error Handling Utilities getErrorMessage should handle errors without statusCode","status":"passed","title":"should handle errors without statusCode","duration":0.10969999999997526,"failureMessages":[],"meta":{}}],"startTime":1770277131842,"endTime":1770277131850.155,"status":"passed","message":"","name":"C:/Projects/ERP_ASPIRE_APP/erp-frontend-vite/src/lib/__tests__/error-handling.test.ts"},{"assertionResults":[{"ancestorTitles":["Utility Functions","cn"],"fullName":"Utility Functions cn should merge class names","status":"passed","title":"should merge class names","duration":7.7199999999998,"failureMessages":[],"meta":{}},{"ancestorTitles":["Utility Functions","cn"],"fullName":"Utility Functions cn should handle conditional classes","status":"passed","title":"should handle conditional classes","duration":0.4394999999999527,"failureMessages":[],"meta":{}},{"ancestorTitles":["Utility Functions","cn"],"fullName":"Utility Functions cn should handle undefined and null","status":"passed","title":"should handle undefined and null","duration":0.26210000000037326,"failureMessages":[],"meta":{}},{"ancestorTitles":["Utility Functions","cn"],"fullName":"Utility Functions cn should handle empty strings","status":"passed","title":"should handle empty strings","duration":0.2818999999999505,"failureMessages":[],"meta":{}},{"ancestorTitles":["Utility Functions","formatDate"],"fullName":"Utility Functions formatDate should format ISO date string","status":"passed","title":"should format ISO date string","duration":24.170399999999972,"failureMessages":[],"meta":{}},{"ancestorTitles":["Utility Functions","formatDate"],"fullName":"Utility Functions formatDate should return empty string for undefined","status":"passed","title":"should return empty string for undefined","duration":0.1926000000003114,"failureMessages":[],"meta":{}},{"ancestorTitles":["Utility Functions","formatDate"],"fullName":"Utility Functions formatDate should handle Date object","status":"passed","title":"should handle Date object","duration":0.4126000000001113,"failureMessages":[],"meta":{}},{"ancestorTitles":["Utility Functions","formatDateTime"],"fullName":"Utility Functions formatDateTime should format ISO date string with time","status":"passed","title":"should format ISO date string with time","duration":0.5131000000001222,"failureMessages":[],"meta":{}},{"ancestorTitles":["Utility Functions","formatDateTime"],"fullName":"Utility Functions formatDateTime should handle different date formats","status":"passed","title":"should handle different date formats","duration":0.3443999999999505,"failureMessages":[],"meta":{}},{"ancestorTitles":["Utility Functions","formatDateTime"],"fullName":"Utility Functions formatDateTime should return empty string for undefined","status":"passed","title":"should return empty string for undefined","duration":0.1914999999999054,"failureMessages":[],"meta":{}},{"ancestorTitles":["Utility Functions","formatDateTime"],"fullName":"Utility Functions formatDateTime should handle Date object","status":"passed","title":"should handle Date object","duration":0.31009999999969295,"failureMessages":[],"meta":{}},{"ancestorTitles":["Utility Functions","formatCurrency"],"fullName":"Utility Functions formatCurrency should return empty string for zero","status":"passed","title":"should return empty string for zero","duration":0.19749999999976353,"failureMessages":[],"meta":{}},{"ancestorTitles":["Utility Functions","formatCurrency"],"fullName":"Utility Functions formatCurrency should format whole numbers without decimals","status":"passed","title":"should format whole numbers without decimals","duration":0.1511000000000422,"failureMessages":[],"meta":{}},{"ancestorTitles":["Utility Functions","formatCurrency"],"fullName":"Utility Functions formatCurrency should format amounts with one decimal place when trailing zero","status":"passed","title":"should format amounts with one decimal place when trailing zero","duration":0.15380000000004657,"failureMessages":[],"meta":{}},{"ancestorTitles":["Utility Functions","formatCurrency"],"fullName":"Utility Functions formatCurrency should format amounts with two decimal places","status":"passed","title":"should format amounts with two decimal places","duration":0.1529000000000451,"failureMessages":[],"meta":{}},{"ancestorTitles":["Utility Functions","formatCurrency"],"fullName":"Utility Functions formatCurrency should handle decimal.endsWith('0') branch","status":"passed","title":"should handle decimal.endsWith('0') branch","duration":0.15889999999990323,"failureMessages":[],"meta":{}}],"startTime":1770277126740,"endTime":1770277126777.159,"status":"passed","message":"","name":"C:/Projects/ERP_ASPIRE_APP/erp-frontend-vite/src/lib/__tests__/utils.test.ts"},{"assertionResults":[{"ancestorTitles":["API Services Integration","UsersService"],"fullName":"API Services Integration UsersService should fetch users with pagination","status":"passed","title":"should fetch users with pagination","duration":3.0320999999999003,"failureMessages":[],"meta":{}},{"ancestorTitles":["API Services Integration","UsersService"],"fullName":"API Services Integration UsersService should create a new user","status":"passed","title":"should create a new user","duration":0.59050000000002,"failureMessages":[],"meta":{}},{"ancestorTitles":["API Services Integration","RolesService"],"fullName":"API Services Integration RolesService should fetch roles","status":"passed","title":"should fetch roles","duration":0.3788999999999305,"failureMessages":[],"meta":{}},{"ancestorTitles":["API Services Integration","PermissionsService"],"fullName":"API Services Integration PermissionsService should fetch permissions","status":"passed","title":"should fetch permissions","duration":0.3324999999999818,"failureMessages":[],"meta":{}}],"startTime":1770277133256,"endTime":1770277133260.379,"status":"passed","message":"","name":"C:/Projects/ERP_ASPIRE_APP/erp-frontend-vite/src/test/integration/api-services.test.ts"},{"assertionResults":[{"ancestorTitles":["Backend Synchronization Validation","Type Definitions"],"fullName":"Backend Synchronization Validation Type Definitions should have correct User interface with all backend fields","status":"passed","title":"should have correct User interface with all backend fields","duration":1.711999999999989,"failureMessages":[],"meta":{}},{"ancestorTitles":["Backend Synchronization Validation","Type Definitions"],"fullName":"Backend Synchronization Validation Type Definitions should have correct PaginatedResponse interface matching backend","status":"passed","title":"should have correct PaginatedResponse interface matching backend","duration":0.4315000000001419,"failureMessages":[],"meta":{}},{"ancestorTitles":["Backend Synchronization Validation","Type Definitions"],"fullName":"Backend Synchronization Validation Type Definitions should have QuerySpec interface for search/filter/sort","status":"passed","title":"should have QuerySpec interface for search/filter/sort","duration":0.2501999999999498,"failureMessages":[],"meta":{}},{"ancestorTitles":["Backend Synchronization Validation","Type Definitions"],"fullName":"Backend Synchronization Validation Type Definitions should have Inventory DTOs defined","status":"passed","title":"should have Inventory DTOs defined","duration":0.21979999999985012,"failureMessages":[],"meta":{}},{"ancestorTitles":["Backend Synchronization Validation","Type Definitions"],"fullName":"Backend Synchronization Validation Type Definitions should have Orders DTOs defined","status":"passed","title":"should have Orders DTOs defined","duration":0.24599999999963984,"failureMessages":[],"meta":{}},{"ancestorTitles":["Backend Synchronization Validation","Validation Schemas"],"fullName":"Backend Synchronization Validation Validation Schemas should validate LoginDto with correct rules","status":"passed","title":"should validate LoginDto with correct rules","duration":2.782600000000002,"failureMessages":[],"meta":{}},{"ancestorTitles":["Backend Synchronization Validation","Validation Schemas"],"fullName":"Backend Synchronization Validation Validation Schemas should validate RegisterDto with password confirmation","status":"passed","title":"should validate RegisterDto with password confirmation","duration":1.6968999999999141,"failureMessages":[],"meta":{}},{"ancestorTitles":["Backend Synchronization Validation","Validation Schemas"],"fullName":"Backend Synchronization Validation Validation Schemas should validate CreateUserDto with minimum length requirements","status":"passed","title":"should validate CreateUserDto with minimum length requirements","duration":1.2660000000000764,"failureMessages":[],"meta":{}},{"ancestorTitles":["Backend Synchronization Validation","Validation Schemas"],"fullName":"Backend Synchronization Validation Validation Schemas should validate UpdateUserDto with all optional fields","status":"passed","title":"should validate UpdateUserDto with all optional fields","duration":1.4385000000002037,"failureMessages":[],"meta":{}},{"ancestorTitles":["Backend Synchronization Validation","Validation Schemas"],"fullName":"Backend Synchronization Validation Validation Schemas should validate CreateRoleDto","status":"passed","title":"should validate CreateRoleDto","duration":1.2188999999998487,"failureMessages":[],"meta":{}},{"ancestorTitles":["Backend Synchronization Validation","Validation Schemas"],"fullName":"Backend Synchronization Validation Validation Schemas should validate CreatePermissionDto","status":"passed","title":"should validate CreatePermissionDto","duration":0.8902000000002772,"failureMessages":[],"meta":{}},{"ancestorTitles":["Backend Synchronization Validation","Service Endpoint Mapping"],"fullName":"Backend Synchronization Validation Service Endpoint Mapping should have all auth service methods","status":"passed","title":"should have all auth service methods","duration":220.42659999999978,"failureMessages":[],"meta":{}},{"ancestorTitles":["Backend Synchronization Validation","Service Endpoint Mapping"],"fullName":"Backend Synchronization Validation Service Endpoint Mapping should have all users service methods","status":"passed","title":"should have all users service methods","duration":1.715599999999995,"failureMessages":[],"meta":{}},{"ancestorTitles":["Backend Synchronization Validation","Service Endpoint Mapping"],"fullName":"Backend Synchronization Validation Service Endpoint Mapping should have all roles service methods","status":"passed","title":"should have all roles service methods","duration":1.709400000000187,"failureMessages":[],"meta":{}},{"ancestorTitles":["Backend Synchronization Validation","Service Endpoint Mapping"],"fullName":"Backend Synchronization Validation Service Endpoint Mapping should have all permissions service methods","status":"passed","title":"should have all permissions service methods","duration":1.4463999999998123,"failureMessages":[],"meta":{}},{"ancestorTitles":["Backend Synchronization Validation","Service Endpoint Mapping"],"fullName":"Backend Synchronization Validation Service Endpoint Mapping should have products service methods","status":"passed","title":"should have products service methods","duration":1.5324000000000524,"failureMessages":[],"meta":{}},{"ancestorTitles":["Backend Synchronization Validation","Service Endpoint Mapping"],"fullName":"Backend Synchronization Validation Service Endpoint Mapping should have warehouses service methods","status":"passed","title":"should have warehouses service methods","duration":2.6740999999997257,"failureMessages":[],"meta":{}},{"ancestorTitles":["Backend Synchronization Validation","Service Endpoint Mapping"],"fullName":"Backend Synchronization Validation Service Endpoint Mapping should have orders service methods","status":"passed","title":"should have orders service methods","duration":1.574200000000019,"failureMessages":[],"meta":{}},{"ancestorTitles":["Backend Synchronization Validation","Service Endpoint Mapping"],"fullName":"Backend Synchronization Validation Service Endpoint Mapping should have sales orders service methods","status":"passed","title":"should have sales orders service methods","duration":1.6557999999999993,"failureMessages":[],"meta":{}},{"ancestorTitles":["Backend Synchronization Validation","Service Endpoint Mapping"],"fullName":"Backend Synchronization Validation Service Endpoint Mapping should have purchase orders service methods","status":"passed","title":"should have purchase orders service methods","duration":1.5769000000000233,"failureMessages":[],"meta":{}},{"ancestorTitles":["Backend Synchronization Validation","Service Endpoint Mapping"],"fullName":"Backend Synchronization Validation Service Endpoint Mapping should have suppliers service methods","status":"passed","title":"should have suppliers service methods","duration":3.522399999999834,"failureMessages":[],"meta":{}},{"ancestorTitles":["Backend Synchronization Validation","DateTime Handling"],"fullName":"Backend Synchronization Validation DateTime Handling should use ISO-8601 string format for DateTime fields","status":"passed","title":"should use ISO-8601 string format for DateTime fields","duration":1.632499999999709,"failureMessages":[],"meta":{}}],"startTime":1770277120861,"endTime":1770277121113.6326,"status":"passed","message":"","name":"C:/Projects/ERP_ASPIRE_APP/erp-frontend-vite/src/test/integration/backend-sync-validation.test.ts"},{"assertionResults":[{"ancestorTitles":["API Endpoints Constants","AUTH_ENDPOINTS"],"fullName":"API Endpoints Constants AUTH_ENDPOINTS should have correct login endpoint","status":"passed","title":"should have correct login endpoint","duration":1.1652000000001408,"failureMessages":[],"meta":{}},{"ancestorTitles":["API Endpoints Constants","AUTH_ENDPOINTS"],"fullName":"API Endpoints Constants AUTH_ENDPOINTS should have correct register endpoint","status":"passed","title":"should have correct register endpoint","duration":0.26670000000012806,"failureMessages":[],"meta":{}},{"ancestorTitles":["API Endpoints Constants","AUTH_ENDPOINTS"],"fullName":"API Endpoints Constants AUTH_ENDPOINTS should have correct refresh endpoint","status":"passed","title":"should have correct refresh endpoint","duration":0.19410000000016225,"failureMessages":[],"meta":{}},{"ancestorTitles":["API Endpoints Constants","AUTH_ENDPOINTS"],"fullName":"API Endpoints Constants AUTH_ENDPOINTS should have correct logout endpoint","status":"passed","title":"should have correct logout endpoint","duration":0.21610000000009677,"failureMessages":[],"meta":{}},{"ancestorTitles":["API Endpoints Constants","USERS_ENDPOINTS"],"fullName":"API Endpoints Constants USERS_ENDPOINTS should have correct ME endpoint","status":"passed","title":"should have correct ME endpoint","duration":0.17429999999990287,"failureMessages":[],"meta":{}},{"ancestorTitles":["API Endpoints Constants","USERS_ENDPOINTS"],"fullName":"API Endpoints Constants USERS_ENDPOINTS should generate correct BY_ID endpoint","status":"passed","title":"should generate correct BY_ID endpoint","duration":0.09519999999997708,"failureMessages":[],"meta":{}},{"ancestorTitles":["API Endpoints Constants","USERS_ENDPOINTS"],"fullName":"API Endpoints Constants USERS_ENDPOINTS should have correct CREATE endpoint","status":"passed","title":"should have correct CREATE endpoint","duration":0.06410000000005311,"failureMessages":[],"meta":{}},{"ancestorTitles":["API Endpoints Constants","USERS_ENDPOINTS"],"fullName":"API Endpoints Constants USERS_ENDPOINTS should have correct SEARCH endpoint","status":"passed","title":"should have correct SEARCH endpoint","duration":0.05040000000008149,"failureMessages":[],"meta":{}},{"ancestorTitles":["API Endpoints Constants","PRODUCTS_ENDPOINTS"],"fullName":"API Endpoints Constants PRODUCTS_ENDPOINTS should have correct base endpoint","status":"passed","title":"should have correct base endpoint","duration":0.10280000000011569,"failureMessages":[],"meta":{}},{"ancestorTitles":["API Endpoints Constants","PRODUCTS_ENDPOINTS"],"fullName":"API Endpoints Constants PRODUCTS_ENDPOINTS should generate correct BY_ID endpoint","status":"passed","title":"should generate correct BY_ID endpoint","duration":0.11760000000003856,"failureMessages":[],"meta":{}},{"ancestorTitles":["API Endpoints Constants","PRODUCTS_ENDPOINTS"],"fullName":"API Endpoints Constants PRODUCTS_ENDPOINTS should have correct SEARCH endpoint","status":"passed","title":"should have correct SEARCH endpoint","duration":0.070699999999988,"failureMessages":[],"meta":{}},{"ancestorTitles":["API Endpoints Constants","WAREHOUSES_ENDPOINTS"],"fullName":"API Endpoints Constants WAREHOUSES_ENDPOINTS should have correct base endpoint","status":"passed","title":"should have correct base endpoint","duration":0.07300000000009277,"failureMessages":[],"meta":{}},{"ancestorTitles":["API Endpoints Constants","WAREHOUSES_ENDPOINTS"],"fullName":"API Endpoints Constants WAREHOUSES_ENDPOINTS should generate correct BY_ID endpoint","status":"passed","title":"should generate correct BY_ID endpoint","duration":0.06600000000003092,"failureMessages":[],"meta":{}},{"ancestorTitles":["API Endpoints Constants","CUSTOMERS_ENDPOINTS"],"fullName":"API Endpoints Constants CUSTOMERS_ENDPOINTS should have correct base endpoint","status":"passed","title":"should have correct base endpoint","duration":0.0521000000001095,"failureMessages":[],"meta":{}},{"ancestorTitles":["API Endpoints Constants","CUSTOMERS_ENDPOINTS"],"fullName":"API Endpoints Constants CUSTOMERS_ENDPOINTS should generate correct BY_ID endpoint","status":"passed","title":"should generate correct BY_ID endpoint","duration":0.05600000000004002,"failureMessages":[],"meta":{}},{"ancestorTitles":["API Endpoints Constants","SALES_ORDERS_ENDPOINTS"],"fullName":"API Endpoints Constants SALES_ORDERS_ENDPOINTS should have correct base endpoint","status":"passed","title":"should have correct base endpoint","duration":0.05099999999993088,"failureMessages":[],"meta":{}},{"ancestorTitles":["API Endpoints Constants","SALES_ORDERS_ENDPOINTS"],"fullName":"API Endpoints Constants SALES_ORDERS_ENDPOINTS should have correct QUOTES endpoint","status":"passed","title":"should have correct QUOTES endpoint","duration":0.044800000000122964,"failureMessages":[],"meta":{}},{"ancestorTitles":["API Endpoints Constants","PURCHASE_ORDERS_ENDPOINTS"],"fullName":"API Endpoints Constants PURCHASE_ORDERS_ENDPOINTS should have correct base endpoint","status":"passed","title":"should have correct base endpoint","duration":0.06200000000012551,"failureMessages":[],"meta":{}},{"ancestorTitles":["API Endpoints Constants","PURCHASE_ORDERS_ENDPOINTS"],"fullName":"API Endpoints Constants PURCHASE_ORDERS_ENDPOINTS should generate correct BY_ID endpoint","status":"passed","title":"should generate correct BY_ID endpoint","duration":0.07310000000006767,"failureMessages":[],"meta":{}}],"startTime":1770277133513,"endTime":1770277133516.1177,"status":"passed","message":"","name":"C:/Projects/ERP_ASPIRE_APP/erp-frontend-vite/src/api/constants/__tests__/endpoints.test.ts"},{"assertionResults":[{"ancestorTitles":["AxiosApiClient","HTTP Methods"],"fullName":"AxiosApiClient HTTP Methods should make GET request","status":"passed","title":"should make GET request","duration":4.843699999999899,"failureMessages":[],"meta":{}},{"ancestorTitles":["AxiosApiClient","HTTP Methods"],"fullName":"AxiosApiClient HTTP Methods should make GET request with config","status":"passed","title":"should make GET request with config","duration":1.7010999999997694,"failureMessages":[],"meta":{}},{"ancestorTitles":["AxiosApiClient","HTTP Methods"],"fullName":"AxiosApiClient HTTP Methods should make POST request","status":"passed","title":"should make POST request","duration":1.1963000000000648,"failureMessages":[],"meta":{}},{"ancestorTitles":["AxiosApiClient","HTTP Methods"],"fullName":"AxiosApiClient HTTP Methods should make PUT request","status":"passed","title":"should make PUT request","duration":0.8259000000002743,"failureMessages":[],"meta":{}},{"ancestorTitles":["AxiosApiClient","HTTP Methods"],"fullName":"AxiosApiClient HTTP Methods should make PATCH request","status":"passed","title":"should make PATCH request","duration":0.8755000000001019,"failureMessages":[],"meta":{}},{"ancestorTitles":["AxiosApiClient","HTTP Methods"],"fullName":"AxiosApiClient HTTP Methods should make DELETE request","status":"passed","title":"should make DELETE request","duration":0.7155999999999949,"failureMessages":[],"meta":{}},{"ancestorTitles":["AxiosApiClient","Authentication"],"fullName":"AxiosApiClient Authentication should set auth token","status":"passed","title":"should set auth token","duration":0.702900000000227,"failureMessages":[],"meta":{}},{"ancestorTitles":["AxiosApiClient","Authentication"],"fullName":"AxiosApiClient Authentication should clear auth token","status":"passed","title":"should clear auth token","duration":0.48329999999987194,"failureMessages":[],"meta":{}},{"ancestorTitles":["AxiosApiClient","Authentication"],"fullName":"AxiosApiClient Authentication should add Authorization header when token is set","status":"passed","title":"should add Authorization header when token is set","duration":0.7339000000001761,"failureMessages":[],"meta":{}},{"ancestorTitles":["AxiosApiClient","Error Handling"],"fullName":"AxiosApiClient Error Handling should handle network errors (no response)","status":"passed","title":"should handle network errors (no response)","duration":1.2640999999998712,"failureMessages":[],"meta":{}},{"ancestorTitles":["AxiosApiClient","Error Handling"],"fullName":"AxiosApiClient Error Handling should handle request setup errors","status":"passed","title":"should handle request setup errors","duration":0.7174999999997453,"failureMessages":[],"meta":{}},{"ancestorTitles":["AxiosApiClient","Error Handling"],"fullName":"AxiosApiClient Error Handling should handle 4xx/5xx with response and ProblemDetails","status":"passed","title":"should handle 4xx/5xx with response and ProblemDetails","duration":1.2422999999998865,"failureMessages":[],"meta":{}},{"ancestorTitles":["AxiosApiClient","Error Handling"],"fullName":"AxiosApiClient Error Handling should handle 403 without showing toast (component handles)","status":"passed","title":"should handle 403 without showing toast (component handles)","duration":0.647899999999936,"failureMessages":[],"meta":{}},{"ancestorTitles":["AxiosApiClient","Error Handling"],"fullName":"AxiosApiClient Error Handling should handle 500 with simple message","status":"passed","title":"should handle 500 with simple message","duration":0.6131000000000313,"failureMessages":[],"meta":{}},{"ancestorTitles":["AxiosApiClient","Error Handling"],"fullName":"AxiosApiClient Error Handling should use error.message when response has no message","status":"passed","title":"should use error.message when response has no message","duration":0.49470000000019354,"failureMessages":[],"meta":{}},{"ancestorTitles":["AxiosApiClient","Interceptors"],"fullName":"AxiosApiClient Interceptors should call onRequest when provided","status":"passed","title":"should call onRequest when provided","duration":0.5704000000000633,"failureMessages":[],"meta":{}},{"ancestorTitles":["AxiosApiClient","Interceptors"],"fullName":"AxiosApiClient Interceptors should call onResponse when provided","status":"passed","title":"should call onResponse when provided","duration":0.5536000000001877,"failureMessages":[],"meta":{}},{"ancestorTitles":["AxiosApiClient","Interceptors"],"fullName":"AxiosApiClient Interceptors should call onError when provided and request fails","status":"passed","title":"should call onError when provided and request fails","duration":0.6177999999999884,"failureMessages":[],"meta":{}},{"ancestorTitles":["AxiosApiClient","Constructor"],"fullName":"AxiosApiClient Constructor should pass timeout and headers from config","status":"passed","title":"should pass timeout and headers from config","duration":2.2874000000001615,"failureMessages":[],"meta":{}}],"startTime":1770277128186,"endTime":1770277128208.2874,"status":"passed","message":"","name":"C:/Projects/ERP_ASPIRE_APP/erp-frontend-vite/src/api/clients/__tests__/axios-client.test.ts"},{"assertionResults":[{"ancestorTitles":["DaprHttpClient","HTTP Methods"],"fullName":"DaprHttpClient HTTP Methods should make GET request through Dapr","status":"passed","title":"should make GET request through Dapr","duration":4.830999999999676,"failureMessages":[],"meta":{}},{"ancestorTitles":["DaprHttpClient","HTTP Methods"],"fullName":"DaprHttpClient HTTP Methods should make POST request through Dapr","status":"passed","title":"should make POST request through Dapr","duration":0.9572000000002845,"failureMessages":[],"meta":{}},{"ancestorTitles":["DaprHttpClient","Authentication"],"fullName":"DaprHttpClient Authentication should include auth token in headers","status":"passed","title":"should include auth token in headers","duration":0.972700000000259,"failureMessages":[],"meta":{}},{"ancestorTitles":["DaprHttpClient","Error Handling"],"fullName":"DaprHttpClient Error Handling should handle HTTP errors","status":"passed","title":"should handle HTTP errors","duration":3.4057999999999993,"failureMessages":[],"meta":{}},{"ancestorTitles":["DaprHttpClient","Error Handling"],"fullName":"DaprHttpClient Error Handling should handle network errors","status":"passed","title":"should handle network errors","duration":1.189300000000003,"failureMessages":[],"meta":{}}],"startTime":1770277129579,"endTime":1770277129591.1892,"status":"passed","message":"","name":"C:/Projects/ERP_ASPIRE_APP/erp-frontend-vite/src/api/clients/__tests__/dapr-client.test.ts"},{"assertionResults":[{"ancestorTitles":["ProtectedRoute"],"fullName":"ProtectedRoute should show loading when isLoading is true","status":"passed","title":"should show loading when isLoading is true","duration":33.55749999999989,"failureMessages":[],"meta":{}},{"ancestorTitles":["ProtectedRoute"],"fullName":"ProtectedRoute should redirect to login when not authenticated","status":"passed","title":"should redirect to login when not authenticated","duration":7.420900000000074,"failureMessages":[],"meta":{}},{"ancestorTitles":["ProtectedRoute"],"fullName":"ProtectedRoute should render children when authenticated without permission check","status":"passed","title":"should render children when authenticated without permission check","duration":4.9606000000003405,"failureMessages":[],"meta":{}},{"ancestorTitles":["ProtectedRoute"],"fullName":"ProtectedRoute should show Access Denied when permission check fails","status":"passed","title":"should show Access Denied when permission check fails","duration":32.86959999999999,"failureMessages":[],"meta":{}},{"ancestorTitles":["ProtectedRoute"],"fullName":"ProtectedRoute should render children when permission check passes","status":"passed","title":"should render children when permission check passes","duration":21.74240000000009,"failureMessages":[],"meta":{}}],"startTime":1770277124379,"endTime":1770277124479.7424,"status":"passed","message":"","name":"C:/Projects/ERP_ASPIRE_APP/erp-frontend-vite/src/components/auth/__tests__/protected-route.test.tsx"},{"assertionResults":[{"ancestorTitles":["CreateProductDialog"],"fullName":"CreateProductDialog should render create product form when open","status":"passed","title":"should render create product form when open","duration":159.36429999999973,"failureMessages":[],"meta":{}},{"ancestorTitles":["CreateProductDialog"],"fullName":"CreateProductDialog should not render when closed","status":"passed","title":"should not render when closed","duration":3.8141999999998006,"failureMessages":[],"meta":{}},{"ancestorTitles":["CreateProductDialog"],"fullName":"CreateProductDialog should handle successful product creation","status":"passed","title":"should handle successful product creation","duration":78.83840000000009,"failureMessages":[],"meta":{}},{"ancestorTitles":["CreateProductDialog"],"fullName":"CreateProductDialog should display error on creation failure","status":"passed","title":"should display error on creation failure","duration":58.297399999999925,"failureMessages":[],"meta":{}},{"ancestorTitles":["CreateProductDialog"],"fullName":"CreateProductDialog should show validation errors for empty required fields","status":"passed","title":"should show validation errors for empty required fields","duration":51.22560000000021,"failureMessages":[],"meta":{}},{"ancestorTitles":["CreateProductDialog"],"fullName":"CreateProductDialog should call onOpenChange when Cancel is clicked","status":"passed","title":"should call onOpenChange when Cancel is clicked","duration":35.363700000000335,"failureMessages":[],"meta":{}}],"startTime":1770277118138,"endTime":1770277118524.3638,"status":"passed","message":"","name":"C:/Projects/ERP_ASPIRE_APP/erp-frontend-vite/src/components/inventory/__tests__/create-product-dialog.test.tsx"},{"assertionResults":[{"ancestorTitles":["CreateWarehouseDialog"],"fullName":"CreateWarehouseDialog renders dialog when open","status":"passed","title":"renders dialog when open","duration":82.5359999999996,"failureMessages":[],"meta":{}},{"ancestorTitles":["CreateWarehouseDialog"],"fullName":"CreateWarehouseDialog renders all form fields","status":"passed","title":"renders all form fields","duration":15.871099999999842,"failureMessages":[],"meta":{}},{"ancestorTitles":["CreateWarehouseDialog"],"fullName":"CreateWarehouseDialog submits form with valid data","status":"failed","title":"submits form with valid data","duration":1058.2698,"failureMessages":["AssertionError: expected \"vi.fn()\" to be called at least once\n\nIgnored nodes: comments, script, style\n\u001b[36m<html>\u001b[39m\n  \u001b[36m<head />\u001b[39m\n  \u001b[36m<body\u001b[39m\n    \u001b[33mdata-scroll-locked\u001b[39m=\u001b[32m\"1\"\u001b[39m\n    \u001b[33mstyle\u001b[39m=\u001b[32m\"pointer-events: none;\"\u001b[39m\n  \u001b[36m>\u001b[39m\n    \u001b[36m<span\u001b[39m\n      \u001b[33maria-hidden\u001b[39m=\u001b[32m\"true\"\u001b[39m\n      \u001b[33mdata-aria-hidden\u001b[39m=\u001b[32m\"true\"\u001b[39m\n      \u001b[33mdata-radix-focus-guard\u001b[39m=\u001b[32m\"\"\u001b[39m\n      \u001b[33mstyle\u001b[39m=\u001b[32m\"opacity: 0; position: fixed; pointer-events: none; outline-color: none; outline-style: none; outline-width: initial;\"\u001b[39m\n      \u001b[33mtabindex\u001b[39m=\u001b[32m\"0\"\u001b[39m\n    \u001b[36m/>\u001b[39m\n    \u001b[36m<div\u001b[39m\n      \u001b[33maria-hidden\u001b[39m=\u001b[32m\"true\"\u001b[39m\n      \u001b[33mdata-aria-hidden\u001b[39m=\u001b[32m\"true\"\u001b[39m\n    \u001b[36m/>\u001b[39m\n    \u001b[36m<div\u001b[39m\n      \u001b[33maria-hidden\u001b[39m=\u001b[32m\"true\"\u001b[39m\n      \u001b[33mclass\u001b[39m=\u001b[32m\"fixed inset-0 z-50 bg-background/80 backdrop-blur-sm data-[state=open]:animate-in data-[state=closed]:animate-out data-[state=closed]:fade-out-0 data-[state=open]:fade-in-0\"\u001b[39m\n      \u001b[33mdata-aria-hidden\u001b[39m=\u001b[32m\"true\"\u001b[39m\n      \u001b[33mdata-state\u001b[39m=\u001b[32m\"open\"\u001b[39m\n      \u001b[33mstyle\u001b[39m=\u001b[32m\"pointer-events: auto;\"\u001b[39m\n    \u001b[36m/>\u001b[39m\n    \u001b[36m<div\u001b[39m\n      \u001b[33maria-describedby\u001b[39m=\u001b[32m\"radix-:r8:\"\u001b[39m\n      \u001b[33maria-labelledby\u001b[39m=\u001b[32m\"radix-:r7:\"\u001b[39m\n      \u001b[33mclass\u001b[39m=\u001b[32m\"fixed left-[50%] top-[50%] z-50 grid w-full max-w-lg translate-x-[-50%] translate-y-[-50%] gap-4 border bg-background p-6 shadow-lg duration-200 data-[state=open]:animate-in data-[state=closed]:animate-out data-[state=closed]:fade-out-0 data-[state=open]:fade-in-0 data-[state=closed]:zoom-out-95 data-[state=open]:zoom-in-95 data-[state=closed]:slide-out-to-left-1/2 data-[state=closed]:slide-out-to-top-[48%] data-[state=open]:slide-in-from-left-1/2 data-[state=open]:slide-in-from-top-[48%] sm:rounded-lg sm:max-w-[600px]\"\u001b[39m\n      \u001b[33mdata-state\u001b[39m=\u001b[32m\"open\"\u001b[39m\n      \u001b[33mid\u001b[39m=\u001b[32m\"radix-:r6:\"\u001b[39m\n      \u001b[33mrole\u001b[39m=\u001b[32m\"dialog\"\u001b[39m\n      \u001b[33mstyle\u001b[39m=\u001b[32m\"pointer-events: auto;\"\u001b[39m\n      \u001b[33mtabindex\u001b[39m=\u001b[32m\"-1\"\u001b[39m\n    \u001b[36m>\u001b[39m\n      \u001b[36m<form>\u001b[39m\n        \u001b[36m<div\u001b[39m\n          \u001b[33mclass\u001b[39m=\u001b[32m\"flex flex-col space-y-1.5 text-center sm:text-left\"\u001b[39m\n        \u001b[36m>\u001b[39m\n          \u001b[36m<h2\u001b[39m\n            \u001b[33mclass\u001b[39m=\u001b[32m\"text-lg font-semibold leading-none tracking-tight\"\u001b[39m\n            \u001b[33mid\u001b[39m=\u001b[32m\"radix-:r7:\"\u001b[39m\n          \u001b[36m>\u001b[39m\n            \u001b[0mCreate New Warehouse\u001b[0m\n          \u001b[36m</h2>\u001b[39m\n          \u001b[36m<p\u001b[39m\n            \u001b[33mclass\u001b[39m=\u001b[32m\"text-sm text-muted-foreground\"\u001b[39m\n            \u001b[33mid\u001b[39m=\u001b[32m\"radix-:r8:\"\u001b[39m\n          \u001b[36m>\u001b[39m\n            \u001b[0mAdd a new warehouse to the system\u001b[0m\n          \u001b[36m</p>\u001b[39m\n        \u001b[36m</div>\u001b[39m\n        \u001b[36m<div\u001b[39m\n          \u001b[33mclass\u001b[39m=\u001b[32m\"space-y-4 py-4 max-h-[60vh] overflow-y-auto\"\u001b[39m\n        \u001b[36m>\u001b[39m\n          \u001b[36m<div\u001b[39m\n            \u001b[33mclass\u001b[39m=\u001b[32m\"relative w-full rounded-lg border px-4 py-3 text-sm [&>svg+div]:translate-y-[-3px] [&>svg]:absolute [&>svg]:left-4 [&>svg]:top-4 [&>svg~*]:pl-7 border-destructive/50 text-destructive dark:border-destructive [&>svg]:text-destructive\"\u001b[39m\n            \u001b[33mrole\u001b[39m=\u001b[32m\"alert\"\u001b[39m\n          \u001b[36m>\u001b[39m\n            \u001b[36m<div\u001b[39m\n              \u001b[33mclass\u001b[39m=\u001b[32m\"text-sm [&_p]:leading-relaxed\"\u001b[39m\n            \u001b[36m>\u001b[39m\n              \u001b[0m__vite_ssr_import_2__.warehousesService.createWarehouse is not a function\u001b[0m\n            \u001b[36m</div>\u001b[39m\n          \u001b[36m</div>\u001b[39m\n          \u001b[36m<div\u001b[39m\n            \u001b[33mclass\u001b[39m=\u001b[32m\"space-y-2\"\u001b[39m\n          \u001b[36m>\u001b[39m\n            \u001b[36m<label\u001b[39m\n              \u001b[33mclass\u001b[39m=\u001b[32m\"text-sm font-medium leading-none peer-disabled:cursor-not-allowed peer-disabled:opacity-70\"\u001b[39m\n              \u001b[33mfor\u001b[39m=\u001b[32m\"name\"\u001b[39m\n            \u001b[36m>\u001b[39m\n              \u001b[0mName *\u001b[0m\n            \u001b[36m</label>\u001b[39m\n            \u001b[36m<input\u001b[39m\n              \u001b[33mclass\u001b[39m=\u001b[32m\"flex h-9 w-full rounded-md border border-input bg-background px-3 py-1 text-sm shadow-sm transition-colors file:border-0 file:bg-transparent file:text-sm file:font-medium placeholder:text-muted-foreground focus-visible:outline-none focus-visible:ring-1 focus-visible:ring-ring disabled:cursor-not-allowed disabled:opacity-50\"\u001b[39m\n              \u001b[33mid\u001b[39m=\u001b[32m\"name\"\u001b[39m\n              \u001b[33mrequired\u001b[39m=\u001b[32m\"\"\u001b[39m\n              \u001b[33mvalue\u001b[39m=\u001b[32m\"Test Warehouse\"\u001b[39m\n            \u001b[36m/>\u001b[39m\n          \u001b[36m</div>\u001b[39m\n          \u001b[36m<div\u001b[39m\n            \u001b[33mclass\u001b[39m=\u001b[32m\"space-y-2\"\u001b[39m\n          \u001b[36m>\u001b[39m\n            \u001b[36m<label\u001b[39m\n              \u001b[33mclass\u001b[39m=\u001b[32m\"text-sm font-medium leading-none peer-disabled:cursor-not-allowed peer-disabled:opacity-70\"\u001b[39m\n              \u001b[33mfor\u001b[39m=\u001b[32m\"location\"\u001b[39m\n            \u001b[36m>\u001b[39m\n              \u001b[0mLocation *\u001b[0m\n            \u001b[36m</label>\u001b[39m\n            \u001b[36m<input\u001b[39m\n              \u001b[33mclass\u001b[39m=\u001b[32m\"flex h-9 w-full rounded-md border border-input bg-background px-3 py-1 text-sm shadow-sm transition-colors file:border-0 file:bg-transparent file:text-sm file:font-medium placeholder:text-muted-foreground focus-visible:outline-none focus-visible:ring-1 focus-visible:ring-ring disabled:cursor-not-allowed disabled:opacity-50\"\u001b[39m\n              \u001b[33mid\u001b[39m=\u001b[32m\"location\"\u001b[39m\n              \u001b[33mrequired\u001b[39m=\u001b[32m\"\"\u001b[39m\n              \u001b[33mvalue\u001b[39m=\u001b[32m\"Test Location\"\u001b[39m\n            \u001b[36m/>\u001b[39m\n          \u001b[36m</div>\u001b[39m\n        \u001b[36m</div>\u001b[39m\n        \u001b[36m<div\u001b[39m\n          \u001b[33mclass\u001b[39m=\u001b[32m\"flex flex-col-reverse sm:flex-row sm:justify-end sm:space-x-2\"\u001b[39m\n        \u001b[36m>\u001b[39m\n          \u001b[36m<button\u001b[39m\n            \u001b[33mclass\u001b[39m=\u001b[32m\"inline-flex items-center justify-center gap-2 whitespace-nowrap rounded-md text-sm font-medium transition-colors focus-visible:outline-none focus-visible:ring-1 focus-visible:ring-ring disabled:pointer-events-none disabled:opacity-50 border border-input bg-background shadow-sm hover:bg-accent hover:text-accent-foreground h-9 px-4 py-2\"\u001b[39m\n            \u001b[33mtype\u001b[39m=\u001b[32m\"button\"\u001b[39m\n          \u001b[36m>\u001b[39m\n            \u001b[0mCancel\u001b[0m\n          \u001b[36m</button>\u001b[39m\n          \u001b[36m<button\u001b[39m\n            \u001b[33mclass\u001b[39m=\u001b[32m\"inline-flex items-center justify-center gap-2 whitespace-nowrap rounded-md text-sm font-medium transition-colors focus-visible:outline-none focus-visible:ring-1 focus-visible:ring-ring disabled:pointer-events-none disabled:opacity-50 bg-primary text-primary-foreground shadow hover:bg-primary/90 h-9 px-4 py-2\"\u001b[39m\n            \u001b[33mtype\u001b[39m=\u001b[32m\"submit\"\u001b[39m\n          \u001b[36m>\u001b[39m\n            \u001b[0mCreate Warehouse\u001b[0m\n          \u001b[36m</button>\u001b[39m\n        \u001b[36m</div>\u001b[39m\n      \u001b[36m</form>\u001b[39m\n      \u001b[36m<button\u001b[39m\n        \u001b[33mclass\u001b[39m=\u001b[32m\"absolute right-4 top-4 rounded-sm opacity-70 ring-offset-background transition-opacity hover:opacity-100 focus:outline-none focus:ring-2 focus:ring-ring focus:ring-offset-2 disabled:pointer-events-none data-[state=open]:bg-accent data-[state=open]:text-muted-foreground\"\u001b[39m\n        \u001b[33mtype\u001b[39m=\u001b[32m\"button\"\u001b[39m\n      \u001b[36m>\u001b[39m\n        \u001b[36m<svg\u001b[39m\n          \u001b[33maria-hidden\u001b[39m=\u001b[32m\"true\"\u001b[39m\n          \u001b[33mclass\u001b[39m=\u001b[32m\"lucide lucide-x h-4 w-4\"\u001b[39m\n          \u001b[33mfill\u001b[39m=\u001b[32m\"none\"\u001b[39m\n          \u001b[33mheight\u001b[39m=\u001b[32m\"24\"\u001b[39m\n          \u001b[33mstroke\u001b[39m=\u001b[32m\"currentColor\"\u001b[39m\n          \u001b[33mstroke-linecap\u001b[39m=\u001b[32m\"round\"\u001b[39m\n          \u001b[33mstroke-linejoin\u001b[39m=\u001b[32m\"round\"\u001b[39m\n          \u001b[33mstroke-width\u001b[39m=\u001b[32m\"2\"\u001b[39m\n          \u001b[33mviewBox\u001b[39m=\u001b[32m\"0 0 24 24\"\u001b[39m\n          \u001b[33mwidth\u001b[39m=\u001b[32m\"24\"\u001b[39m\n          \u001b[33mxmlns\u001b[39m=\u001b[32m\"http://www.w3.org/2000/svg\"\u001b[39m\n        \u001b[36m>\u001b[39m\n          \u001b[36m<path\u001b[39m\n            \u001b[33md\u001b[39m=\u001b[32m\"M18 6 6 18\"\u001b[39m\n          \u001b[36m/>\u001b[39m\n          \u001b[36m<path\u001b[39m\n            \u001b[33md\u001b[39m=\u001b[32m\"m6 6 12 12\"\u001b[39m\n          \u001b[36m/>\u001b[39m\n        \u001b[36m</svg>\u001b[39m\n        \u001b[36m<span\u001b[39m\n          \u001b[33mclass\u001b[39m=\u001b[32m\"sr-only\"\u001b[39m\n        \u001b[36m>\u001b[39m\n          \u001b[0mClose\u001b[0m\n        \u001b[36m</span>\u001b[39m\n      \u001b[36m</button>\u001b[39m\n    \u001b[36m</div>\u001b[39m\n    \u001b[36m<span\u001b[39m\n      \u001b[33maria-hidden\u001b[39m=\u001b[32m\"true\"\u001b[39m\n      \u001b[33mdata-aria-hidden\u001b[39m=\u001b[32m\"true\"\u001b[39m\n      \u001b[33mdata-radix-focus-guard\u001b[39m=\u001b[32m\"\"\u001b[39m\n      \u001b[33mstyle\u001b[39m=\u001b[32m\"opacity: 0; position: fixed; pointer-events: none; outline-color: none; outline-style: none; outline-width: initial;\"\u001b[39m\n      \u001b[33mtabindex\u001b[39m=\u001b[32m\"0\"\u001b[39m\n    \u001b[36m/>\u001b[39m\n  \u001b[36m</body>\u001b[39m\n\u001b[36m</html>\u001b[39m\n    at Proxy.<anonymous> (file:///C:/Projects/ERP_ASPIRE_APP/erp-frontend-vite/node_modules/@vitest/expect/dist/index.js:1400:10)\n    at Proxy.<anonymous> (file:///C:/Projects/ERP_ASPIRE_APP/erp-frontend-vite/node_modules/@vitest/expect/dist/index.js:1090:14)\n    at Proxy.methodWrapper (file:///C:/Projects/ERP_ASPIRE_APP/erp-frontend-vite/node_modules/chai/index.js:1700:25)\n    at C:/Projects/ERP_ASPIRE_APP/erp-frontend-vite/src/components/inventory/__tests__/create-warehouse-dialog.test.tsx:63:40\n    at runWithExpensiveErrorDiagnosticsDisabled (C:\\Projects\\ERP_ASPIRE_APP\\erp-frontend-vite\\node_modules\\@testing-library\\dom\\dist\\config.js:47:12)\n    at checkCallback (C:\\Projects\\ERP_ASPIRE_APP\\erp-frontend-vite\\node_modules\\@testing-library\\dom\\dist\\wait-for.js:124:77)\n    at Timeout.checkRealTimersCallback (C:\\Projects\\ERP_ASPIRE_APP\\erp-frontend-vite\\node_modules\\@testing-library\\dom\\dist\\wait-for.js:118:16)\n    at listOnTimeout (node:internal/timers:605:17)\n    at processTimers (node:internal/timers:541:7)"],"meta":{}}],"startTime":1770277114675,"endTime":1770277115832.2698,"status":"failed","message":"","name":"C:/Projects/ERP_ASPIRE_APP/erp-frontend-vite/src/components/inventory/__tests__/create-warehouse-dialog.test.tsx"},{"assertionResults":[{"ancestorTitles":["DeleteProductDialog"],"fullName":"DeleteProductDialog renders dialog when open","status":"passed","title":"renders dialog when open","duration":118.3439000000003,"failureMessages":[],"meta":{}},{"ancestorTitles":["DeleteProductDialog"],"fullName":"DeleteProductDialog displays product name in confirmation message","status":"passed","title":"displays product name in confirmation message","duration":84.39969999999994,"failureMessages":[],"meta":{}},{"ancestorTitles":["DeleteProductDialog"],"fullName":"DeleteProductDialog handles delete confirmation","status":"passed","title":"handles delete confirmation","duration":57.45569999999998,"failureMessages":[],"meta":{}}],"startTime":1770277122050,"endTime":1770277122309.4558,"status":"passed","message":"","name":"C:/Projects/ERP_ASPIRE_APP/erp-frontend-vite/src/components/inventory/__tests__/delete-product-dialog.test.tsx"},{"assertionResults":[{"ancestorTitles":["DeleteWarehouseDialog"],"fullName":"DeleteWarehouseDialog renders dialog when open","status":"passed","title":"renders dialog when open","duration":80.51249999999982,"failureMessages":[],"meta":{}},{"ancestorTitles":["DeleteWarehouseDialog"],"fullName":"DeleteWarehouseDialog displays warehouse name","status":"passed","title":"displays warehouse name","duration":25.400900000000092,"failureMessages":[],"meta":{}},{"ancestorTitles":["DeleteWarehouseDialog"],"fullName":"DeleteWarehouseDialog handles delete","status":"failed","title":"handles delete","duration":1061.7336,"failureMessages":["AssertionError: expected \"vi.fn()\" to be called with arguments: [ '1' ]\u001b[90m\n\nNumber of calls: \u001b[1m0\u001b[22m\n\u001b[39m\n\nIgnored nodes: comments, script, style\n\u001b[36m<html>\u001b[39m\n  \u001b[36m<head />\u001b[39m\n  \u001b[36m<body\u001b[39m\n    \u001b[33mdata-scroll-locked\u001b[39m=\u001b[32m\"1\"\u001b[39m\n    \u001b[33mstyle\u001b[39m=\u001b[32m\"pointer-events: none;\"\u001b[39m\n  \u001b[36m>\u001b[39m\n    \u001b[36m<span\u001b[39m\n      \u001b[33maria-hidden\u001b[39m=\u001b[32m\"true\"\u001b[39m\n      \u001b[33mdata-aria-hidden\u001b[39m=\u001b[32m\"true\"\u001b[39m\n      \u001b[33mdata-radix-focus-guard\u001b[39m=\u001b[32m\"\"\u001b[39m\n      \u001b[33mstyle\u001b[39m=\u001b[32m\"opacity: 0; position: fixed; pointer-events: none; outline-color: none; outline-style: none; outline-width: initial;\"\u001b[39m\n      \u001b[33mtabindex\u001b[39m=\u001b[32m\"0\"\u001b[39m\n    \u001b[36m/>\u001b[39m\n    \u001b[36m<div\u001b[39m\n      \u001b[33maria-hidden\u001b[39m=\u001b[32m\"true\"\u001b[39m\n      \u001b[33mdata-aria-hidden\u001b[39m=\u001b[32m\"true\"\u001b[39m\n    \u001b[36m/>\u001b[39m\n    \u001b[36m<div\u001b[39m\n      \u001b[33maria-hidden\u001b[39m=\u001b[32m\"true\"\u001b[39m\n      \u001b[33mclass\u001b[39m=\u001b[32m\"fixed inset-0 z-50 bg-background/80 backdrop-blur-sm data-[state=open]:animate-in data-[state=closed]:animate-out data-[state=closed]:fade-out-0 data-[state=open]:fade-in-0\"\u001b[39m\n      \u001b[33mdata-aria-hidden\u001b[39m=\u001b[32m\"true\"\u001b[39m\n      \u001b[33mdata-state\u001b[39m=\u001b[32m\"open\"\u001b[39m\n      \u001b[33mstyle\u001b[39m=\u001b[32m\"pointer-events: auto;\"\u001b[39m\n    \u001b[36m/>\u001b[39m\n    \u001b[36m<div\u001b[39m\n      \u001b[33maria-describedby\u001b[39m=\u001b[32m\"radix-:r8:\"\u001b[39m\n      \u001b[33maria-labelledby\u001b[39m=\u001b[32m\"radix-:r7:\"\u001b[39m\n      \u001b[33mclass\u001b[39m=\u001b[32m\"fixed left-[50%] top-[50%] z-50 grid w-full max-w-lg translate-x-[-50%] translate-y-[-50%] gap-4 border bg-background p-6 shadow-lg duration-200 data-[state=open]:animate-in data-[state=closed]:animate-out data-[state=closed]:fade-out-0 data-[state=open]:fade-in-0 data-[state=closed]:zoom-out-95 data-[state=open]:zoom-in-95 data-[state=closed]:slide-out-to-left-1/2 data-[state=closed]:slide-out-to-top-[48%] data-[state=open]:slide-in-from-left-1/2 data-[state=open]:slide-in-from-top-[48%] sm:rounded-lg sm:max-w-[500px]\"\u001b[39m\n      \u001b[33mdata-state\u001b[39m=\u001b[32m\"open\"\u001b[39m\n      \u001b[33mid\u001b[39m=\u001b[32m\"radix-:r6:\"\u001b[39m\n      \u001b[33mrole\u001b[39m=\u001b[32m\"dialog\"\u001b[39m\n      \u001b[33mstyle\u001b[39m=\u001b[32m\"pointer-events: auto;\"\u001b[39m\n      \u001b[33mtabindex\u001b[39m=\u001b[32m\"-1\"\u001b[39m\n    \u001b[36m>\u001b[39m\n      \u001b[36m<div\u001b[39m\n        \u001b[33mclass\u001b[39m=\u001b[32m\"flex flex-col space-y-1.5 text-center sm:text-left\"\u001b[39m\n      \u001b[36m>\u001b[39m\n        \u001b[36m<h2\u001b[39m\n          \u001b[33mclass\u001b[39m=\u001b[32m\"text-lg font-semibold leading-none tracking-tight\"\u001b[39m\n          \u001b[33mid\u001b[39m=\u001b[32m\"radix-:r7:\"\u001b[39m\n        \u001b[36m>\u001b[39m\n          \u001b[0mDelete Warehouse\u001b[0m\n        \u001b[36m</h2>\u001b[39m\n        \u001b[36m<p\u001b[39m\n          \u001b[33mclass\u001b[39m=\u001b[32m\"text-sm text-muted-foreground\"\u001b[39m\n          \u001b[33mid\u001b[39m=\u001b[32m\"radix-:r8:\"\u001b[39m\n        \u001b[36m>\u001b[39m\n          \u001b[0mAre you sure you want to delete this warehouse? This action cannot be undone.\u001b[0m\n        \u001b[36m</p>\u001b[39m\n      \u001b[36m</div>\u001b[39m\n      \u001b[36m<div\u001b[39m\n        \u001b[33mclass\u001b[39m=\u001b[32m\"py-4\"\u001b[39m\n      \u001b[36m>\u001b[39m\n        \u001b[36m<div\u001b[39m\n          \u001b[33mclass\u001b[39m=\u001b[32m\"relative w-full rounded-lg border px-4 py-3 text-sm [&>svg+div]:translate-y-[-3px] [&>svg]:absolute [&>svg]:left-4 [&>svg]:top-4 [&>svg~*]:pl-7 border-destructive/50 text-destructive dark:border-destructive [&>svg]:text-destructive\"\u001b[39m\n          \u001b[33mrole\u001b[39m=\u001b[32m\"alert\"\u001b[39m\n        \u001b[36m>\u001b[39m\n          \u001b[36m<div\u001b[39m\n            \u001b[33mclass\u001b[39m=\u001b[32m\"text-sm [&_p]:leading-relaxed\"\u001b[39m\n          \u001b[36m>\u001b[39m\n            \u001b[0m__vite_ssr_import_2__.warehousesService.deleteWarehouse is not a function\u001b[0m\n          \u001b[36m</div>\u001b[39m\n        \u001b[36m</div>\u001b[39m\n        \u001b[36m<div\u001b[39m\n          \u001b[33mclass\u001b[39m=\u001b[32m\"space-y-2\"\u001b[39m\n        \u001b[36m>\u001b[39m\n          \u001b[36m<p>\u001b[39m\n            \u001b[36m<strong>\u001b[39m\n              \u001b[0mName:\u001b[0m\n            \u001b[36m</strong>\u001b[39m\n            \u001b[0m \u001b[0m\n            \u001b[0mTest Warehouse\u001b[0m\n          \u001b[36m</p>\u001b[39m\n          \u001b[36m<p>\u001b[39m\n            \u001b[36m<strong>\u001b[39m\n              \u001b[0mLocation:\u001b[0m\n            \u001b[36m</strong>\u001b[39m\n            \u001b[0m \u001b[0m\n            \u001b[0mTest Location\u001b[0m\n          \u001b[36m</p>\u001b[39m\n        \u001b[36m</div>\u001b[39m\n      \u001b[36m</div>\u001b[39m\n      \u001b[36m<div\u001b[39m\n        \u001b[33mclass\u001b[39m=\u001b[32m\"flex flex-col-reverse sm:flex-row sm:justify-end sm:space-x-2\"\u001b[39m\n      \u001b[36m>\u001b[39m\n        \u001b[36m<button\u001b[39m\n          \u001b[33mclass\u001b[39m=\u001b[32m\"inline-flex items-center justify-center gap-2 whitespace-nowrap rounded-md text-sm font-medium transition-colors focus-visible:outline-none focus-visible:ring-1 focus-visible:ring-ring disabled:pointer-events-none disabled:opacity-50 border border-input bg-background shadow-sm hover:bg-accent hover:text-accent-foreground h-9 px-4 py-2\"\u001b[39m\n          \u001b[33mtype\u001b[39m=\u001b[32m\"button\"\u001b[39m\n        \u001b[36m>\u001b[39m\n          \u001b[0mCancel\u001b[0m\n        \u001b[36m</button>\u001b[39m\n        \u001b[36m<button\u001b[39m\n          \u001b[33mclass\u001b[39m=\u001b[32m\"inline-flex items-center justify-center gap-2 whitespace-nowrap rounded-md text-sm font-medium transition-colors focus-visible:outline-none focus-visible:ring-1 focus-visible:ring-ring disabled:pointer-events-none disabled:opacity-50 bg-destructive text-destructive-foreground shadow-sm hover:bg-destructive/90 h-9 px-4 py-2\"\u001b[39m\n          \u001b[33mtype\u001b[39m=\u001b[32m\"button\"\u001b[39m\n        \u001b[36m>\u001b[39m\n          \u001b[0mDelete Warehouse\u001b[0m\n        \u001b[36m</button>\u001b[39m\n      \u001b[36m</div>\u001b[39m\n      \u001b[36m<button\u001b[39m\n        \u001b[33mclass\u001b[39m=\u001b[32m\"absolute right-4 top-4 rounded-sm opacity-70 ring-offset-background transition-opacity hover:opacity-100 focus:outline-none focus:ring-2 focus:ring-ring focus:ring-offset-2 disabled:pointer-events-none data-[state=open]:bg-accent data-[state=open]:text-muted-foreground\"\u001b[39m\n        \u001b[33mtype\u001b[39m=\u001b[32m\"button\"\u001b[39m\n      \u001b[36m>\u001b[39m\n        \u001b[36m<svg\u001b[39m\n          \u001b[33maria-hidden\u001b[39m=\u001b[32m\"true\"\u001b[39m\n          \u001b[33mclass\u001b[39m=\u001b[32m\"lucide lucide-x h-4 w-4\"\u001b[39m\n          \u001b[33mfill\u001b[39m=\u001b[32m\"none\"\u001b[39m\n          \u001b[33mheight\u001b[39m=\u001b[32m\"24\"\u001b[39m\n          \u001b[33mstroke\u001b[39m=\u001b[32m\"currentColor\"\u001b[39m\n          \u001b[33mstroke-linecap\u001b[39m=\u001b[32m\"round\"\u001b[39m\n          \u001b[33mstroke-linejoin\u001b[39m=\u001b[32m\"round\"\u001b[39m\n          \u001b[33mstroke-width\u001b[39m=\u001b[32m\"2\"\u001b[39m\n          \u001b[33mviewBox\u001b[39m=\u001b[32m\"0 0 24 24\"\u001b[39m\n          \u001b[33mwidth\u001b[39m=\u001b[32m\"24\"\u001b[39m\n          \u001b[33mxmlns\u001b[39m=\u001b[32m\"http://www.w3.org/2000/svg\"\u001b[39m\n        \u001b[36m>\u001b[39m\n          \u001b[36m<path\u001b[39m\n            \u001b[33md\u001b[39m=\u001b[32m\"M18 6 6 18\"\u001b[39m\n          \u001b[36m/>\u001b[39m\n          \u001b[36m<path\u001b[39m\n            \u001b[33md\u001b[39m=\u001b[32m\"m6 6 12 12\"\u001b[39m\n          \u001b[36m/>\u001b[39m\n        \u001b[36m</svg>\u001b[39m\n        \u001b[36m<span\u001b[39m\n          \u001b[33mclass\u001b[39m=\u001b[32m\"sr-only\"\u001b[39m\n        \u001b[36m>\u001b[39m\n          \u001b[0mClose\u001b[0m\n        \u001b[36m</span>\u001b[39m\n      \u001b[36m</button>\u001b[39m\n    \u001b[36m</div>\u001b[39m\n    \u001b[36m<span\u001b[39m\n      \u001b[33maria-hidden\u001b[39m=\u001b[32m\"true\"\u001b[39m\n      \u001b[33mdata-aria-hidden\u001b[39m=\u001b[32m\"true\"\u001b[39m\n      \u001b[33mdata-radix-focus-guard\u001b[39m=\u001b[32m\"\"\u001b[39m\n      \u001b[33mstyle\u001b[39m=\u001b[32m\"opacity: 0; position: fixed; pointer-events: none; outline-color: none; outline-style: none; outline-width: initial;\"\u001b[39m\n      \u001b[33mtabindex\u001b[39m=\u001b[32m\"0\"\u001b[39m\n    \u001b[36m/>\u001b[39m\n  \u001b[36m</body>\u001b[39m\n\u001b[36m</html>\u001b[39m\n    at Proxy.<anonymous> (file:///C:/Projects/ERP_ASPIRE_APP/erp-frontend-vite/node_modules/@vitest/expect/dist/index.js:1420:10)\n    at Proxy.<anonymous> (file:///C:/Projects/ERP_ASPIRE_APP/erp-frontend-vite/node_modules/@vitest/expect/dist/index.js:1090:14)\n    at Proxy.methodWrapper (file:///C:/Projects/ERP_ASPIRE_APP/erp-frontend-vite/node_modules/chai/index.js:1700:25)\n    at C:/Projects/ERP_ASPIRE_APP/erp-frontend-vite/src/components/inventory/__tests__/delete-warehouse-dialog.test.tsx:65:40\n    at runWithExpensiveErrorDiagnosticsDisabled (C:\\Projects\\ERP_ASPIRE_APP\\erp-frontend-vite\\node_modules\\@testing-library\\dom\\dist\\config.js:47:12)\n    at checkCallback (C:\\Projects\\ERP_ASPIRE_APP\\erp-frontend-vite\\node_modules\\@testing-library\\dom\\dist\\wait-for.js:124:77)\n    at Timeout.checkRealTimersCallback (C:\\Projects\\ERP_ASPIRE_APP\\erp-frontend-vite\\node_modules\\@testing-library\\dom\\dist\\wait-for.js:118:16)\n    at listOnTimeout (node:internal/timers:605:17)\n    at processTimers (node:internal/timers:541:7)"],"meta":{}}],"startTime":1770277114662,"endTime":1770277115829.7336,"status":"failed","message":"","name":"C:/Projects/ERP_ASPIRE_APP/erp-frontend-vite/src/components/inventory/__tests__/delete-warehouse-dialog.test.tsx"},{"assertionResults":[],"startTime":1770277112023,"endTime":1770277112023,"status":"failed","message":"[vitest] There was an error when mocking a module. If you are using \"vi.mock\" factory, make sure there are no top level variables inside, since this call is hoisted to top of the file. Read more: https://vitest.dev/api/vi.html#vi-mock","name":"C:/Projects/ERP_ASPIRE_APP/erp-frontend-vite/src/components/inventory/__tests__/edit-product-dialog.test.tsx"},{"assertionResults":[],"startTime":1770277112023,"endTime":1770277112023,"status":"failed","message":"[vitest] There was an error when mocking a module. If you are using \"vi.mock\" factory, make sure there are no top level variables inside, since this call is hoisted to top of the file. Read more: https://vitest.dev/api/vi.html#vi-mock","name":"C:/Projects/ERP_ASPIRE_APP/erp-frontend-vite/src/components/inventory/__tests__/edit-warehouse-dialog.test.tsx"},{"assertionResults":[{"ancestorTitles":["AuthService","login"],"fullName":"AuthService login should login with credentials","status":"passed","title":"should login with credentials","duration":3.225500000000011,"failureMessages":[],"meta":{}},{"ancestorTitles":["AuthService","register"],"fullName":"AuthService register should register a new user","status":"passed","title":"should register a new user","duration":0.7386999999998807,"failureMessages":[],"meta":{}},{"ancestorTitles":["AuthService","refreshToken"],"fullName":"AuthService refreshToken should refresh access token","status":"passed","title":"should refresh access token","duration":0.6222000000002481,"failureMessages":[],"meta":{}},{"ancestorTitles":["AuthService","logout"],"fullName":"AuthService logout should logout user","status":"passed","title":"should logout user","duration":0.2525999999998021,"failureMessages":[],"meta":{}},{"ancestorTitles":["AuthService","getCurrentUser"],"fullName":"AuthService getCurrentUser should get current user","status":"passed","title":"should get current user","duration":0.343199999999797,"failureMessages":[],"meta":{}},{"ancestorTitles":["AuthService","checkPermission"],"fullName":"AuthService checkPermission should check permission","status":"passed","title":"should check permission","duration":0.4830000000001746,"failureMessages":[],"meta":{}}],"startTime":1770277132654,"endTime":1770277132659.483,"status":"passed","message":"","name":"C:/Projects/ERP_ASPIRE_APP/erp-frontend-vite/src/api/services/__tests__/auth.service.test.ts"},{"assertionResults":[{"ancestorTitles":["CustomersService","getCustomers"],"fullName":"CustomersService getCustomers should fetch all customers","status":"passed","title":"sh
[...]
end-vite/src/lib/validation/__tests__/role.schemas.test.ts"},{"assertionResults":[{"ancestorTitles":["Sales Order Validation Schemas","SalesOrderLineSchema"],"fullName":"Sales Order Validation Schemas SalesOrderLineSchema should validate correct order line data","status":"passed","title":"should validate correct order line data","duration":3.078899999999976,"failureMessages":[],"meta":{}},{"ancestorTitles":["Sales Order Validation Schemas","SalesOrderLineSchema"],"fullName":"Sales Order Validation Schemas SalesOrderLineSchema should reject quantity less than 1","status":"passed","title":"should reject quantity less than 1","duration":0.8020000000001346,"failureMessages":[],"meta":{}},{"ancestorTitles":["Sales Order Validation Schemas","SalesOrderLineSchema"],"fullName":"Sales Order Validation Schemas SalesOrderLineSchema should reject negative unit price","status":"passed","title":"should reject negative unit price","duration":0.45499999999992724,"failureMessages":[],"meta":{}},{"ancestorTitles":["Sales Order Validation Schemas","CreateSalesOrderSchema"],"fullName":"Sales Order Validation Schemas CreateSalesOrderSchema should validate correct sales order data","status":"passed","title":"should validate correct sales order data","duration":0.7986000000000786,"failureMessages":[],"meta":{}},{"ancestorTitles":["Sales Order Validation Schemas","CreateSalesOrderSchema"],"fullName":"Sales Order Validation Schemas CreateSalesOrderSchema should reject empty order lines","status":"passed","title":"should reject empty order lines","duration":0.6548000000002503,"failureMessages":[],"meta":{}},{"ancestorTitles":["Sales Order Validation Schemas","CreateQuoteSchema"],"fullName":"Sales Order Validation Schemas CreateQuoteSchema should validate correct quote data","status":"passed","title":"should validate correct quote data","duration":0.5585000000000946,"failureMessages":[],"meta":{}},{"ancestorTitles":["Sales Order Validation Schemas","CreateQuoteSchema"],"fullName":"Sales Order Validation Schemas CreateQuoteSchema should reject missing validUntil","status":"passed","title":"should reject missing validUntil","duration":0.37740000000030705,"failureMessages":[],"meta":{}},{"ancestorTitles":["Sales Order Validation Schemas","ConfirmQuoteSchema"],"fullName":"Sales Order Validation Schemas ConfirmQuoteSchema should validate correct confirm quote data","status":"passed","title":"should validate correct confirm quote data","duration":0.4772000000002663,"failureMessages":[],"meta":{}}],"startTime":1770277132451,"endTime":1770277132458.4773,"status":"passed","message":"","name":"C:/Projects/ERP_ASPIRE_APP/erp-frontend-vite/src/lib/validation/__tests__/sales-order.schemas.test.ts"},{"assertionResults":[{"ancestorTitles":["Stock Operations Validation Schemas","ReserveStockSchema"],"fullName":"Stock Operations Validation Schemas ReserveStockSchema should validate correct reserve stock data","status":"passed","title":"should validate correct reserve stock data","duration":3.4166999999997643,"failureMessages":[],"meta":{}},{"ancestorTitles":["Stock Operations Validation Schemas","ReserveStockSchema"],"fullName":"Stock Operations Validation Schemas ReserveStockSchema should validate without optional expiresAt","status":"passed","title":"should validate without optional expiresAt","duration":0.5665000000003602,"failureMessages":[],"meta":{}},{"ancestorTitles":["Stock Operations Validation Schemas","ReserveStockSchema"],"fullName":"Stock Operations Validation Schemas ReserveStockSchema should reject missing productId","status":"passed","title":"should reject missing productId","duration":1.0410000000001673,"failureMessages":[],"meta":{}},{"ancestorTitles":["Stock Operations Validation Schemas","ReserveStockSchema"],"fullName":"Stock Operations Validation Schemas ReserveStockSchema should reject quantity less than 1","status":"passed","title":"should reject quantity less than 1","duration":0.5194000000001324,"failureMessages":[],"meta":{}},{"ancestorTitles":["Stock Operations Validation Schemas","StockTransferSchema"],"fullName":"Stock Operations Validation Schemas StockTransferSchema should validate correct transfer data","status":"passed","title":"should validate correct transfer data","duration":0.6905000000001564,"failureMessages":[],"meta":{}},{"ancestorTitles":["Stock Operations Validation Schemas","StockTransferSchema"],"fullName":"Stock Operations Validation Schemas StockTransferSchema should reject same from and to warehouse","status":"passed","title":"should reject same from and to warehouse","duration":0.24290000000019063,"failureMessages":[],"meta":{}},{"ancestorTitles":["Stock Operations Validation Schemas","StockTransferSchema"],"fullName":"Stock Operations Validation Schemas StockTransferSchema should reject empty reason","status":"passed","title":"should reject empty reason","duration":0.5309999999999491,"failureMessages":[],"meta":{}},{"ancestorTitles":["Stock Operations Validation Schemas","StockAdjustmentSchema"],"fullName":"Stock Operations Validation Schemas StockAdjustmentSchema should validate correct adjustment data with Increase","status":"passed","title":"should validate correct adjustment data with Increase","duration":0.5947000000001026,"failureMessages":[],"meta":{}},{"ancestorTitles":["Stock Operations Validation Schemas","StockAdjustmentSchema"],"fullName":"Stock Operations Validation Schemas StockAdjustmentSchema should validate with Decrease type","status":"passed","title":"should validate with Decrease type","duration":0.22860000000036962,"failureMessages":[],"meta":{}},{"ancestorTitles":["Stock Operations Validation Schemas","StockAdjustmentSchema"],"fullName":"Stock Operations Validation Schemas StockAdjustmentSchema should validate with Found type","status":"passed","title":"should validate with Found type","duration":0.26569999999992433,"failureMessages":[],"meta":{}},{"ancestorTitles":["Stock Operations Validation Schemas","StockAdjustmentSchema"],"fullName":"Stock Operations Validation Schemas StockAdjustmentSchema should reject invalid adjustment type","status":"passed","title":"should reject invalid adjustment type","duration":0.3851999999997133,"failureMessages":[],"meta":{}}],"startTime":1770277127692,"endTime":1770277127700.3853,"status":"passed","message":"","name":"C:/Projects/ERP_ASPIRE_APP/erp-frontend-vite/src/lib/validation/__tests__/stock-operations.schemas.test.ts"},{"assertionResults":[{"ancestorTitles":["User Validation Schemas","CreateUserSchema"],"fullName":"User Validation Schemas CreateUserSchema should validate correct user data","status":"passed","title":"should validate correct user data","duration":3.5968000000002576,"failureMessages":[],"meta":{}},{"ancestorTitles":["User Validation Schemas","CreateUserSchema"],"fullName":"User Validation Schemas CreateUserSchema should reject invalid email","status":"passed","title":"should reject invalid email","duration":0.9780000000000655,"failureMessages":[],"meta":{}},{"ancestorTitles":["User Validation Schemas","CreateUserSchema"],"fullName":"User Validation Schemas CreateUserSchema should reject short username","status":"passed","title":"should reject short username","duration":0.4994000000001506,"failureMessages":[],"meta":{}},{"ancestorTitles":["User Validation Schemas","CreateUserSchema"],"fullName":"User Validation Schemas CreateUserSchema should reject weak password","status":"passed","title":"should reject weak password","duration":0.4614000000001397,"failureMessages":[],"meta":{}},{"ancestorTitles":["User Validation Schemas","UpdateUserSchema"],"fullName":"User Validation Schemas UpdateUserSchema should validate correct update data without password","status":"passed","title":"should validate correct update data without password","duration":0.8411000000000968,"failureMessages":[],"meta":{}},{"ancestorTitles":["User Validation Schemas","UpdateUserSchema"],"fullName":"User Validation Schemas UpdateUserSchema should validate with optional password","status":"passed","title":"should validate with optional password","duration":0.27420000000029177,"failureMessages":[],"meta":{}},{"ancestorTitles":["User Validation Schemas","UpdateUserSchema"],"fullName":"User Validation Schemas UpdateUserSchema should reject invalid email","status":"passed","title":"should reject invalid email","duration":0.31999999999970896,"failureMessages":[],"meta":{}}],"startTime":1770277132636,"endTime":1770277132644.32,"status":"passed","message":"","name":"C:/Projects/ERP_ASPIRE_APP/erp-frontend-vite/src/lib/validation/__tests__/user.schemas.test.ts"},{"assertionResults":[{"ancestorTitles":["Warehouse Validation Schemas","CreateWarehouseSchema"],"fullName":"Warehouse Validation Schemas CreateWarehouseSchema should validate correct warehouse data","status":"passed","title":"should validate correct warehouse data","duration":2.2472999999999956,"failureMessages":[],"meta":{}},{"ancestorTitles":["Warehouse Validation Schemas","CreateWarehouseSchema"],"fullName":"Warehouse Validation Schemas CreateWarehouseSchema should validate with minimal required fields","status":"passed","title":"should validate with minimal required fields","duration":0.33560000000011314,"failureMessages":[],"meta":{}},{"ancestorTitles":["Warehouse Validation Schemas","CreateWarehouseSchema"],"fullName":"Warehouse Validation Schemas CreateWarehouseSchema should reject empty name","status":"passed","title":"should reject empty name","duration":0.5978000000000065,"failureMessages":[],"meta":{}},{"ancestorTitles":["Warehouse Validation Schemas","CreateWarehouseSchema"],"fullName":"Warehouse Validation Schemas CreateWarehouseSchema should reject name exceeding max length","status":"passed","title":"should reject name exceeding max length","duration":0.3089999999999691,"failureMessages":[],"meta":{}},{"ancestorTitles":["Warehouse Validation Schemas","UpdateWarehouseSchema"],"fullName":"Warehouse Validation Schemas UpdateWarehouseSchema should validate correct update data","status":"passed","title":"should validate correct update data","duration":0.266399999999976,"failureMessages":[],"meta":{}}],"startTime":1770277133464,"endTime":1770277133467.309,"status":"passed","message":"","name":"C:/Projects/ERP_ASPIRE_APP/erp-frontend-vite/src/lib/validation/__tests__/warehouse.schemas.test.ts"},{"assertionResults":[{"ancestorTitles":["parseZodErrors"],"fullName":"parseZodErrors converts Zod error to field-keyed record","status":"passed","title":"converts Zod error to field-keyed record","duration":3.78469999999993,"failureMessages":[],"meta":{}},{"ancestorTitles":["parseZodErrors"],"fullName":"parseZodErrors returns empty object for valid data","status":"passed","title":"returns empty object for valid data","duration":0.33349999999995816,"failureMessages":[],"meta":{}},{"ancestorTitles":["parseZodErrors"],"fullName":"parseZodErrors skips issues without path","status":"passed","title":"skips issues without path","duration":0.6698999999998705,"failureMessages":[],"meta":{}}],"startTime":1770277133491,"endTime":1770277133496.67,"status":"passed","message":"","name":"C:/Projects/ERP_ASPIRE_APP/erp-frontend-vite/src/lib/validation/__tests__/zod-utils.test.ts"},{"assertionResults":[{"ancestorTitles":["ProductsListPage"],"fullName":"ProductsListPage renders products list title","status":"passed","title":"renders products list title","duration":76.09699999999975,"failureMessages":[],"meta":{}},{"ancestorTitles":["ProductsListPage"],"fullName":"ProductsListPage renders without crashing","status":"passed","title":"renders without crashing","duration":12.936200000000099,"failureMessages":[],"meta":{}}],"startTime":1770277124143,"endTime":1770277124232.9363,"status":"passed","message":"","name":"C:/Projects/ERP_ASPIRE_APP/erp-frontend-vite/src/pages/inventory/__tests__/products-list.test.tsx"},{"assertionResults":[{"ancestorTitles":["WarehousesListPage"],"fullName":"WarehousesListPage renders warehouses list","status":"passed","title":"renders warehouses list","duration":67.38940000000002,"failureMessages":[],"meta":{}},{"ancestorTitles":["WarehousesListPage"],"fullName":"WarehousesListPage renders without crashing","status":"passed","title":"renders without crashing","duration":7.784099999999853,"failureMessages":[],"meta":{}}],"startTime":1770277124464,"endTime":1770277124539.7842,"status":"passed","message":"","name":"C:/Projects/ERP_ASPIRE_APP/erp-frontend-vite/src/pages/inventory/__tests__/warehouses-list.test.tsx"},{"assertionResults":[{"ancestorTitles":["DashboardPage"],"fullName":"DashboardPage renders dashboard title","status":"passed","title":"renders dashboard title","duration":60.659799999999905,"failureMessages":[],"meta":{}},{"ancestorTitles":["DashboardPage"],"fullName":"DashboardPage renders without crashing","status":"passed","title":"renders without crashing","duration":6.203199999999924,"failureMessages":[],"meta":{}}],"startTime":1770277125267,"endTime":1770277125334.2031,"status":"passed","message":"","name":"C:/Projects/ERP_ASPIRE_APP/erp-frontend-vite/src/pages/dashboard/__tests__/dashboard-page.test.tsx"},{"assertionResults":[{"ancestorTitles":["PermissionsListPage"],"fullName":"PermissionsListPage renders permissions list","status":"passed","title":"renders permissions list","duration":166.27880000000005,"failureMessages":[],"meta":{}},{"ancestorTitles":["PermissionsListPage"],"fullName":"PermissionsListPage renders without crashing","status":"passed","title":"renders without crashing","duration":82.25729999999976,"failureMessages":[],"meta":{}}],"startTime":1770277122147,"endTime":1770277122396.2573,"status":"passed","message":"","name":"C:/Projects/ERP_ASPIRE_APP/erp-frontend-vite/src/pages/permissions/__tests__/permissions-list.test.tsx"},{"assertionResults":[{"ancestorTitles":["PurchaseOrdersListPage"],"fullName":"PurchaseOrdersListPage renders purchase orders list","status":"passed","title":"renders purchase orders list","duration":139.9661000000001,"failureMessages":[],"meta":{}},{"ancestorTitles":["PurchaseOrdersListPage"],"fullName":"PurchaseOrdersListPage renders without crashing","status":"passed","title":"renders without crashing","duration":10.351400000000012,"failureMessages":[],"meta":{}}],"startTime":1770277121726,"endTime":1770277121876.3513,"status":"passed","message":"","name":"C:/Projects/ERP_ASPIRE_APP/erp-frontend-vite/src/pages/purchasing/__tests__/purchase-orders-list.test.tsx"},{"assertionResults":[{"ancestorTitles":["SuppliersListPage"],"fullName":"SuppliersListPage renders suppliers list","status":"passed","title":"renders suppliers list","duration":72.55020000000013,"failureMessages":[],"meta":{}},{"ancestorTitles":["SuppliersListPage"],"fullName":"SuppliersListPage renders without crashing","status":"passed","title":"renders without crashing","duration":19.121900000000096,"failureMessages":[],"meta":{}}],"startTime":1770277122632,"endTime":1770277122724.1218,"status":"passed","message":"","name":"C:/Projects/ERP_ASPIRE_APP/erp-frontend-vite/src/pages/purchasing/__tests__/suppliers-list.test.tsx"},{"assertionResults":[{"ancestorTitles":["CustomersListPage"],"fullName":"CustomersListPage renders customers list","status":"passed","title":"renders customers list","duration":76.22699999999986,"failureMessages":[],"meta":{}},{"ancestorTitles":["CustomersListPage"],"fullName":"CustomersListPage renders without crashing","status":"passed","title":"renders without crashing","duration":31.971000000000004,"failureMessages":[],"meta":{}}],"startTime":1770277125550,"endTime":1770277125657.971,"status":"passed","message":"","name":"C:/Projects/ERP_ASPIRE_APP/erp-frontend-vite/src/pages/sales/__tests__/customers-list.test.tsx"},{"assertionResults":[{"ancestorTitles":["SalesOrdersListPage"],"fullName":"SalesOrdersListPage renders sales orders list","status":"passed","title":"renders sales orders list","duration":74.76639999999998,"failureMessages":[],"meta":{}},{"ancestorTitles":["SalesOrdersListPage"],"fullName":"SalesOrdersListPage renders without crashing","status":"passed","title":"renders without crashing","duration":8.14200000000028,"failureMessages":[],"meta":{}}],"startTime":1770277125052,"endTime":1770277125135.142,"status":"passed","message":"","name":"C:/Projects/ERP_ASPIRE_APP/erp-frontend-vite/src/pages/sales/__tests__/sales-orders-list.test.tsx"},{"assertionResults":[{"ancestorTitles":["RolesListPage"],"fullName":"RolesListPage renders roles list","status":"passed","title":"renders roles list","duration":72.01189999999997,"failureMessages":[],"meta":{}},{"ancestorTitles":["RolesListPage"],"fullName":"RolesListPage renders without crashing","status":"passed","title":"renders without crashing","duration":8.67599999999993,"failureMessages":[],"meta":{}}],"startTime":1770277124762,"endTime":1770277124842.676,"status":"passed","message":"","name":"C:/Projects/ERP_ASPIRE_APP/erp-frontend-vite/src/pages/roles/__tests__/roles-list.test.tsx"},{"assertionResults":[{"ancestorTitles":["AdjustStockForm"],"fullName":"AdjustStockForm renders form with all fields","status":"passed","title":"renders form with all fields","duration":57.41870000000017,"failureMessages":[],"meta":{}},{"ancestorTitles":["AdjustStockForm"],"fullName":"AdjustStockForm renders product options","status":"passed","title":"renders product options","duration":12.071600000000217,"failureMessages":[],"meta":{}},{"ancestorTitles":["AdjustStockForm"],"fullName":"AdjustStockForm renders warehouse options","status":"passed","title":"renders warehouse options","duration":28.443499999999858,"failureMessages":[],"meta":{}},{"ancestorTitles":["AdjustStockForm"],"fullName":"AdjustStockForm handles form submission","status":"passed","title":"handles form submission","duration":56.00649999999996,"failureMessages":[],"meta":{}},{"ancestorTitles":["AdjustStockForm"],"fullName":"AdjustStockForm renders with empty arrays","status":"passed","title":"renders with empty arrays","duration":7.721700000000055,"failureMessages":[],"meta":{}}],"startTime":1770277121549,"endTime":1770277121711.7217,"status":"passed","message":"","name":"C:/Projects/ERP_ASPIRE_APP/erp-frontend-vite/src/components/inventory/stock-ops/__tests__/adjust-stock-form.test.tsx"},{"assertionResults":[{"ancestorTitles":["ReleaseReservationForm"],"fullName":"ReleaseReservationForm renders form with all fields","status":"passed","title":"renders form with all fields","duration":38.46529999999984,"failureMessages":[],"meta":{}}],"startTime":1770277126961,"endTime":1770277126999.4653,"status":"passed","message":"","name":"C:/Projects/ERP_ASPIRE_APP/erp-frontend-vite/src/components/inventory/stock-ops/__tests__/release-reservation-form.test.tsx"},{"assertionResults":[{"ancestorTitles":["ReserveStockForm"],"fullName":"ReserveStockForm renders form with all fields","status":"passed","title":"renders form with all fields","duration":52.11269999999968,"failureMessages":[],"meta":{}}],"startTime":1770277126633,"endTime":1770277126685.1128,"status":"passed","message":"","name":"C:/Projects/ERP_ASPIRE_APP/erp-frontend-vite/src/components/inventory/stock-ops/__tests__/reserve-stock-form.test.tsx"},{"assertionResults":[{"ancestorTitles":["TransferStockForm"],"fullName":"TransferStockForm renders form with all fields","status":"passed","title":"renders form with all fields","duration":55.19869999999992,"failureMessages":[],"meta":{}},{"ancestorTitles":["TransferStockForm"],"fullName":"TransferStockForm renders product and warehouse options","status":"passed","title":"renders product and warehouse options","duration":22.67489999999998,"failureMessages":[],"meta":{}},{"ancestorTitles":["TransferStockForm"],"fullName":"TransferStockForm handles form submission","status":"passed","title":"handles form submission","duration":109.17009999999982,"failureMessages":[],"meta":{}}],"startTime":1770277122246,"endTime":1770277122433.1702,"status":"passed","message":"","name":"C:/Projects/ERP_ASPIRE_APP/erp-frontend-vite/src/components/inventory/stock-ops/__tests__/transfer-stock-form.test.tsx"}]}