<?xml version="1.0" encoding="UTF-8" ?>
<testsuites name="vitest tests" tests="882" failures="1" errors="0" time="28.554663667">
    <testsuite name="src/__tests__/App.test.tsx" timestamp="2026-05-02T06:33:40.343Z" hostname="runnervmeorf1" tests="1" failures="0" errors="0" skipped="0" time="0.085495236">
        <testcase classname="src/__tests__/App.test.tsx" name="App &gt; should render without crashing" time="0.082279698">
            <system-out>
[ToastService] registering toast API and flushing queue [33m0[39m

            </system-out>
            <system-err>
⚠️ React Router Future Flag Warning: React Router will begin wrapping state updates in `React.startTransition` in v7. You can use the `v7_startTransition` future flag to opt-in early. For more information, see https://reactrouter.com/v6/upgrading/future#v7_starttransition.
⚠️ React Router Future Flag Warning: Relative route resolution within Splat routes is changing in v7. You can use the `v7_relativeSplatPath` future flag to opt-in early. For more information, see https://reactrouter.com/v6/upgrading/future#v7_relativesplatpath.

            </system-err>
        </testcase>
    </testsuite>
    <testsuite name="src/__tests__/routes.test.tsx" timestamp="2026-05-02T06:33:40.344Z" hostname="runnervmeorf1" tests="1" failures="0" errors="0" skipped="0" time="0.079128012">
        <testcase classname="src/__tests__/routes.test.tsx" name="AppRoutes &gt; should render routes" time="0.076041283">
            <system-err>
⚠️ React Router Future Flag Warning: React Router will begin wrapping state updates in `React.startTransition` in v7. You can use the `v7_startTransition` future flag to opt-in early. For more information, see https://reactrouter.com/v6/upgrading/future#v7_starttransition.
⚠️ React Router Future Flag Warning: Relative route resolution within Splat routes is changing in v7. You can use the `v7_relativeSplatPath` future flag to opt-in early. For more information, see https://reactrouter.com/v6/upgrading/future#v7_relativesplatpath.

            </system-err>
        </testcase>
    </testsuite>
    <testsuite name="src/contexts/__tests__/auth.context.test.tsx" timestamp="2026-05-02T06:33:40.345Z" hostname="runnervmeorf1" tests="15" failures="0" errors="0" skipped="0" time="0.416608935">
        <testcase classname="src/contexts/__tests__/auth.context.test.tsx" name="AuthContext &gt; should provide auth context to children" time="0.065281537">
            <system-err>
⚠️ React Router Future Flag Warning: React Router will begin wrapping state updates in `React.startTransition` in v7. You can use the `v7_startTransition` future flag to opt-in early. For more information, see https://reactrouter.com/v6/upgrading/future#v7_starttransition.
⚠️ React Router Future Flag Warning: Relative route resolution within Splat routes is changing in v7. You can use the `v7_relativeSplatPath` future flag to opt-in early. For more information, see https://reactrouter.com/v6/upgrading/future#v7_relativesplatpath.

            </system-err>
        </testcase>
        <testcase classname="src/contexts/__tests__/auth.context.test.tsx" name="AuthContext &gt; should show unauthenticated initially when no tokens" time="0.008041884">
        </testcase>
        <testcase classname="src/contexts/__tests__/auth.context.test.tsx" name="AuthContext &gt; should login and set user on success" time="0.051295027">
        </testcase>
        <testcase classname="src/contexts/__tests__/auth.context.test.tsx" name="AuthContext &gt; should register and set user on success" time="0.022311159">
        </testcase>
        <testcase classname="src/contexts/__tests__/auth.context.test.tsx" name="AuthContext &gt; should keep user unauthenticated and propagate error when login fails" time="0.028775594">
        </testcase>
        <testcase classname="src/contexts/__tests__/auth.context.test.tsx" name="AuthContext &gt; should return true from checkPermission when allowed" time="0.024583265">
        </testcase>
        <testcase classname="src/contexts/__tests__/auth.context.test.tsx" name="AuthContext &gt; should return false from checkPermission when denied" time="0.022137776">
        </testcase>
        <testcase classname="src/contexts/__tests__/auth.context.test.tsx" name="AuthContext &gt; should refresh token on init when token is expired" time="0.009600864">
        </testcase>
        <testcase classname="src/contexts/__tests__/auth.context.test.tsx" name="AuthContext &gt; should logout and clear user" time="0.021080319">
        </testcase>
        <testcase classname="src/contexts/__tests__/auth.context.test.tsx" name="AuthContext &gt; should throw error when useAuth is used outside provider" time="0.007284633">
        </testcase>
        <testcase classname="src/contexts/__tests__/auth.context.test.tsx" name="AuthContext &gt; should handle hasPermission correctly for admin and regular users" time="0.086024694">
        </testcase>
        <testcase classname="src/contexts/__tests__/auth.context.test.tsx" name="AuthContext &gt; should return false from checkApiPermission and log error on API failure" time="0.029845956">
        </testcase>
        <testcase classname="src/contexts/__tests__/auth.context.test.tsx" name="AuthContext &gt; should handle refreshUserData correctly" time="0.020350594">
        </testcase>
        <testcase classname="src/contexts/__tests__/auth.context.test.tsx" name="AuthContext &gt; should log error when initAuth fails during token refresh" time="0.009082463">
        </testcase>
        <testcase classname="src/contexts/__tests__/auth.context.test.tsx" name="AuthContext &gt; should auto-refresh token before expiry" time="0.007258304">
        </testcase>
    </testsuite>
    <testsuite name="src/contexts/__tests__/theme.context.test.tsx" timestamp="2026-05-02T06:33:40.348Z" hostname="runnervmeorf1" tests="3" failures="0" errors="0" skipped="0" time="0.080400538">
        <testcase classname="src/contexts/__tests__/theme.context.test.tsx" name="ThemeContext &gt; should use default theme (system) if no storage" time="0.05310304">
        </testcase>
        <testcase classname="src/contexts/__tests__/theme.context.test.tsx" name="ThemeContext &gt; should use stored theme if available" time="0.009120219">
        </testcase>
        <testcase classname="src/contexts/__tests__/theme.context.test.tsx" name="ThemeContext &gt; should update theme and storage" time="0.013708839">
        </testcase>
    </testsuite>
    <testsuite name="src/contexts/__tests__/toast.context.test.tsx" timestamp="2026-05-02T06:33:40.349Z" hostname="runnervmeorf1" tests="9" failures="0" errors="0" skipped="0" time="0.415391659">
        <testcase classname="src/contexts/__tests__/toast.context.test.tsx" name="ToastContext &gt; should throw when useToast is used outside provider" time="0.037427844">
        </testcase>
        <testcase classname="src/contexts/__tests__/toast.context.test.tsx" name="ToastContext &gt; should provide toast api when wrapped in provider" time="0.116749037">
        </testcase>
        <testcase classname="src/contexts/__tests__/toast.context.test.tsx" name="ToastContext &gt; should show error toast" time="0.025755676">
        </testcase>
        <testcase classname="src/contexts/__tests__/toast.context.test.tsx" name="ToastContext &gt; should clear toasts" time="0.060136626">
        </testcase>
        <testcase classname="src/contexts/__tests__/toast.context.test.tsx" name="ToastContext &gt; should return id from show" time="0.040895174">
        </testcase>
        <testcase classname="src/contexts/__tests__/toast.context.test.tsx" name="ToastContext &gt; should show info and warning toasts" time="0.072383987">
        </testcase>
        <testcase classname="src/contexts/__tests__/toast.context.test.tsx" name="ToastContext &gt; should intercept API client errors" time="0.025804849">
        </testcase>
        <testcase classname="src/contexts/__tests__/toast.context.test.tsx" name="ToastContext &gt; should handle API errors without status" time="0.022715129">
        </testcase>
        <testcase classname="src/contexts/__tests__/toast.context.test.tsx" name="ToastContext &gt; should cleanup registerToastApi on unmount" time="0.007173323">
        </testcase>
    </testsuite>
    <testsuite name="src/contexts/__tests__/toast.service.test.ts" timestamp="2026-05-02T06:33:40.351Z" hostname="runnervmeorf1" tests="10" failures="0" errors="0" skipped="0" time="0.013918416">
        <testcase classname="src/contexts/__tests__/toast.service.test.ts" name="toast.service &gt; registerToastApi &gt; should store api when registered" time="0.004617034">
            <system-out>
[ToastService] registering toast API and flushing queue [33m0[39m

            </system-out>
        </testcase>
        <testcase classname="src/contexts/__tests__/toast.service.test.ts" name="toast.service &gt; registerToastApi &gt; should clear api when null is passed" time="0.000605996">
            <system-out>
[ToastService] registering toast API and flushing queue [33m0[39m

            </system-out>
        </testcase>
        <testcase classname="src/contexts/__tests__/toast.service.test.ts" name="toast.service &gt; getToastApi &gt; should return null when no api registered" time="0.000212655">
        </testcase>
        <testcase classname="src/contexts/__tests__/toast.service.test.ts" name="toast.service &gt; getToastApi &gt; should return registered api" time="0.000413428">
            <system-out>
[ToastService] registering toast API and flushing queue [33m0[39m

            </system-out>
        </testcase>
        <testcase classname="src/contexts/__tests__/toast.service.test.ts" name="toast.service &gt; showToastError &gt; should call api.error when api is registered" time="0.002351352">
            <system-out>
[ToastService] registering toast API and flushing queue [33m0[39m

            </system-out>
        </testcase>
        <testcase classname="src/contexts/__tests__/toast.service.test.ts" name="toast.service &gt; showToastError &gt; should work without description" time="0.000533381">
            <system-out>
[ToastService] registering toast API and flushing queue [33m0[39m

            </system-out>
        </testcase>
        <testcase classname="src/contexts/__tests__/toast.service.test.ts" name="toast.service &gt; showToastSuccess &gt; should call api.success when api is registered" time="0.000488819">
            <system-out>
[ToastService] registering toast API and flushing queue [33m0[39m

            </system-out>
        </testcase>
        <testcase classname="src/contexts/__tests__/toast.service.test.ts" name="toast.service &gt; showToastWarning &gt; should call api.warning when api is registered" time="0.000515218">
            <system-out>
[ToastService] registering toast API and flushing queue [33m0[39m

            </system-out>
        </testcase>
        <testcase classname="src/contexts/__tests__/toast.service.test.ts" name="toast.service &gt; showToastInfo &gt; should call api.info when api is registered" time="0.000472708">
            <system-out>
[ToastService] registering toast API and flushing queue [33m0[39m

            </system-out>
        </testcase>
        <testcase classname="src/contexts/__tests__/toast.service.test.ts" name="toast.service &gt; queue when api not ready &gt; should flush queue when api is registered later" time="0.000865669">
            <system-out>
[ToastService] registering toast API and flushing queue [33m2[39m

            </system-out>
        </testcase>
    </testsuite>
    <testsuite name="src/hooks/__tests__/use-data-table.test.ts" timestamp="2026-05-02T06:33:40.355Z" hostname="runnervmeorf1" tests="6" failures="0" errors="0" skipped="0" time="0.366055856">
        <testcase classname="src/hooks/__tests__/use-data-table.test.ts" name="useDataTable &gt; should fetch data on mount" time="0.083113398">
        </testcase>
        <testcase classname="src/hooks/__tests__/use-data-table.test.ts" name="useDataTable &gt; should handle search" time="0.058422179">
        </testcase>
        <testcase classname="src/hooks/__tests__/use-data-table.test.ts" name="useDataTable &gt; should handle sort" time="0.055802275">
        </testcase>
        <testcase classname="src/hooks/__tests__/use-data-table.test.ts" name="useDataTable &gt; should handle page change" time="0.057480644">
        </testcase>
        <testcase classname="src/hooks/__tests__/use-data-table.test.ts" name="useDataTable &gt; should handle error" time="0.053962287">
        </testcase>
        <testcase classname="src/hooks/__tests__/use-data-table.test.ts" name="useDataTable &gt; should handle forbidden error" time="0.053269279">
        </testcase>
    </testsuite>
    <testsuite name="src/hooks/__tests__/use-export.test.ts" timestamp="2026-05-02T06:33:40.356Z" hostname="runnervmeorf1" tests="2" failures="0" errors="0" skipped="0" time="0.035713276">
        <testcase classname="src/hooks/__tests__/use-export.test.ts" name="useExport &gt; should handle successful export" time="0.027377679">
        </testcase>
        <testcase classname="src/hooks/__tests__/use-export.test.ts" name="useExport &gt; should handle export failure" time="0.004652349">
        </testcase>
    </testsuite>
    <testsuite name="src/hooks/__tests__/use-list-actions.test.ts" timestamp="2026-05-02T06:33:40.357Z" hostname="runnervmeorf1" tests="4" failures="0" errors="0" skipped="0" time="0.025430704">
        <testcase classname="src/hooks/__tests__/use-list-actions.test.ts" name="useListActions &gt; should initialize with default states" time="0.013458832">
        </testcase>
        <testcase classname="src/hooks/__tests__/use-list-actions.test.ts" name="useListActions &gt; should handle create success" time="0.00289911">
        </testcase>
        <testcase classname="src/hooks/__tests__/use-list-actions.test.ts" name="useListActions &gt; should handle update success" time="0.001725898">
        </testcase>
        <testcase classname="src/hooks/__tests__/use-list-actions.test.ts" name="useListActions &gt; should handle delete success" time="0.004947844">
        </testcase>
    </testsuite>
    <testsuite name="src/hooks/__tests__/use-permissions.test.ts" timestamp="2026-05-02T06:33:40.358Z" hostname="runnervmeorf1" tests="9" failures="0" errors="0" skipped="0" time="0.036046056">
        <testcase classname="src/hooks/__tests__/use-permissions.test.ts" name="Permissions Hooks &gt; usePermission &gt; should return false when no user is logged in" time="0.022448486">
        </testcase>
        <testcase classname="src/hooks/__tests__/use-permissions.test.ts" name="Permissions Hooks &gt; usePermission &gt; should return true for admin users" time="0.001369136">
        </testcase>
        <testcase classname="src/hooks/__tests__/use-permissions.test.ts" name="Permissions Hooks &gt; usePermission &gt; should return true when user has permission" time="0.001139459">
        </testcase>
        <testcase classname="src/hooks/__tests__/use-permissions.test.ts" name="Permissions Hooks &gt; useModulePermissions &gt; should return all false when no user is logged in" time="0.001342416">
        </testcase>
        <testcase classname="src/hooks/__tests__/use-permissions.test.ts" name="Permissions Hooks &gt; useModulePermissions &gt; should return all true for admin users" time="0.001174684">
        </testcase>
        <testcase classname="src/hooks/__tests__/use-permissions.test.ts" name="Permissions Hooks &gt; useModulePermissions &gt; should check specific permissions for non-admin users" time="0.001266685">
        </testcase>
        <testcase classname="src/hooks/__tests__/use-permissions.test.ts" name="Permissions Hooks &gt; usePermissions &gt; should return true if user has all listed permissions" time="0.001384083">
        </testcase>
        <testcase classname="src/hooks/__tests__/use-permissions.test.ts" name="Permissions Hooks &gt; usePermissions &gt; should return false if user is missing any permission" time="0.001156319">
        </testcase>
        <testcase classname="src/hooks/__tests__/use-permissions.test.ts" name="Permissions Hooks &gt; usePermissions &gt; should return true for admin user regardless of specific permissions" time="0.001162771">
        </testcase>
    </testsuite>
    <testsuite name="src/hooks/__tests__/use-stock-operation-form.test.tsx" timestamp="2026-05-02T06:33:40.360Z" hostname="runnervmeorf1" tests="4" failures="0" errors="0" skipped="0" time="0.143286667">
        <testcase classname="src/hooks/__tests__/use-stock-operation-form.test.tsx" name="useStockOperationForm &gt; should return initial state" time="0.037405219">
        </testcase>
        <testcase classname="src/hooks/__tests__/use-stock-operation-form.test.tsx" name="useStockOperationForm &gt; should call onSubmit on submit and show success" time="0.048747724">
        </testcase>
        <testcase classname="src/hooks/__tests__/use-stock-operation-form.test.tsx" name="useStockOperationForm &gt; should show error on submit failure" time="0.021474673">
        </testcase>
        <testcase classname="src/hooks/__tests__/use-stock-operation-form.test.tsx" name="useStockOperationForm &gt; should reset error and success when resetForm called" time="0.032481183">
        </testcase>
    </testsuite>
    <testsuite name="src/lib/__tests__/error-handling.test.ts" timestamp="2026-05-02T06:33:40.361Z" hostname="runnervmeorf1" tests="20" failures="0" errors="0" skipped="0" time="0.011841001">
        <testcase classname="src/lib/__tests__/error-handling.test.ts" name="Error Handling Utilities &gt; handleApiError &gt; should return ApiClientError instance as-is" time="0.002175115">
        </testcase>
        <testcase classname="src/lib/__tests__/error-handling.test.ts" name="Error Handling Utilities &gt; handleApiError &gt; should convert Error instance to ApiClientError" time="0.000559831">
        </testcase>
        <testcase classname="src/lib/__tests__/error-handling.test.ts" name="Error Handling Utilities &gt; handleApiError &gt; should handle unknown error types with default message" time="0.000386169">
        </testcase>
        <testcase classname="src/lib/__tests__/error-handling.test.ts" name="Error Handling Utilities &gt; handleApiError &gt; should handle null error" time="0.000278799">
        </testcase>
        <testcase classname="src/lib/__tests__/error-handling.test.ts" name="Error Handling Utilities &gt; handleApiError &gt; should handle undefined error" time="0.000283547">
        </testcase>
        <testcase classname="src/lib/__tests__/error-handling.test.ts" name="Error Handling Utilities &gt; handleApiError &gt; should handle string error" time="0.000315247">
        </testcase>
        <testcase classname="src/lib/__tests__/error-handling.test.ts" name="Error Handling Utilities &gt; handleApiError &gt; should preserve statusCode and other properties from ApiClientError" time="0.001269621">
        </testcase>
        <testcase classname="src/lib/__tests__/error-handling.test.ts" name="Error Handling Utilities &gt; isForbiddenError &gt; should return true for 403 status code" time="0.000304266">
        </testcase>
        <testcase classname="src/lib/__tests__/error-handling.test.ts" name="Error Handling Utilities &gt; isForbiddenError &gt; should return false for other status codes" time="0.000366812">
        </testcase>
        <testcase classname="src/lib/__tests__/error-handling.test.ts" name="Error Handling Utilities &gt; isForbiddenError &gt; should return false when statusCode is undefined" time="0.000238744">
        </testcase>
        <testcase classname="src/lib/__tests__/error-handling.test.ts" name="Error Handling Utilities &gt; getForbiddenMessage &gt; should generate message for singular resource" time="0.000281323">
        </testcase>
        <testcase classname="src/lib/__tests__/error-handling.test.ts" name="Error Handling Utilities &gt; getForbiddenMessage &gt; should generate message for plural resource" time="0.00020967">
        </testcase>
        <testcase classname="src/lib/__tests__/error-handling.test.ts" name="Error Handling Utilities &gt; getForbiddenMessage &gt; should generate message for resource with spaces" time="0.00019363">
        </testcase>
        <testcase classname="src/lib/__tests__/error-handling.test.ts" name="Error Handling Utilities &gt; getForbiddenMessage &gt; should generate message for empty string resource" time="0.000210962">
        </testcase>
        <testcase classname="src/lib/__tests__/error-handling.test.ts" name="Error Handling Utilities &gt; getErrorMessage &gt; should return error message for non-403 errors" time="0.000295179">
        </testcase>
        <testcase classname="src/lib/__tests__/error-handling.test.ts" name="Error Handling Utilities &gt; getErrorMessage &gt; should return default message when error message is empty for non-403 errors" time="0.000261075">
        </testcase>
        <testcase classname="src/lib/__tests__/error-handling.test.ts" name="Error Handling Utilities &gt; getErrorMessage &gt; should return error message for 403 errors when message exists" time="0.000211844">
        </testcase>
        <testcase classname="src/lib/__tests__/error-handling.test.ts" name="Error Handling Utilities &gt; getErrorMessage &gt; should return default message for 403 errors when error message is empty" time="0.000213597">
        </testcase>
        <testcase classname="src/lib/__tests__/error-handling.test.ts" name="Error Handling Utilities &gt; getErrorMessage &gt; should return default message for 403 errors when error message is undefined" time="0.000259703">
        </testcase>
        <testcase classname="src/lib/__tests__/error-handling.test.ts" name="Error Handling Utilities &gt; getErrorMessage &gt; should handle errors without statusCode" time="0.000218055">
        </testcase>
    </testsuite>
    <testsuite name="src/lib/__tests__/export.utils.test.ts" timestamp="2026-05-02T06:33:40.365Z" hostname="runnervmeorf1" tests="2" failures="0" errors="0" skipped="0" time="0.013260808">
        <testcase classname="src/lib/__tests__/export.utils.test.ts" name="export.utils &gt; downloadBlob &gt; should create a download link and trigger download" time="0.00936835">
        </testcase>
        <testcase classname="src/lib/__tests__/export.utils.test.ts" name="export.utils &gt; downloadBlob &gt; should handle different file types" time="0.00080665">
        </testcase>
    </testsuite>
    <testsuite name="src/lib/__tests__/utils.test.ts" timestamp="2026-05-02T06:33:40.366Z" hostname="runnervmeorf1" tests="16" failures="0" errors="0" skipped="0" time="0.037641555">
        <testcase classname="src/lib/__tests__/utils.test.ts" name="Utility Functions &gt; cn &gt; should merge class names" time="0.015231295">
        </testcase>
        <testcase classname="src/lib/__tests__/utils.test.ts" name="Utility Functions &gt; cn &gt; should handle conditional classes" time="0.000276383">
        </testcase>
        <testcase classname="src/lib/__tests__/utils.test.ts" name="Utility Functions &gt; cn &gt; should handle undefined and null" time="0.000226541">
        </testcase>
        <testcase classname="src/lib/__tests__/utils.test.ts" name="Utility Functions &gt; cn &gt; should handle empty strings" time="0.000176168">
        </testcase>
        <testcase classname="src/lib/__tests__/utils.test.ts" name="Utility Functions &gt; formatDate &gt; should format ISO date string" time="0.016137239">
        </testcase>
        <testcase classname="src/lib/__tests__/utils.test.ts" name="Utility Functions &gt; formatDate &gt; should return empty string for undefined" time="0.000179664">
        </testcase>
        <testcase classname="src/lib/__tests__/utils.test.ts" name="Utility Functions &gt; formatDate &gt; should handle Date object" time="0.000287514">
        </testcase>
        <testcase classname="src/lib/__tests__/utils.test.ts" name="Utility Functions &gt; formatDateTime &gt; should format ISO date string with time" time="0.000379215">
        </testcase>
        <testcase classname="src/lib/__tests__/utils.test.ts" name="Utility Functions &gt; formatDateTime &gt; should handle different date formats" time="0.000264942">
        </testcase>
        <testcase classname="src/lib/__tests__/utils.test.ts" name="Utility Functions &gt; formatDateTime &gt; should return empty string for undefined" time="0.000149157">
        </testcase>
        <testcase classname="src/lib/__tests__/utils.test.ts" name="Utility Functions &gt; formatDateTime &gt; should handle Date object" time="0.000257409">
        </testcase>
        <testcase classname="src/lib/__tests__/utils.test.ts" name="Utility Functions &gt; formatCurrency &gt; should return empty string for zero" time="0.000186116">
        </testcase>
        <testcase classname="src/lib/__tests__/utils.test.ts" name="Utility Functions &gt; formatCurrency &gt; should format whole numbers without decimals" time="0.000190393">
        </testcase>
        <testcase classname="src/lib/__tests__/utils.test.ts" name="Utility Functions &gt; formatCurrency &gt; should format amounts with one decimal place when trailing zero" time="0.000218897">
        </testcase>
        <testcase classname="src/lib/__tests__/utils.test.ts" name="Utility Functions &gt; formatCurrency &gt; should format amounts with two decimal places" time="0.000176298">
        </testcase>
        <testcase classname="src/lib/__tests__/utils.test.ts" name="Utility Functions &gt; formatCurrency &gt; should handle decimal.endsWith(&apos;0&apos;) branch" time="0.000155309">
        </testcase>
    </testsuite>
    <testsuite name="src/test/integration/api-services.test.ts" timestamp="2026-05-02T06:33:40.369Z" hostname="runnervmeorf1" tests="4" failures="0" errors="0" skipped="0" time="0.010184898">
        <testcase classname="src/test/integration/api-services.test.ts" name="API Services Integration &gt; UsersService &gt; should fetch users with pagination" time="0.005437722">
        </testcase>
        <testcase classname="src/test/integration/api-services.test.ts" name="API Services Integration &gt; UsersService &gt; should create a new user" time="0.000675185">
        </testcase>
        <testcase classname="src/test/integration/api-services.test.ts" name="API Services Integration &gt; RolesService &gt; should fetch roles" time="0.000427635">
        </testcase>
        <testcase classname="src/test/integration/api-services.test.ts" name="API Services Integration &gt; PermissionsService &gt; should fetch permissions" time="0.000527661">
        </testcase>
    </testsuite>
    <testsuite name="src/test/integration/backend-sync-validation.test.ts" timestamp="2026-05-02T06:33:40.370Z" hostname="runnervmeorf1" tests="22" failures="0" errors="0" skipped="0" time="0.200054201">
        <testcase classname="src/test/integration/backend-sync-validation.test.ts" name="Backend Synchronization Validation &gt; Type Definitions &gt; should have correct User interface with all backend fields" time="0.002158242">
        </testcase>
        <testcase classname="src/test/integration/backend-sync-validation.test.ts" name="Backend Synchronization Validation &gt; Type Definitions &gt; should have correct PaginatedResponse interface matching backend" time="0.000470317">
        </testcase>
        <testcase classname="src/test/integration/backend-sync-validation.test.ts" name="Backend Synchronization Validation &gt; Type Definitions &gt; should have QuerySpec interface for search/filter/sort" time="0.000289259">
        </testcase>
        <testcase classname="src/test/integration/backend-sync-validation.test.ts" name="Backend Synchronization Validation &gt; Type Definitions &gt; should have Inventory DTOs defined" time="0.000246128">
        </testcase>
        <testcase classname="src/test/integration/backend-sync-validation.test.ts" name="Backend Synchronization Validation &gt; Type Definitions &gt; should have Orders DTOs defined" time="0.000237563">
        </testcase>
        <testcase classname="src/test/integration/backend-sync-validation.test.ts" name="Backend Synchronization Validation &gt; Validation Schemas &gt; should validate LoginDto with correct rules" time="0.003620346">
        </testcase>
        <testcase classname="src/test/integration/backend-sync-validation.test.ts" name="Backend Synchronization Validation &gt; Validation Schemas &gt; should validate RegisterDto with password confirmation" time="0.002290347">
        </testcase>
        <testcase classname="src/test/integration/backend-sync-validation.test.ts" name="Backend Synchronization Validation &gt; Validation Schemas &gt; should validate CreateUserDto with minimum length requirements" time="0.001501488">
        </testcase>
        <testcase classname="src/test/integration/backend-sync-validation.test.ts" name="Backend Synchronization Validation &gt; Validation Schemas &gt; should validate UpdateUserDto with all optional fields" time="0.001751193">
        </testcase>
        <testcase classname="src/test/integration/backend-sync-validation.test.ts" name="Backend Synchronization Validation &gt; Validation Schemas &gt; should validate CreateRoleDto" time="0.001205085">
        </testcase>
        <testcase classname="src/test/integration/backend-sync-validation.test.ts" name="Backend Synchronization Validation &gt; Validation Schemas &gt; should validate CreatePermissionDto" time="0.001154561">
        </testcase>
        <testcase classname="src/test/integration/backend-sync-validation.test.ts" name="Backend Synchronization Validation &gt; Service Endpoint Mapping &gt; should have all auth service methods" time="0.114000578">
            <system-out>
[API Client] Base URL configured: http://localhost:5000
[API Client] VITE_API_BASE_URL from env: (not set, using default)

[API Client] Using Axios

            </system-out>
        </testcase>
        <testcase classname="src/test/integration/backend-sync-validation.test.ts" name="Backend Synchronization Validation &gt; Service Endpoint Mapping &gt; should have all users service methods" time="0.007186776">
        </testcase>
        <testcase classname="src/test/integration/backend-sync-validation.test.ts" name="Backend Synchronization Validation &gt; Service Endpoint Mapping &gt; should have all roles service methods" time="0.011722402">
        </testcase>
        <testcase classname="src/test/integration/backend-sync-validation.test.ts" name="Backend Synchronization Validation &gt; Service Endpoint Mapping &gt; should have all permissions service methods" time="0.005926082">
        </testcase>
        <testcase classname="src/test/integration/backend-sync-validation.test.ts" name="Backend Synchronization Validation &gt; Service Endpoint Mapping &gt; should have products service methods" time="0.00862999">
        </testcase>
        <testcase classname="src/test/integration/backend-sync-validation.test.ts" name="Backend Synchronization Validation &gt; Service Endpoint Mapping &gt; should have warehouses service methods" time="0.007364021">
        </testcase>
        <testcase classname="src/test/integration/backend-sync-validation.test.ts" name="Backend Synchronization Validation &gt; Service Endpoint Mapping &gt; should have orders service methods" time="0.005831475">
        </testcase>
        <testcase classname="src/test/integration/backend-sync-validation.test.ts" name="Backend Synchronization Validation &gt; Service Endpoint Mapping &gt; should have sales orders service methods" time="0.005879235">
        </testcase>
        <testcase classname="src/test/integration/backend-sync-validation.test.ts" name="Backend Synchronization Validation &gt; Service Endpoint Mapping &gt; should have purchase orders service methods" time="0.008832988">
        </testcase>
        <testcase classname="src/test/integration/backend-sync-validation.test.ts" name="Backend Synchronization Validation &gt; Service Endpoint Mapping &gt; should have suppliers service methods" time="0.005088952">
        </testcase>
        <testcase classname="src/test/integration/backend-sync-validation.test.ts" name="Backend Synchronization Validation &gt; DateTime Handling &gt; should use ISO-8601 string format for DateTime fields" time="0.001041879">
        </testcase>
    </testsuite>
    <testsuite name="src/api/clients/__tests__/axios-client.test.ts" timestamp="2026-05-02T06:33:40.374Z" hostname="runnervmeorf1" tests="19" failures="0" errors="0" skipped="0" time="0.036692668">
        <testcase classname="src/api/clients/__tests__/axios-client.test.ts" name="AxiosApiClient &gt; HTTP Methods &gt; should make GET request" time="0.005426642">
        </testcase>
        <testcase classname="src/api/clients/__tests__/axios-client.test.ts" name="AxiosApiClient &gt; HTTP Methods &gt; should make GET request with config" time="0.00131493">
        </testcase>
        <testcase classname="src/api/clients/__tests__/axios-client.test.ts" name="AxiosApiClient &gt; HTTP Methods &gt; should make POST request" time="0.000747973">
        </testcase>
        <testcase classname="src/api/clients/__tests__/axios-client.test.ts" name="AxiosApiClient &gt; HTTP Methods &gt; should make PUT request" time="0.000563099">
        </testcase>
        <testcase classname="src/api/clients/__tests__/axios-client.test.ts" name="AxiosApiClient &gt; HTTP Methods &gt; should make PATCH request" time="0.000583969">
        </testcase>
        <testcase classname="src/api/clients/__tests__/axios-client.test.ts" name="AxiosApiClient &gt; HTTP Methods &gt; should make DELETE request" time="0.000553542">
        </testcase>
        <testcase classname="src/api/clients/__tests__/axios-client.test.ts" name="AxiosApiClient &gt; Authentication &gt; should set auth token" time="0.000503839">
        </testcase>
        <testcase classname="src/api/clients/__tests__/axios-client.test.ts" name="AxiosApiClient &gt; Authentication &gt; should clear auth token" time="0.000400086">
        </testcase>
        <testcase classname="src/api/clients/__tests__/axios-client.test.ts" name="AxiosApiClient &gt; Authentication &gt; should add Authorization header when token is set" time="0.002862664">
        </testcase>
        <testcase classname="src/api/clients/__tests__/axios-client.test.ts" name="AxiosApiClient &gt; Error Handling &gt; should handle network errors (no response)" time="0.00119672">
        </testcase>
        <testcase classname="src/api/clients/__tests__/axios-client.test.ts" name="AxiosApiClient &gt; Error Handling &gt; should handle request setup errors" time="0.000528835">
        </testcase>
        <testcase classname="src/api/clients/__tests__/axios-client.test.ts" name="AxiosApiClient &gt; Error Handling &gt; should handle 4xx/5xx with response and ProblemDetails" time="0.002351552">
        </testcase>
        <testcase classname="src/api/clients/__tests__/axios-client.test.ts" name="AxiosApiClient &gt; Error Handling &gt; should handle 403 without showing toast (component handles)" time="0.004187162">
        </testcase>
        <testcase classname="src/api/clients/__tests__/axios-client.test.ts" name="AxiosApiClient &gt; Error Handling &gt; should handle 500 with simple message" time="0.000583327">
        </testcase>
        <testcase classname="src/api/clients/__tests__/axios-client.test.ts" name="AxiosApiClient &gt; Error Handling &gt; should use error.message when response has no message" time="0.000495213">
        </testcase>
        <testcase classname="src/api/clients/__tests__/axios-client.test.ts" name="AxiosApiClient &gt; Interceptors &gt; should call onRequest when provided" time="0.003265695">
        </testcase>
        <testcase classname="src/api/clients/__tests__/axios-client.test.ts" name="AxiosApiClient &gt; Interceptors &gt; should call onResponse when provided" time="0.000737965">
        </testcase>
        <testcase classname="src/api/clients/__tests__/axios-client.test.ts" name="AxiosApiClient &gt; Interceptors &gt; should call onError when provided and request fails" time="0.000578989">
        </testcase>
        <testcase classname="src/api/clients/__tests__/axios-client.test.ts" name="AxiosApiClient &gt; Constructor &gt; should pass timeout and headers from config" time="0.006057847">
        </testcase>
    </testsuite>
    <testsuite name="src/api/clients/__tests__/dapr-client.test.ts" timestamp="2026-05-02T06:33:40.378Z" hostname="runnervmeorf1" tests="5" failures="0" errors="0" skipped="0" time="0.025836739">
        <testcase classname="src/api/clients/__tests__/dapr-client.test.ts" name="DaprHttpClient &gt; HTTP Methods &gt; should make GET request through Dapr" time="0.016184415">
        </testcase>
        <testcase classname="src/api/clients/__tests__/dapr-client.test.ts" name="DaprHttpClient &gt; HTTP Methods &gt; should make POST request through Dapr" time="0.001423061">
        </testcase>
        <testcase classname="src/api/clients/__tests__/dapr-client.test.ts" name="DaprHttpClient &gt; Authentication &gt; should include auth token in headers" time="0.001292163">
        </testcase>
        <testcase classname="src/api/clients/__tests__/dapr-client.test.ts" name="DaprHttpClient &gt; Error Handling &gt; should handle HTTP errors" time="0.002844809">
        </testcase>
        <testcase classname="src/api/clients/__tests__/dapr-client.test.ts" name="DaprHttpClient &gt; Error Handling &gt; should handle network errors" time="0.000825115">
        </testcase>
    </testsuite>
    <testsuite name="src/api/constants/__tests__/endpoints.test.ts" timestamp="2026-05-02T06:33:40.379Z" hostname="runnervmeorf1" tests="23" failures="0" errors="0" skipped="0" time="0.010652796">
        <testcase classname="src/api/constants/__tests__/endpoints.test.ts" name="API Endpoints Constants &gt; AUTH_ENDPOINTS &gt; should have correct login endpoint" time="0.00197934">
        </testcase>
        <testcase classname="src/api/constants/__tests__/endpoints.test.ts" name="API Endpoints Constants &gt; AUTH_ENDPOINTS &gt; should have correct register endpoint" time="0.000260675">
        </testcase>
        <testcase classname="src/api/constants/__tests__/endpoints.test.ts" name="API Endpoints Constants &gt; AUTH_ENDPOINTS &gt; should have correct refresh endpoint" time="0.000191496">
        </testcase>
        <testcase classname="src/api/constants/__tests__/endpoints.test.ts" name="API Endpoints Constants &gt; AUTH_ENDPOINTS &gt; should have correct logout endpoint" time="0.000221893">
        </testcase>
        <testcase classname="src/api/constants/__tests__/endpoints.test.ts" name="API Endpoints Constants &gt; USERS_ENDPOINTS &gt; should have correct ME endpoint" time="0.000227012">
        </testcase>
        <testcase classname="src/api/constants/__tests__/endpoints.test.ts" name="API Endpoints Constants &gt; USERS_ENDPOINTS &gt; should generate correct BY_ID endpoint" time="0.000251738">
        </testcase>
        <testcase classname="src/api/constants/__tests__/endpoints.test.ts" name="API Endpoints Constants &gt; USERS_ENDPOINTS &gt; should have correct CREATE endpoint" time="0.000189181">
        </testcase>
        <testcase classname="src/api/constants/__tests__/endpoints.test.ts" name="API Endpoints Constants &gt; USERS_ENDPOINTS &gt; should have correct SEARCH endpoint" time="0.000183531">
        </testcase>
        <testcase classname="src/api/constants/__tests__/endpoints.test.ts" name="API Endpoints Constants &gt; PRODUCTS_ENDPOINTS &gt; should have correct base endpoint" time="0.00020446">
        </testcase>
        <testcase classname="src/api/constants/__tests__/endpoints.test.ts" name="API Endpoints Constants &gt; PRODUCTS_ENDPOINTS &gt; should generate correct BY_ID endpoint" time="0.000203709">
        </testcase>
        <testcase classname="src/api/constants/__tests__/endpoints.test.ts" name="API Endpoints Constants &gt; PRODUCTS_ENDPOINTS &gt; should have correct SEARCH endpoint" time="0.000221603">
        </testcase>
        <testcase classname="src/api/constants/__tests__/endpoints.test.ts" name="API Endpoints Constants &gt; WAREHOUSES_ENDPOINTS &gt; should have correct base endpoint" time="0.000202417">
        </testcase>
        <testcase classname="src/api/constants/__tests__/endpoints.test.ts" name="API Endpoints Constants &gt; WAREHOUSES_ENDPOINTS &gt; should generate correct BY_ID endpoint" time="0.000205302">
        </testcase>
        <testcase classname="src/api/constants/__tests__/endpoints.test.ts" name="API Endpoints Constants &gt; CUSTOMERS_ENDPOINTS &gt; should have correct base endpoint" time="0.000206073">
        </testcase>
        <testcase classname="src/api/constants/__tests__/endpoints.test.ts" name="API Endpoints Constants &gt; CUSTOMERS_ENDPOINTS &gt; should generate correct BY_ID endpoint" time="0.000234576">
        </testcase>
        <testcase classname="src/api/constants/__tests__/endpoints.test.ts" name="API Endpoints Constants &gt; SALES_ORDERS_ENDPOINTS &gt; should have correct base endpoint" time="0.00020435">
        </testcase>
        <testcase classname="src/api/constants/__tests__/endpoints.test.ts" name="API Endpoints Constants &gt; SALES_ORDERS_ENDPOINTS &gt; should have correct QUOTES endpoint" time="0.000188821">
        </testcase>
        <testcase classname="src/api/constants/__tests__/endpoints.test.ts" name="API Endpoints Constants &gt; PURCHASE_ORDERS_ENDPOINTS &gt; should have correct base endpoint" time="0.000201594">
        </testcase>
        <testcase classname="src/api/constants/__tests__/endpoints.test.ts" name="API Endpoints Constants &gt; PURCHASE_ORDERS_ENDPOINTS &gt; should generate correct BY_ID endpoint" time="0.000316308">
        </testcase>
        <testcase classname="src/api/constants/__tests__/endpoints.test.ts" name="API Endpoints Constants &gt; CRM endpoints &gt; should have correct CRM service base" time="0.000209018">
        </testcase>
        <testcase classname="src/api/constants/__tests__/endpoints.test.ts" name="API Endpoints Constants &gt; CRM endpoints &gt; should have correct leads base endpoint" time="0.000197177">
        </testcase>
        <testcase classname="src/api/constants/__tests__/endpoints.test.ts" name="API Endpoints Constants &gt; CRM endpoints &gt; should generate correct leads QUALIFY endpoint" time="0.000209169">
        </testcase>
        <testcase classname="src/api/constants/__tests__/endpoints.test.ts" name="API Endpoints Constants &gt; CRM endpoints &gt; should have correct opportunities forecast endpoint" time="0.000227473">
        </testcase>
    </testsuite>
    <testsuite name="src/api/services/__tests__/auth.service.test.ts" timestamp="2026-05-02T06:33:40.383Z" hostname="runnervmeorf1" tests="6" failures="0" errors="0" skipped="0" time="0.023415078">
        <testcase classname="src/api/services/__tests__/auth.service.test.ts" name="AuthService &gt; login &gt; should login with credentials" time="0.011504079">
        </testcase>
        <testcase classname="src/api/services/__tests__/auth.service.test.ts" name="AuthService &gt; register &gt; should register a new user" time="0.000586651">
        </testcase>
        <testcase classname="src/api/services/__tests__/auth.service.test.ts" name="AuthService &gt; refreshToken &gt; should refresh access token" time="0.004996733">
        </testcase>
        <testcase classname="src/api/services/__tests__/auth.service.test.ts" name="AuthService &gt; logout &gt; should logout user" time="0.000353437">
        </testcase>
        <testcase classname="src/api/services/__tests__/auth.service.test.ts" name="AuthService &gt; getCurrentUser &gt; should get current user" time="0.000410794">
        </testcase>
        <testcase classname="src/api/services/__tests__/auth.service.test.ts" name="AuthService &gt; checkPermission &gt; should check permission" time="0.000497565">
        </testcase>
    </testsuite>
    <testsuite name="src/api/services/__tests__/crm-accounts.service.test.ts" timestamp="2026-05-02T06:33:40.385Z" hostname="runnervmeorf1" tests="2" failures="0" errors="0" skipped="0" time="0.007937958">
        <testcase classname="src/api/services/__tests__/crm-accounts.service.test.ts" name="CrmAccountsService &gt; searchAccounts should call GET accounts with query params" time="0.004537537">
        </testcase>
        <testcase classname="src/api/services/__tests__/crm-accounts.service.test.ts" name="CrmAccountsService &gt; updateAccountOwner should PUT to the owner endpoint" time="0.000601948">
        </testcase>
    </testsuite>
    <testsuite name="src/api/services/__tests__/crm-activities.service.test.ts" timestamp="2026-05-02T06:33:40.385Z" hostname="runnervmeorf1" tests="3" failures="0" errors="0" skipped="0" time="0.01052963">
        <testcase classname="src/api/services/__tests__/crm-activities.service.test.ts" name="CrmActivitiesService &gt; searchActivities should call GET activities with query params" time="0.006526236">
        </testcase>
        <testcase classname="src/api/services/__tests__/crm-activities.service.test.ts" name="CrmActivitiesService &gt; createActivity should POST to the activities base endpoint" time="0.000631024">
        </testcase>
        <testcase classname="src/api/services/__tests__/crm-activities.service.test.ts" name="CrmActivitiesService &gt; completeActivity should POST to the complete endpoint" time="0.000464874">
        </testcase>
    </testsuite>
    <testsuite name="src/api/services/__tests__/crm-contacts.service.test.ts" timestamp="2026-05-02T06:33:40.386Z" hostname="runnervmeorf1" tests="3" failures="0" errors="0" skipped="0" time="0.00847179">
        <testcase classname="src/api/services/__tests__/crm-contacts.service.test.ts" name="CrmContactsService &gt; getContactsByAccount should GET the account-scoped contacts endpoint" time="0.004197554">
        </testcase>
        <testcase classname="src/api/services/__tests__/crm-contacts.service.test.ts" name="CrmContactsService &gt; createContact should POST to the contacts base endpoint" time="0.001095717">
        </testcase>
        <testcase classname="src/api/services/__tests__/crm-contacts.service.test.ts" name="CrmContactsService &gt; deactivateContact should DELETE the contact by id endpoint" time="0.000361352">
        </testcase>
    </testsuite>
    <testsuite name="src/api/services/__tests__/crm-opportunities.service.test.ts" timestamp="2026-05-02T06:33:40.386Z" hostname="runnervmeorf1" tests="7" failures="0" errors="0" skipped="0" time="0.01270684">
        <testcase classname="src/api/services/__tests__/crm-opportunities.service.test.ts" name="CrmOpportunitiesService &gt; searchOpportunities should call GET opportunities with query params" time="0.005172166">
        </testcase>
        <testcase classname="src/api/services/__tests__/crm-opportunities.service.test.ts" name="CrmOpportunitiesService &gt; updateOpportunityForecast should PUT to the forecast endpoint" time="0.000717834">
        </testcase>
        <testcase classname="src/api/services/__tests__/crm-opportunities.service.test.ts" name="CrmOpportunitiesService &gt; moveOpportunityStage should POST to the move-stage endpoint" time="0.000444345">
        </testcase>
        <testcase classname="src/api/services/__tests__/crm-opportunities.service.test.ts" name="CrmOpportunitiesService &gt; markOpportunityLost should POST to the mark-lost endpoint" time="0.001353635">
        </testcase>
        <testcase classname="src/api/services/__tests__/crm-opportunities.service.test.ts" name="CrmOpportunitiesService &gt; addOpportunityLine should POST to the lines endpoint" time="0.000521218">
        </testcase>
        <testcase classname="src/api/services/__tests__/crm-opportunities.service.test.ts" name="CrmOpportunitiesService &gt; markOpportunityWon should POST with request payload" time="0.000425841">
        </testcase>
        <testcase classname="src/api/services/__tests__/crm-opportunities.service.test.ts" name="CrmOpportunitiesService &gt; createOpportunity should POST to the opportunities base endpoint" time="0.000444015">
        </testcase>
    </testsuite>
    <testsuite name="src/api/services/__tests__/customers.service.test.ts" timestamp="2026-05-02T06:33:40.387Z" hostname="runnervmeorf1" tests="8" failures="0" errors="0" skipped="0" time="0.013855221">
        <testcase classname="src/api/services/__tests__/customers.service.test.ts" name="CustomersService &gt; getCustomers &gt; should fetch all customers" time="0.005549835">
        </testcase>
        <testcase classname="src/api/services/__tests__/customers.service.test.ts" name="CustomersService &gt; searchCustomers &gt; should search customers with query spec" time="0.001390172">
        </testcase>
        <testcase classname="src/api/services/__tests__/customers.service.test.ts" name="CustomersService &gt; createCustomer &gt; should create a new customer" time="0.000596468">
        </testcase>
        <testcase classname="src/api/services/__tests__/customers.service.test.ts" name="CustomersService &gt; getCustomerById &gt; should fetch customer by ID" time="0.000495931">
        </testcase>
        <testcase classname="src/api/services/__tests__/customers.service.test.ts" name="CustomersService &gt; updateCustomer &gt; should update an existing customer" time="0.000593913">
        </testcase>
        <testcase classname="src/api/services/__tests__/customers.service.test.ts" name="CustomersService &gt; deleteCustomer &gt; should delete a customer" time="0.000337006">
        </testcase>
        <testcase classname="src/api/services/__tests__/customers.service.test.ts" name="CustomersService &gt; exportToXlsx &gt; should export customers to xlsx" time="0.000934676">
        </testcase>
        <testcase classname="src/api/services/__tests__/customers.service.test.ts" name="CustomersService &gt; exportToPdf &gt; should export customers to pdf" time="0.000405272">
        </testcase>
    </testsuite>
    <testsuite name="src/api/services/__tests__/inventory-transactions.service.test.ts" timestamp="2026-05-02T06:33:40.389Z" hostname="runnervmeorf1" tests="11" failures="0" errors="0" skipped="0" time="0.011898799">
        <testcase classname="src/api/services/__tests__/inventory-transactions.service.test.ts" name="InventoryTransactionsService &gt; getTransactions &gt; should fetch all transactions" time="0.003221632">
        </testcase>
        <testcase classname="src/api/services/__tests__/inventory-transactions.service.test.ts" name="InventoryTransactionsService &gt; getTransactionsPaginated &gt; should fetch paginated transactions" time="0.001407308">
        </testcase>
        <testcase classname="src/api/services/__tests__/inventory-transactions.service.test.ts" name="InventoryTransactionsService &gt; getTransactionsPaginated &gt; should use default pagination parameters" time="0.000410494">
        </testcase>
        <testcase classname="src/api/services/__tests__/inventory-transactions.service.test.ts" name="InventoryTransactionsService &gt; searchTransactions &gt; should search transactions with query spec" time="0.000705162">
        </testcase>
        <testcase classname="src/api/services/__tests__/inventory-transactions.service.test.ts" name="InventoryTransactionsService &gt; getTransactionById &gt; should fetch transaction by ID" time="0.000429038">
        </testcase>
        <testcase classname="src/api/services/__tests__/inventory-transactions.service.test.ts" name="InventoryTransactionsService &gt; getTransactionsByProduct &gt; should fetch transactions by product ID" time="0.000391237">
        </testcase>
        <testcase classname="src/api/services/__tests__/inventory-transactions.service.test.ts" name="InventoryTransactionsService &gt; getTransactionsByWarehouse &gt; should fetch transactions by warehouse ID" time="0.000375568">
        </testcase>
        <testcase classname="src/api/services/__tests__/inventory-transactions.service.test.ts" name="InventoryTransactionsService &gt; getTransactionsByType &gt; should fetch transactions by type" time="0.000451459">
        </testcase>
        <testcase classname="src/api/services/__tests__/inventory-transactions.service.test.ts" name="InventoryTransactionsService &gt; createTransaction &gt; should create a new transaction" time="0.000448784">
        </testcase>
        <testcase classname="src/api/services/__tests__/inventory-transactions.service.test.ts" name="InventoryTransactionsService &gt; updateTransaction &gt; should update an existing transaction" time="0.000492366">
        </testcase>
        <testcase classname="src/api/services/__tests__/inventory-transactions.service.test.ts" name="InventoryTransactionsService &gt; deleteTransaction &gt; should delete a transaction" time="0.00067743">
        </testcase>
    </testsuite>
    <testsuite name="src/api/services/__tests__/invoices.service.test.ts" timestamp="2026-05-02T06:33:40.391Z" hostname="runnervmeorf1" tests="15" failures="0" errors="0" skipped="0" time="0.017713328">
        <testcase classname="src/api/services/__tests__/invoices.service.test.ts" name="InvoicesService &gt; fetches invoices" time="0.003434147">
        </testcase>
        <testcase classname="src/api/services/__tests__/invoices.service.test.ts" name="InvoicesService &gt; searches invoices with query spec" time="0.001012441">
        </testcase>
        <testcase classname="src/api/services/__tests__/invoices.service.test.ts" name="InvoicesService &gt; fetches invoice by id" time="0.0004353">
        </testcase>
        <testcase classname="src/api/services/__tests__/invoices.service.test.ts" name="InvoicesService &gt; fetches invoices by customer" time="0.000379316">
        </testcase>
        <testcase classname="src/api/services/__tests__/invoices.service.test.ts" name="InvoicesService &gt; fetches invoices by order" time="0.000353307">
        </testcase>
        <testcase classname="src/api/services/__tests__/invoices.service.test.ts" name="InvoicesService &gt; creates invoice" time="0.000390506">
        </testcase>
        <testcase classname="src/api/services/__tests__/invoices.service.test.ts" name="InvoicesService &gt; issues invoice" time="0.001997081">
        </testcase>
        <testcase classname="src/api/services/__tests__/invoices.service.test.ts" name="InvoicesService &gt; records invoice payment" time="0.000562747">
        </testcase>
        <testcase classname="src/api/services/__tests__/invoices.service.test.ts" name="InvoicesService &gt; cancels invoice" time="0.000466809">
        </testcase>
        <testcase classname="src/api/services/__tests__/invoices.service.test.ts" name="InvoicesService &gt; creates credit note for invoice" time="0.000537009">
        </testcase>
        <testcase classname="src/api/services/__tests__/invoices.service.test.ts" name="InvoicesService &gt; fetches payments by invoice" time="0.000567235">
        </testcase>
        <testcase classname="src/api/services/__tests__/invoices.service.test.ts" name="InvoicesService &gt; fetches credit notes by invoice" time="0.000509247">
        </testcase>
        <testcase classname="src/api/services/__tests__/invoices.service.test.ts" name="InvoicesService &gt; exports invoices to xlsx" time="0.001114662">
        </testcase>
        <testcase classname="src/api/services/__tests__/invoices.service.test.ts" name="InvoicesService &gt; exports invoices to pdf" time="0.000576292">
        </testcase>
        <testcase classname="src/api/services/__tests__/invoices.service.test.ts" name="InvoicesService &gt; propagates service errors" time="0.002774049">
        </testcase>
    </testsuite>
    <testsuite name="src/api/services/__tests__/leads.service.test.ts" timestamp="2026-05-02T06:33:40.393Z" hostname="runnervmeorf1" tests="4" failures="0" errors="0" skipped="0" time="0.010692737">
        <testcase classname="src/api/services/__tests__/leads.service.test.ts" name="LeadsService &gt; searchLeads should call the leads endpoint with query params" time="0.005683967">
        </testcase>
        <testcase classname="src/api/services/__tests__/leads.service.test.ts" name="LeadsService &gt; qualifyLead should POST to the qualify endpoint" time="0.000627666">
        </testcase>
        <testcase classname="src/api/services/__tests__/leads.service.test.ts" name="LeadsService &gt; createLead should POST to the leads base endpoint" time="0.000561213">
        </testcase>
        <testcase classname="src/api/services/__tests__/leads.service.test.ts" name="LeadsService &gt; updateLead should PUT to the lead by id endpoint" time="0.000535375">
        </testcase>
    </testsuite>
    <testsuite name="src/api/services/__tests__/orders.service.test.ts" timestamp="2026-05-02T06:33:40.394Z" hostname="runnervmeorf1" tests="10" failures="0" errors="0" skipped="0" time="0.012365747">
        <testcase classname="src/api/services/__tests__/orders.service.test.ts" name="OrdersService &gt; getOrders &gt; should fetch all orders" time="0.004154096">
        </testcase>
        <testcase classname="src/api/services/__tests__/orders.service.test.ts" name="OrdersService &gt; getOrderById &gt; should fetch order by ID" time="0.000589986">
        </testcase>
        <testcase classname="src/api/services/__tests__/orders.service.test.ts" name="OrdersService &gt; createOrder &gt; should create a new order" time="0.00095803">
        </testcase>
        <testcase classname="src/api/services/__tests__/orders.service.test.ts" name="OrdersService &gt; updateOrder &gt; should update an existing order" time="0.000367844">
        </testcase>
        <testcase classname="src/api/services/__tests__/orders.service.test.ts" name="OrdersService &gt; deleteOrder &gt; should delete an order" time="0.000338088">
        </testcase>
        <testcase classname="src/api/services/__tests__/orders.service.test.ts" name="OrdersService &gt; createOrderWithReservation &gt; should create order with reservation" time="0.000413478">
        </testcase>
        <testcase classname="src/api/services/__tests__/orders.service.test.ts" name="OrdersService &gt; fulfillOrder &gt; should fulfill an order" time="0.000463932">
        </testcase>
        <testcase classname="src/api/services/__tests__/orders.service.test.ts" name="OrdersService &gt; cancelOrder &gt; should cancel an order" time="0.000332628">
        </testcase>
        <testcase classname="src/api/services/__tests__/orders.service.test.ts" name="OrdersService &gt; exportToXlsx &gt; should export orders to xlsx" time="0.001061101">
        </testcase>
        <testcase classname="src/api/services/__tests__/orders.service.test.ts" name="OrdersService &gt; exportToPdf &gt; should export orders to pdf" time="0.000491353">
        </testcase>
    </testsuite>
    <testsuite name="src/api/services/__tests__/permissions.service.test.ts" timestamp="2026-05-02T06:33:40.397Z" hostname="runnervmeorf1" tests="10" failures="0" errors="0" skipped="0" time="0.012616894">
        <testcase classname="src/api/services/__tests__/permissions.service.test.ts" name="PermissionsService &gt; getPermissions &gt; should fetch all permissions" time="0.00450102">
        </testcase>
        <testcase classname="src/api/services/__tests__/permissions.service.test.ts" name="PermissionsService &gt; getPermissionsPaginated &gt; should fetch paginated permissions" time="0.001320376">
        </testcase>
        <testcase classname="src/api/services/__tests__/permissions.service.test.ts" name="PermissionsService &gt; getPermissionsPaginated &gt; should fetch paginated permissions without params" time="0.000364188">
        </testcase>
        <testcase classname="src/api/services/__tests__/permissions.service.test.ts" name="PermissionsService &gt; searchPermissions &gt; should search permissions with query spec" time="0.000523523">
        </testcase>
        <testcase classname="src/api/services/__tests__/permissions.service.test.ts" name="PermissionsService &gt; getPermissionById &gt; should fetch permission by ID" time="0.00041417">
        </testcase>
        <testcase classname="src/api/services/__tests__/permissions.service.test.ts" name="PermissionsService &gt; getPermissionByModuleAction &gt; should fetch permission by module and action" time="0.000546476">
        </testcase>
        <testcase classname="src/api/services/__tests__/permissions.service.test.ts" name="PermissionsService &gt; checkPermission &gt; should check permission and return boolean" time="0.000587803">
        </testcase>
        <testcase classname="src/api/services/__tests__/permissions.service.test.ts" name="PermissionsService &gt; createPermission &gt; should create a new permission" time="0.000529865">
        </testcase>
        <testcase classname="src/api/services/__tests__/permissions.service.test.ts" name="PermissionsService &gt; updatePermission &gt; should update an existing permission" time="0.000371982">
        </testcase>
        <testcase classname="src/api/services/__tests__/permissions.service.test.ts" name="PermissionsService &gt; deletePermission &gt; should delete a permission" time="0.000324624">
        </testcase>
    </testsuite>
    <testsuite name="src/api/services/__tests__/products.service.test.ts" timestamp="2026-05-02T06:33:40.398Z" hostname="runnervmeorf1" tests="12" failures="0" errors="0" skipped="0" time="0.01802156">
        <testcase classname="src/api/services/__tests__/products.service.test.ts" name="ProductsService &gt; getProducts &gt; should fetch all products" time="0.004917785">
        </testcase>
        <testcase classname="src/api/services/__tests__/products.service.test.ts" name="ProductsService &gt; getProductBySku &gt; should fetch product by SKU" time="0.00065078">
        </testcase>
        <testcase classname="src/api/services/__tests__/products.service.test.ts" name="ProductsService &gt; getLowStockProducts &gt; should fetch low stock products" time="0.000469433">
        </testcase>
        <testcase classname="src/api/services/__tests__/products.service.test.ts" name="ProductsService &gt; getProductById &gt; should fetch product by ID" time="0.000437093">
        </testcase>
        <testcase classname="src/api/services/__tests__/products.service.test.ts" name="ProductsService &gt; getProductsPaginated &gt; should fetch products with pagination" time="0.00135509">
        </testcase>
        <testcase classname="src/api/services/__tests__/products.service.test.ts" name="ProductsService &gt; getProductsPaginated &gt; should use default page and pageSize when not provided" time="0.000388322">
        </testcase>
        <testcase classname="src/api/services/__tests__/products.service.test.ts" name="ProductsService &gt; searchProducts &gt; should search products with query spec" time="0.000561084">
        </testcase>
        <testcase classname="src/api/services/__tests__/products.service.test.ts" name="ProductsService &gt; createProduct &gt; should create a new product" time="0.001032025">
        </testcase>
        <testcase classname="src/api/services/__tests__/products.service.test.ts" name="ProductsService &gt; updateProduct &gt; should update an existing product" time="0.000421174">
        </testcase>
        <testcase classname="src/api/services/__tests__/products.service.test.ts" name="ProductsService &gt; deleteProduct &gt; should delete a product" time="0.002472899">
        </testcase>
        <testcase classname="src/api/services/__tests__/products.service.test.ts" name="ProductsService &gt; exportToXlsx &gt; should export products to XLSX" time="0.001030166">
        </testcase>
        <testcase classname="src/api/services/__tests__/products.service.test.ts" name="ProductsService &gt; exportToPdf &gt; should export products to PDF" time="0.000467029">
        </testcase>
    </testsuite>
    <testsuite name="src/api/services/__tests__/purchase-orders.service.test.ts" timestamp="2026-05-02T06:33:40.401Z" hostname="runnervmeorf1" tests="13" failures="0" errors="0" skipped="0" time="0.013084524">
        <testcase classname="src/api/services/__tests__/purchase-orders.service.test.ts" name="PurchaseOrdersService &gt; getPurchaseOrders &gt; should fetch all purchase orders" time="0.003254402">
        </testcase>
        <testcase classname="src/api/services/__tests__/purchase-orders.service.test.ts" name="PurchaseOrdersService &gt; getPurchaseOrderById &gt; should fetch purchase order by ID" time="0.00048363">
        </testcase>
        <testcase classname="src/api/services/__tests__/purchase-orders.service.test.ts" name="PurchaseOrdersService &gt; searchPurchaseOrders &gt; should search purchase orders with query spec" time="0.001163133">
        </testcase>
        <testcase classname="src/api/services/__tests__/purchase-orders.service.test.ts" name="PurchaseOrdersService &gt; getPurchaseOrdersBySupplier &gt; should fetch purchase orders by supplier ID" time="0.000420732">
        </testcase>
        <testcase classname="src/api/services/__tests__/purchase-orders.service.test.ts" name="PurchaseOrdersService &gt; getPurchaseOrdersByStatus &gt; should fetch purchase orders by status" time="0.00045167">
        </testcase>
        <testcase classname="src/api/services/__tests__/purchase-orders.service.test.ts" name="PurchaseOrdersService &gt; createPurchaseOrder &gt; should create a new purchase order" time="0.000562196">
        </testcase>
        <testcase classname="src/api/services/__tests__/purchase-orders.service.test.ts" name="PurchaseOrdersService &gt; updatePurchaseOrder &gt; should update a purchase order" time="0.000466768">
        </testcase>
        <testcase classname="src/api/services/__tests__/purchase-orders.service.test.ts" name="PurchaseOrdersService &gt; updatePurchaseOrderStatus &gt; should update purchase order status" time="0.000410283">
        </testcase>
        <testcase classname="src/api/services/__tests__/purchase-orders.service.test.ts" name="PurchaseOrdersService &gt; deletePurchaseOrder &gt; should delete a purchase order" time="0.00033862">
        </testcase>
        <testcase classname="src/api/services/__tests__/purchase-orders.service.test.ts" name="PurchaseOrdersService &gt; approvePurchaseOrder &gt; should approve a purchase order" time="0.000563148">
        </testcase>
        <testcase classname="src/api/services/__tests__/purchase-orders.service.test.ts" name="PurchaseOrdersService &gt; receivePurchaseOrder &gt; should receive a purchase order" time="0.000561695">
        </testcase>
        <testcase classname="src/api/services/__tests__/purchase-orders.service.test.ts" name="PurchaseOrdersService &gt; exportToXlsx &gt; should export purchase orders to XLSX" time="0.001192117">
        </testcase>
        <testcase classname="src/api/services/__tests__/purchase-orders.service.test.ts" name="PurchaseOrdersService &gt; exportToPdf &gt; should export purchase orders to PDF" time="0.00054304">
        </testcase>
    </testsuite>
    <testsuite name="src/api/services/__tests__/roles.service.test.ts" timestamp="2026-05-02T06:33:40.403Z" hostname="runnervmeorf1" tests="14" failures="0" errors="0" skipped="0" time="0.018314239">
        <testcase classname="src/api/services/__tests__/roles.service.test.ts" name="RolesService &gt; getRoles &gt; should fetch all roles" time="0.00407603">
        </testcase>
        <testcase classname="src/api/services/__tests__/roles.service.test.ts" name="RolesService &gt; getRolesPaginated &gt; should fetch paginated roles" time="0.001284889">
        </testcase>
        <testcase classname="src/api/services/__tests__/roles.service.test.ts" name="RolesService &gt; searchRoles &gt; should search roles with query spec" time="0.000479171">
        </testcase>
        <testcase classname="src/api/services/__tests__/roles.service.test.ts" name="RolesService &gt; getRoleById &gt; should fetch role by ID" time="0.000436251">
        </testcase>
        <testcase classname="src/api/services/__tests__/roles.service.test.ts" name="RolesService &gt; getRoleByName &gt; should fetch role by name" time="0.000407498">
        </testcase>
        <testcase classname="src/api/services/__tests__/roles.service.test.ts" name="RolesService &gt; createRole &gt; should create a new role" time="0.000474322">
        </testcase>
        <testcase classname="src/api/services/__tests__/roles.service.test.ts" name="RolesService &gt; updateRole &gt; should update an existing role" time="0.000327899">
        </testcase>
        <testcase classname="src/api/services/__tests__/roles.service.test.ts" name="RolesService &gt; deleteRole &gt; should delete a role" time="0.000278358">
        </testcase>
        <testcase classname="src/api/services/__tests__/roles.service.test.ts" name="RolesService &gt; getUsersInRole &gt; should get users in a role" time="0.000409121">
        </testcase>
        <testcase classname="src/api/services/__tests__/roles.service.test.ts" name="RolesService &gt; addPermissionToRole &gt; should add permission to a role" time="0.000333">
        </testcase>
        <testcase classname="src/api/services/__tests__/roles.service.test.ts" name="RolesService &gt; removePermissionFromRole &gt; should remove permission from a role" time="0.004748501">
            <system-out>
[RolesService] Removing permission: {
  roleId: [32m&apos;1&apos;[39m,
  permissionId: [32m&apos;perm1&apos;[39m,
  endpoint: [32m&apos;/auth/api/roles/1/permissions/perm1&apos;[39m
}

            </system-out>
        </testcase>
        <testcase classname="src/api/services/__tests__/roles.service.test.ts" name="RolesService &gt; getRolePermissions &gt; should get permissions for a role" time="0.000383423">
        </testcase>
        <testcase classname="src/api/services/__tests__/roles.service.test.ts" name="RolesService &gt; exportToXlsx &gt; should export roles to XLSX" time="0.000979702">
        </testcase>
        <testcase classname="src/api/services/__tests__/roles.service.test.ts" name="RolesService &gt; exportToPdf &gt; should export roles to PDF" time="0.000587773">
        </testcase>
    </testsuite>
    <testsuite name="src/api/services/__tests__/sales-orders.service.test.ts" timestamp="2026-05-02T06:33:40.406Z" hostname="runnervmeorf1" tests="11" failures="0" errors="0" skipped="0" time="0.014223997">
        <testcase classname="src/api/services/__tests__/sales-orders.service.test.ts" name="SalesOrdersService &gt; getSalesOrders &gt; should fetch all sales orders" time="0.004179498">
        </testcase>
        <testcase classname="src/api/services/__tests__/sales-orders.service.test.ts" name="SalesOrdersService &gt; createSalesOrder &gt; should create a new sales order" time="0.001498822">
        </testcase>
        <testcase classname="src/api/services/__tests__/sales-orders.service.test.ts" name="SalesOrdersService &gt; createQuote &gt; should create a quote" time="0.000513149">
        </testcase>
        <testcase classname="src/api/services/__tests__/sales-orders.service.test.ts" name="SalesOrdersService &gt; confirmQuote &gt; should confirm a quote" time="0.000516755">
        </testcase>
        <testcase classname="src/api/services/__tests__/sales-orders.service.test.ts" name="SalesOrdersService &gt; checkStockAvailability &gt; should check stock availability for order lines" time="0.000456634">
        </testcase>
        <testcase classname="src/api/services/__tests__/sales-orders.service.test.ts" name="SalesOrdersService &gt; searchSalesOrders &gt; should search sales orders with query spec" time="0.000768661">
        </testcase>
        <testcase classname="src/api/services/__tests__/sales-orders.service.test.ts" name="SalesOrdersService &gt; getSalesOrderById &gt; should fetch sales order by ID" time="0.000417742">
        </testcase>
        <testcase classname="src/api/services/__tests__/sales-orders.service.test.ts" name="SalesOrdersService &gt; updateSalesOrder &gt; should update a sales order" time="0.000494384">
        </testcase>
        <testcase classname="src/api/services/__tests__/sales-orders.service.test.ts" name="SalesOrdersService &gt; deleteSalesOrder &gt; should delete a sales order" time="0.000343615">
        </testcase>
        <testcase classname="src/api/services/__tests__/sales-orders.service.test.ts" name="SalesOrdersService &gt; exportToXlsx &gt; should export sales orders to xlsx" time="0.000946861">
        </testcase>
        <testcase classname="src/api/services/__tests__/sales-orders.service.test.ts" name="SalesOrdersService &gt; exportToPdf &gt; should export sales orders to pdf" time="0.000499894">
        </testcase>
    </testsuite>
    <testsuite name="src/api/services/__tests__/stock-operations.service.test.ts" timestamp="2026-05-02T06:33:40.408Z" hostname="runnervmeorf1" tests="4" failures="0" errors="0" skipped="0" time="0.01455775">
        <testcase classname="src/api/services/__tests__/stock-operations.service.test.ts" name="StockOperationsService &gt; reserveStock &gt; should reserve stock" time="0.005116206">
        </testcase>
        <testcase classname="src/api/services/__tests__/stock-operations.service.test.ts" name="StockOperationsService &gt; releaseReservation &gt; should release a reservation" time="0.000411956">
        </testcase>
        <testcase classname="src/api/services/__tests__/stock-operations.service.test.ts" name="StockOperationsService &gt; transferStock &gt; should transfer stock between warehouses" time="0.00043595">
        </testcase>
        <testcase classname="src/api/services/__tests__/stock-operations.service.test.ts" name="StockOperationsService &gt; adjustStock &gt; should adjust stock" time="0.005429629">
        </testcase>
    </testsuite>
    <testsuite name="src/api/services/__tests__/suppliers.service.test.ts" timestamp="2026-05-02T06:33:40.410Z" hostname="runnervmeorf1" tests="8" failures="0" errors="0" skipped="0" time="0.008109081">
        <testcase classname="src/api/services/__tests__/suppliers.service.test.ts" name="SuppliersService &gt; getSuppliers &gt; should fetch all suppliers" time="0.003113413">
        </testcase>
        <testcase classname="src/api/services/__tests__/suppliers.service.test.ts" name="SuppliersService &gt; getSupplierById &gt; should fetch supplier by ID" time="0.000438284">
        </testcase>
        <testcase classname="src/api/services/__tests__/suppliers.service.test.ts" name="SuppliersService &gt; getSupplierByEmail &gt; should fetch supplier by email" time="0.000298715">
        </testcase>
        <testcase classname="src/api/services/__tests__/suppliers.service.test.ts" name="SuppliersService &gt; searchSuppliersByName &gt; should search suppliers by name" time="0.00031773">
        </testcase>
        <testcase classname="src/api/services/__tests__/suppliers.service.test.ts" name="SuppliersService &gt; advancedSearchSuppliers &gt; should advanced search suppliers with query spec" time="0.000808201">
        </testcase>
        <testcase classname="src/api/services/__tests__/suppliers.service.test.ts" name="SuppliersService &gt; createSupplier &gt; should create a new supplier" time="0.000345512">
        </testcase>
        <testcase classname="src/api/services/__tests__/suppliers.service.test.ts" name="SuppliersService &gt; updateSupplier &gt; should update an existing supplier" time="0.000288947">
        </testcase>
        <testcase classname="src/api/services/__tests__/suppliers.service.test.ts" name="SuppliersService &gt; deleteSupplier &gt; should delete a supplier" time="0.000217645">
        </testcase>
    </testsuite>
    <testsuite name="src/api/services/__tests__/users.service.test.ts" timestamp="2026-05-02T06:33:40.411Z" hostname="runnervmeorf1" tests="13" failures="0" errors="0" skipped="0" time="0.009970152">
        <testcase classname="src/api/services/__tests__/users.service.test.ts" name="UsersService &gt; getUsers &gt; should fetch all users" time="0.003174293">
        </testcase>
        <testcase classname="src/api/services/__tests__/users.service.test.ts" name="UsersService &gt; getUsersPaginated &gt; should fetch paginated users" time="0.001240316">
        </testcase>
        <testcase classname="src/api/services/__tests__/users.service.test.ts" name="UsersService &gt; getUsersPaginated &gt; should fetch paginated users without params" time="0.000285021">
        </testcase>
        <testcase classname="src/api/services/__tests__/users.service.test.ts" name="UsersService &gt; searchUsers &gt; should search users with query spec" time="0.000336195">
        </testcase>
        <testcase classname="src/api/services/__tests__/users.service.test.ts" name="UsersService &gt; getUserById &gt; should fetch user by ID" time="0.000292013">
        </testcase>
        <testcase classname="src/api/services/__tests__/users.service.test.ts" name="UsersService &gt; getUserByEmail &gt; should fetch user by email" time="0.000302122">
        </testcase>
        <testcase classname="src/api/services/__tests__/users.service.test.ts" name="UsersService &gt; getCurrentUser &gt; should get current user" time="0.000257709">
        </testcase>
        <testcase classname="src/api/services/__tests__/users.service.test.ts" name="UsersService &gt; createUser &gt; should create a new user" time="0.000357164">
        </testcase>
        <testcase classname="src/api/services/__tests__/users.service.test.ts" name="UsersService &gt; updateUser &gt; should update an existing user" time="0.000254534">
        </testcase>
        <testcase classname="src/api/services/__tests__/users.service.test.ts" name="UsersService &gt; deleteUser &gt; should delete a user" time="0.000233695">
        </testcase>
        <testcase classname="src/api/services/__tests__/users.service.test.ts" name="UsersService &gt; assignRole &gt; should assign a role to a user" time="0.000254062">
        </testcase>
        <testcase classname="src/api/services/__tests__/users.service.test.ts" name="UsersService &gt; removeRole &gt; should remove a role from a user" time="0.00021482">
        </testcase>
        <testcase classname="src/api/services/__tests__/users.service.test.ts" name="UsersService &gt; getUserRoles &gt; should get roles for a user" time="0.00026905">
        </testcase>
    </testsuite>
    <testsuite name="src/api/services/__tests__/warehouse-stocks.service.test.ts" timestamp="2026-05-02T06:33:40.414Z" hostname="runnervmeorf1" tests="7" failures="0" errors="0" skipped="0" time="0.009539346">
        <testcase classname="src/api/services/__tests__/warehouse-stocks.service.test.ts" name="WarehouseStocksService &gt; getStockByProductAndWarehouse &gt; should fetch stock by product and warehouse" time="0.003245885">
        </testcase>
        <testcase classname="src/api/services/__tests__/warehouse-stocks.service.test.ts" name="WarehouseStocksService &gt; getStocksByProduct &gt; should fetch stocks by product ID" time="0.000457932">
        </testcase>
        <testcase classname="src/api/services/__tests__/warehouse-stocks.service.test.ts" name="WarehouseStocksService &gt; getStocksByWarehouse &gt; should fetch stocks by warehouse ID" time="0.000345272">
        </testcase>
        <testcase classname="src/api/services/__tests__/warehouse-stocks.service.test.ts" name="WarehouseStocksService &gt; getProductAvailability &gt; should fetch product availability" time="0.000348117">
        </testcase>
        <testcase classname="src/api/services/__tests__/warehouse-stocks.service.test.ts" name="WarehouseStocksService &gt; getLowStocks &gt; should fetch low stock items" time="0.000296241">
        </testcase>
[...]
        </testcase>
    </testsuite>
    <testsuite name="src/pages/roles/__tests__/roles-list.test.tsx" timestamp="2026-05-02T06:33:40.540Z" hostname="runnervmeorf1" tests="2" failures="0" errors="0" skipped="0" time="0.159923924">
        <testcase classname="src/pages/roles/__tests__/roles-list.test.tsx" name="RolesListPage &gt; renders roles list" time="0.132565441">
            <system-err>
⚠️ React Router Future Flag Warning: React Router will begin wrapping state updates in `React.startTransition` in v7. You can use the `v7_startTransition` future flag to opt-in early. For more information, see https://reactrouter.com/v6/upgrading/future#v7_starttransition.
⚠️ React Router Future Flag Warning: Relative route resolution within Splat routes is changing in v7. You can use the `v7_relativeSplatPath` future flag to opt-in early. For more information, see https://reactrouter.com/v6/upgrading/future#v7_relativesplatpath.

            </system-err>
        </testcase>
        <testcase classname="src/pages/roles/__tests__/roles-list.test.tsx" name="RolesListPage &gt; renders without crashing" time="0.02395747">
        </testcase>
    </testsuite>
    <testsuite name="src/pages/roles/__tests__/roles.columns.test.tsx" timestamp="2026-05-02T06:33:40.541Z" hostname="runnervmeorf1" tests="8" failures="0" errors="0" skipped="0" time="0.13646689">
        <testcase classname="src/pages/roles/__tests__/roles.columns.test.tsx" name="Roles Columns &gt; should define all required columns" time="0.00279687">
        </testcase>
        <testcase classname="src/pages/roles/__tests__/roles.columns.test.tsx" name="Roles Columns &gt; should have name column with link" time="0.035068461">
            <system-err>
⚠️ React Router Future Flag Warning: React Router will begin wrapping state updates in `React.startTransition` in v7. You can use the `v7_startTransition` future flag to opt-in early. For more information, see https://reactrouter.com/v6/upgrading/future#v7_starttransition.
⚠️ React Router Future Flag Warning: Relative route resolution within Splat routes is changing in v7. You can use the `v7_relativeSplatPath` future flag to opt-in early. For more information, see https://reactrouter.com/v6/upgrading/future#v7_relativesplatpath.

            </system-err>
        </testcase>
        <testcase classname="src/pages/roles/__tests__/roles.columns.test.tsx" name="Roles Columns &gt; should have description column with dash fallback" time="0.003760001">
        </testcase>
        <testcase classname="src/pages/roles/__tests__/roles.columns.test.tsx" name="Roles Columns &gt; should have permissions column with badge count" time="0.018103669">
        </testcase>
        <testcase classname="src/pages/roles/__tests__/roles.columns.test.tsx" name="Roles Columns &gt; should have actions column with Edit and Delete" time="0.058292291">
        </testcase>
        <testcase classname="src/pages/roles/__tests__/roles.columns.test.tsx" name="Roles Columns &gt; should show Manage Permissions when canManagePermissions is true" time="0.005987342">
        </testcase>
        <testcase classname="src/pages/roles/__tests__/roles.columns.test.tsx" name="Roles Columns &gt; should hide Edit when canEdit is false" time="0.004937299">
        </testcase>
        <testcase classname="src/pages/roles/__tests__/roles.columns.test.tsx" name="Roles Columns &gt; should hide Delete when canDelete is false" time="0.003917744">
        </testcase>
    </testsuite>
    <testsuite name="src/pages/sales/__tests__/customer-detail.test.tsx" timestamp="2026-05-02T06:33:40.543Z" hostname="runnervmeorf1" tests="6" failures="0" errors="0" skipped="0" time="0.177868945">
        <testcase classname="src/pages/sales/__tests__/customer-detail.test.tsx" name="CustomerDetailPage &gt; should render loading state initially" time="0.061780765">
            <system-err>
⚠️ React Router Future Flag Warning: React Router will begin wrapping state updates in `React.startTransition` in v7. You can use the `v7_startTransition` future flag to opt-in early. For more information, see https://reactrouter.com/v6/upgrading/future#v7_starttransition.
⚠️ React Router Future Flag Warning: Relative route resolution within Splat routes is changing in v7. You can use the `v7_relativeSplatPath` future flag to opt-in early. For more information, see https://reactrouter.com/v6/upgrading/future#v7_relativesplatpath.

            </system-err>
        </testcase>
        <testcase classname="src/pages/sales/__tests__/customer-detail.test.tsx" name="CustomerDetailPage &gt; should display customer details after loading" time="0.053788023">
        </testcase>
        <testcase classname="src/pages/sales/__tests__/customer-detail.test.tsx" name="CustomerDetailPage &gt; should display customer without optional fields" time="0.012157009">
        </testcase>
        <testcase classname="src/pages/sales/__tests__/customer-detail.test.tsx" name="CustomerDetailPage &gt; should handle error when customer not found" time="0.009244412">
        </testcase>
        <testcase classname="src/pages/sales/__tests__/customer-detail.test.tsx" name="CustomerDetailPage &gt; should have back to customers link" time="0.027202117">
        </testcase>
        <testcase classname="src/pages/sales/__tests__/customer-detail.test.tsx" name="CustomerDetailPage &gt; should display updatedAt when present" time="0.010694561">
        </testcase>
    </testsuite>
    <testsuite name="src/pages/sales/__tests__/customers-list.test.tsx" timestamp="2026-05-02T06:33:40.544Z" hostname="runnervmeorf1" tests="2" failures="0" errors="0" skipped="0" time="0.126921766">
        <testcase classname="src/pages/sales/__tests__/customers-list.test.tsx" name="CustomersListPage &gt; renders customers list" time="0.104410886">
            <system-err>
⚠️ React Router Future Flag Warning: React Router will begin wrapping state updates in `React.startTransition` in v7. You can use the `v7_startTransition` future flag to opt-in early. For more information, see https://reactrouter.com/v6/upgrading/future#v7_starttransition.
⚠️ React Router Future Flag Warning: Relative route resolution within Splat routes is changing in v7. You can use the `v7_relativeSplatPath` future flag to opt-in early. For more information, see https://reactrouter.com/v6/upgrading/future#v7_relativesplatpath.

            </system-err>
        </testcase>
        <testcase classname="src/pages/sales/__tests__/customers-list.test.tsx" name="CustomersListPage &gt; renders without crashing" time="0.019626338">
        </testcase>
    </testsuite>
    <testsuite name="src/pages/sales/__tests__/customers.columns.test.tsx" timestamp="2026-05-02T06:33:40.545Z" hostname="runnervmeorf1" tests="5" failures="0" errors="0" skipped="0" time="0.079417958">
        <testcase classname="src/pages/sales/__tests__/customers.columns.test.tsx" name="Customers Columns &gt; should define all required columns" time="0.002361341">
        </testcase>
        <testcase classname="src/pages/sales/__tests__/customers.columns.test.tsx" name="Customers Columns &gt; should have name column" time="0.000357615">
        </testcase>
        <testcase classname="src/pages/sales/__tests__/customers.columns.test.tsx" name="Customers Columns &gt; should have email column showing email or dash" time="0.028129978">
            <system-err>
⚠️ React Router Future Flag Warning: React Router will begin wrapping state updates in `React.startTransition` in v7. You can use the `v7_startTransition` future flag to opt-in early. For more information, see https://reactrouter.com/v6/upgrading/future#v7_starttransition.
⚠️ React Router Future Flag Warning: Relative route resolution within Splat routes is changing in v7. You can use the `v7_relativeSplatPath` future flag to opt-in early. For more information, see https://reactrouter.com/v6/upgrading/future#v7_relativesplatpath.

            </system-err>
        </testcase>
        <testcase classname="src/pages/sales/__tests__/customers.columns.test.tsx" name="Customers Columns &gt; should have phone column showing phone or dash" time="0.002166699">
        </testcase>
        <testcase classname="src/pages/sales/__tests__/customers.columns.test.tsx" name="Customers Columns &gt; should have actions column with view link" time="0.043064028">
        </testcase>
    </testsuite>
    <testsuite name="src/pages/sales/__tests__/sales-order-detail.test.tsx" timestamp="2026-05-02T06:33:40.546Z" hostname="runnervmeorf1" tests="3" failures="0" errors="0" skipped="0" time="0.157928143">
        <testcase classname="src/pages/sales/__tests__/sales-order-detail.test.tsx" name="SalesOrderDetailPage &gt; should render loading state initially" time="0.050397957">
            <system-err>
⚠️ React Router Future Flag Warning: React Router will begin wrapping state updates in `React.startTransition` in v7. You can use the `v7_startTransition` future flag to opt-in early. For more information, see https://reactrouter.com/v6/upgrading/future#v7_starttransition.
⚠️ React Router Future Flag Warning: Relative route resolution within Splat routes is changing in v7. You can use the `v7_relativeSplatPath` future flag to opt-in early. For more information, see https://reactrouter.com/v6/upgrading/future#v7_relativesplatpath.

            </system-err>
        </testcase>
        <testcase classname="src/pages/sales/__tests__/sales-order-detail.test.tsx" name="SalesOrderDetailPage &gt; should display sales order details after loading" time="0.093194406">
        </testcase>
        <testcase classname="src/pages/sales/__tests__/sales-order-detail.test.tsx" name="SalesOrderDetailPage &gt; should handle error when sales order not found" time="0.007160592">
        </testcase>
    </testsuite>
    <testsuite name="src/pages/sales/__tests__/sales-orders-list.test.tsx" timestamp="2026-05-02T06:33:40.547Z" hostname="runnervmeorf1" tests="2" failures="0" errors="0" skipped="0" time="0.147891224">
        <testcase classname="src/pages/sales/__tests__/sales-orders-list.test.tsx" name="SalesOrdersListPage &gt; renders sales orders list" time="0.120411585">
            <system-err>
⚠️ React Router Future Flag Warning: React Router will begin wrapping state updates in `React.startTransition` in v7. You can use the `v7_startTransition` future flag to opt-in early. For more information, see https://reactrouter.com/v6/upgrading/future#v7_starttransition.
⚠️ React Router Future Flag Warning: Relative route resolution within Splat routes is changing in v7. You can use the `v7_relativeSplatPath` future flag to opt-in early. For more information, see https://reactrouter.com/v6/upgrading/future#v7_relativesplatpath.

            </system-err>
        </testcase>
        <testcase classname="src/pages/sales/__tests__/sales-orders-list.test.tsx" name="SalesOrdersListPage &gt; renders without crashing" time="0.024244674">
        </testcase>
    </testsuite>
    <testsuite name="src/pages/sales/__tests__/sales-orders.columns.test.tsx" timestamp="2026-05-02T06:33:40.548Z" hostname="runnervmeorf1" tests="5" failures="0" errors="0" skipped="0" time="0.012611056">
        <testcase classname="src/pages/sales/__tests__/sales-orders.columns.test.tsx" name="Sales Orders Columns &gt; should define all required columns" time="0.005539579">
        </testcase>
        <testcase classname="src/pages/sales/__tests__/sales-orders.columns.test.tsx" name="Sales Orders Columns &gt; should have customer column" time="0.000305899">
        </testcase>
        <testcase classname="src/pages/sales/__tests__/sales-orders.columns.test.tsx" name="Sales Orders Columns &gt; should have status column" time="0.000245967">
        </testcase>
        <testcase classname="src/pages/sales/__tests__/sales-orders.columns.test.tsx" name="Sales Orders Columns &gt; should have actions column" time="0.002640949">
        </testcase>
        <testcase classname="src/pages/sales/__tests__/sales-orders.columns.test.tsx" name="Sales Orders Columns &gt; should return correct status badge" time="0.000958292">
        </testcase>
    </testsuite>
    <testsuite name="src/pages/users/__tests__/user-detail.test.tsx" timestamp="2026-05-02T06:33:40.549Z" hostname="runnervmeorf1" tests="3" failures="0" errors="0" skipped="0" time="0.170560065">
        <testcase classname="src/pages/users/__tests__/user-detail.test.tsx" name="UserDetailPage &gt; should render loading state initially" time="0.036104957">
            <system-err>
⚠️ React Router Future Flag Warning: React Router will begin wrapping state updates in `React.startTransition` in v7. You can use the `v7_startTransition` future flag to opt-in early. For more information, see https://reactrouter.com/v6/upgrading/future#v7_starttransition.
⚠️ React Router Future Flag Warning: Relative route resolution within Splat routes is changing in v7. You can use the `v7_relativeSplatPath` future flag to opt-in early. For more information, see https://reactrouter.com/v6/upgrading/future#v7_relativesplatpath.

            </system-err>
        </testcase>
        <testcase classname="src/pages/users/__tests__/user-detail.test.tsx" name="UserDetailPage &gt; should display user details after loading" time="0.110924372">
        </testcase>
        <testcase classname="src/pages/users/__tests__/user-detail.test.tsx" name="UserDetailPage &gt; should handle error when user not found" time="0.020917245">
        </testcase>
    </testsuite>
    <testsuite name="src/pages/users/__tests__/users-list.test.tsx" timestamp="2026-05-02T06:33:40.550Z" hostname="runnervmeorf1" tests="5" failures="0" errors="0" skipped="0" time="0.434943075">
        <testcase classname="src/pages/users/__tests__/users-list.test.tsx" name="UsersListPage &gt; should render users list correctly" time="0.171414629">
            <system-err>
⚠️ React Router Future Flag Warning: React Router will begin wrapping state updates in `React.startTransition` in v7. You can use the `v7_startTransition` future flag to opt-in early. For more information, see https://reactrouter.com/v6/upgrading/future#v7_starttransition.
⚠️ React Router Future Flag Warning: Relative route resolution within Splat routes is changing in v7. You can use the `v7_relativeSplatPath` future flag to opt-in early. For more information, see https://reactrouter.com/v6/upgrading/future#v7_relativesplatpath.

            </system-err>
        </testcase>
        <testcase classname="src/pages/users/__tests__/users-list.test.tsx" name="UsersListPage &gt; should handle empty state" time="0.017829234">
        </testcase>
        <testcase classname="src/pages/users/__tests__/users-list.test.tsx" name="UsersListPage &gt; should open create dialog when add button is clicked" time="0.079865426">
        </testcase>
        <testcase classname="src/pages/users/__tests__/users-list.test.tsx" name="UsersListPage &gt; should open edit dialog when edit button is clicked" time="0.07668819">
        </testcase>
        <testcase classname="src/pages/users/__tests__/users-list.test.tsx" name="UsersListPage &gt; should open delete dialog when delete button is clicked" time="0.083926573">
        </testcase>
    </testsuite>
    <testsuite name="src/pages/users/__tests__/users.columns.test.tsx" timestamp="2026-05-02T06:33:40.551Z" hostname="runnervmeorf1" tests="8" failures="0" errors="0" skipped="0" time="0.007748695">
        <testcase classname="src/pages/users/__tests__/users.columns.test.tsx" name="Users Columns &gt; should define all required columns" time="0.002458921">
        </testcase>
        <testcase classname="src/pages/users/__tests__/users.columns.test.tsx" name="Users Columns &gt; should have username column" time="0.000395785">
        </testcase>
        <testcase classname="src/pages/users/__tests__/users.columns.test.tsx" name="Users Columns &gt; should have email column" time="0.000304987">
        </testcase>
        <testcase classname="src/pages/users/__tests__/users.columns.test.tsx" name="Users Columns &gt; should have roles column" time="0.000315114">
        </testcase>
        <testcase classname="src/pages/users/__tests__/users.columns.test.tsx" name="Users Columns &gt; should have status column" time="0.000241509">
        </testcase>
        <testcase classname="src/pages/users/__tests__/users.columns.test.tsx" name="Users Columns &gt; should have actions column" time="0.000217184">
        </testcase>
        <testcase classname="src/pages/users/__tests__/users.columns.test.tsx" name="Users Columns &gt; should call onEdit when edit button is clicked" time="0.000206735">
        </testcase>
        <testcase classname="src/pages/users/__tests__/users.columns.test.tsx" name="Users Columns &gt; should call onDelete when delete button is clicked" time="0.000222113">
        </testcase>
    </testsuite>
    <testsuite name="src/components/inventory/stock-ops/__tests__/adjust-stock-form.test.tsx" timestamp="2026-05-02T06:33:40.553Z" hostname="runnervmeorf1" tests="5" failures="0" errors="0" skipped="0" time="0.171071189">
        <testcase classname="src/components/inventory/stock-ops/__tests__/adjust-stock-form.test.tsx" name="AdjustStockForm &gt; renders form with all fields" time="0.061994151">
        </testcase>
        <testcase classname="src/components/inventory/stock-ops/__tests__/adjust-stock-form.test.tsx" name="AdjustStockForm &gt; renders product options" time="0.015396558">
        </testcase>
        <testcase classname="src/components/inventory/stock-ops/__tests__/adjust-stock-form.test.tsx" name="AdjustStockForm &gt; renders warehouse options" time="0.028138685">
        </testcase>
        <testcase classname="src/components/inventory/stock-ops/__tests__/adjust-stock-form.test.tsx" name="AdjustStockForm &gt; handles form submission" time="0.052038695">
        </testcase>
        <testcase classname="src/components/inventory/stock-ops/__tests__/adjust-stock-form.test.tsx" name="AdjustStockForm &gt; renders with empty arrays" time="0.010396277">
        </testcase>
    </testsuite>
    <testsuite name="src/components/inventory/stock-ops/__tests__/release-reservation-form.test.tsx" timestamp="2026-05-02T06:33:40.554Z" hostname="runnervmeorf1" tests="1" failures="0" errors="0" skipped="0" time="0.042383805">
        <testcase classname="src/components/inventory/stock-ops/__tests__/release-reservation-form.test.tsx" name="ReleaseReservationForm &gt; renders form with all fields" time="0.039502409">
        </testcase>
    </testsuite>
    <testsuite name="src/components/inventory/stock-ops/__tests__/reserve-stock-form.test.tsx" timestamp="2026-05-02T06:33:40.554Z" hostname="runnervmeorf1" tests="1" failures="0" errors="0" skipped="0" time="0.058487389">
        <testcase classname="src/components/inventory/stock-ops/__tests__/reserve-stock-form.test.tsx" name="ReserveStockForm &gt; renders form with all fields" time="0.055441035">
        </testcase>
    </testsuite>
    <testsuite name="src/components/inventory/stock-ops/__tests__/transfer-stock-form.test.tsx" timestamp="2026-05-02T06:33:40.555Z" hostname="runnervmeorf1" tests="3" failures="0" errors="0" skipped="0" time="0.103436558">
        <testcase classname="src/components/inventory/stock-ops/__tests__/transfer-stock-form.test.tsx" name="TransferStockForm &gt; renders form with all fields" time="0.06455092">
        </testcase>
        <testcase classname="src/components/inventory/stock-ops/__tests__/transfer-stock-form.test.tsx" name="TransferStockForm &gt; renders product and warehouse options" time="0.009170528">
        </testcase>
        <testcase classname="src/components/inventory/stock-ops/__tests__/transfer-stock-form.test.tsx" name="TransferStockForm &gt; handles form submission" time="0.02679417">
        </testcase>
    </testsuite>
</testsuites>
